Starting NMTRAN
  
 WARNINGS AND ERRORS (IF ANY) FOR PROBLEM    1
             
 (WARNING  2) NM-TRAN INFERS THAT THE DATA ARE POPULATION.

 (MU_WARNING 26) DATA ITEM(S) USED IN DEFINITION OF MU_(S) SHOULD BE CONSTANT FOR INDIV. REC.:
  WT EGFR AGE ALB
             
 (WARNING  121) INTERACTION IS IMPLIED WITH EM/BAYES ESTIMATION METHODS

 LIM VALUES MAXLIM ASSESSED BY NMTRAN: 1,2,3,4,5,6,7,8,10,11,13,15,16        
  
Note: Analytical 2nd Derivatives are constructed in FSUBS but are never used.
      You may insert $ABBR DERIV2=NO after the first $PROB to save FSUBS construction and compilation time
  
Recompiling certain components
 Minimum value for a list item exceeded:      1

 USING PARALLEL PROFILE 1100-2.pnm
 MPI TRANSFER TYPE SELECTED
Building NONMEM Executable
 Minimum value for a list item exceeded:      1
 Parallelization Warnings are in FPWARN
Starting MPI version of nonmem execution ...
Manager Location ip-10-128-25-7//data/bbr-nonmem-poppk-bayes/model/pk/1100/1100-2
 Minimum value for a list item exceeded:      1
 Parallelization Warnings are in FPWARN
License Registered to: Metrum Research Group
Expiration Date:    14 JUL 2024
Current Date:       12 MAY 2024
Days until program expires :  62
 Minimum value for a list item exceeded:      1
 Parallelization Warnings are in FPWARN


 Chain Method Processing


 Minimum value for a list item exceeded:      1
 Parallelization Warnings are in FPWARN


 NUTS Bayesian Analysis
 MONITORING OF SEARCH:

 Burn-in Mode
 iteration         -250 MCMCOBJ=    41023.456727613557     
 Extreme position, rejecting sample
 maximum depth reached:           10
 Extreme position, rejecting sample
 maximum depth reached:           10
 Extreme position, rejecting sample
 maximum depth reached:           10
 maximum depth reached:           10
 maximum depth reached:           10
 maximum depth reached:           10
 maximum depth reached:           10
 iteration         -240 MCMCOBJ=    31152.342931187188     
 maximum depth reached:           10
 maximum depth reached:           10
 maximum depth reached:           10
 maximum depth reached:           10
 maximum depth reached:           10
 maximum depth reached:           10
 maximum depth reached:           10
 maximum depth reached:           10
 maximum depth reached:           10
 iteration         -230 MCMCOBJ=    30739.455606746233     
 maximum depth reached:           10
 maximum depth reached:           10
 maximum depth reached:           10
 maximum depth reached:           10
 maximum depth reached:           10
 maximum depth reached:           10
 maximum depth reached:           10
 maximum depth reached:           10
 maximum depth reached:           10
 maximum depth reached:           10
 iteration         -220 MCMCOBJ=    30700.478611805596     
 maximum depth reached:           10
 maximum depth reached:           10
 maximum depth reached:           10
 maximum depth reached:           10
 maximum depth reached:           10
 maximum depth reached:           10
 maximum depth reached:           10
 maximum depth reached:           10
 maximum depth reached:           10
 maximum depth reached:           10
 iteration         -210 MCMCOBJ=    30730.189580144790     
 maximum depth reached:           10
 maximum depth reached:           10
 maximum depth reached:           10
 maximum depth reached:           10
 maximum depth reached:           10
 maximum depth reached:           10
 maximum depth reached:           10
 maximum depth reached:           10
 maximum depth reached:           10
 maximum depth reached:           10
 iteration         -200 MCMCOBJ=    30679.802531547539     
 maximum depth reached:           10
 maximum depth reached:           10
 maximum depth reached:           10
 maximum depth reached:           10
 maximum depth reached:           10
 maximum depth reached:           10
 maximum depth reached:           10
 maximum depth reached:           10
 maximum depth reached:           10
 maximum depth reached:           10
 iteration         -190 MCMCOBJ=    30679.442746344077     
 maximum depth reached:           10
 maximum depth reached:           10
 maximum depth reached:           10
 maximum depth reached:           10
 maximum depth reached:           10
 maximum depth reached:           10
 maximum depth reached:           10
 maximum depth reached:           10
 maximum depth reached:           10
 maximum depth reached:           10
 iteration         -180 MCMCOBJ=    30722.849372472301     
 maximum depth reached:           10
 maximum depth reached:           10
 maximum depth reached:           10
 maximum depth reached:           10
 maximum depth reached:           10
 maximum depth reached:           10
 maximum depth reached:           10
 maximum depth reached:           10
 iteration         -170 MCMCOBJ=    30638.653637359028     
 maximum depth reached:           10
 maximum depth reached:           10
 maximum depth reached:           10
 maximum depth reached:           10
 maximum depth reached:           10
 maximum depth reached:           10
 maximum depth reached:           10
 maximum depth reached:           10
 maximum depth reached:           10
 maximum depth reached:           10
 iteration         -160 MCMCOBJ=    30730.293139145953     
 maximum depth reached:           10
 maximum depth reached:           10
 maximum depth reached:           10
 maximum depth reached:           10
 maximum depth reached:           10
 maximum depth reached:           10
 maximum depth reached:           10
 maximum depth reached:           10
 maximum depth reached:           10
 iteration         -150 MCMCOBJ=    30699.511532595006     
 iteration         -140 MCMCOBJ=    30704.886653966285     
 iteration         -130 MCMCOBJ=    30579.808516156510     
 iteration         -120 MCMCOBJ=    30742.153441813294     
 iteration         -110 MCMCOBJ=    30732.104072330934     
 iteration         -100 MCMCOBJ=    30597.728972740424     
 iteration          -90 MCMCOBJ=    30694.213813016744     
 iteration          -80 MCMCOBJ=    30725.741961196138     
 iteration          -70 MCMCOBJ=    30671.609122025220     
 iteration          -60 MCMCOBJ=    30572.873739584753     
 iteration          -50 MCMCOBJ=    30671.246515726838     
 iteration          -40 MCMCOBJ=    30667.073138005155     
 iteration          -30 MCMCOBJ=    30674.255369683451     
 iteration          -20 MCMCOBJ=    30637.186630528096     
 iteration          -10 MCMCOBJ=    30697.941249807885     
 Sampling Mode
 iteration            0 MCMCOBJ=    30767.158360271216     
 FINAL EPS    4.5720790788009724E-002
 iteration           10 MCMCOBJ=    30736.030113154407     
 iteration           20 MCMCOBJ=    30714.118139179587     
 iteration           30 MCMCOBJ=    30759.422136193916     
 iteration           40 MCMCOBJ=    30753.972294149222     
 iteration           50 MCMCOBJ=    30699.502696753716     
 iteration           60 MCMCOBJ=    30697.837494843941     
 iteration           70 MCMCOBJ=    30691.234337365007     
 iteration           80 MCMCOBJ=    30751.245792781603     
 iteration           90 MCMCOBJ=    30699.533921323979     
 iteration          100 MCMCOBJ=    30743.970900644792     
 iteration          110 MCMCOBJ=    30691.357787282421     
 iteration          120 MCMCOBJ=    30613.273996671745     
 iteration          130 MCMCOBJ=    30640.323035862373     
 iteration          140 MCMCOBJ=    30672.941500347777     
 iteration          150 MCMCOBJ=    30765.348647165920     
 iteration          160 MCMCOBJ=    30548.616305945448     
 iteration          170 MCMCOBJ=    30578.800924925094     
 iteration          180 MCMCOBJ=    30636.276618276610     
 iteration          190 MCMCOBJ=    30702.267978152286     
 iteration          200 MCMCOBJ=    30762.855795632106     
 iteration          210 MCMCOBJ=    30701.248176783964     
 iteration          220 MCMCOBJ=    30587.694889080696     
 iteration          230 MCMCOBJ=    30586.407809536875     
 iteration          240 MCMCOBJ=    30669.487406849777     
 iteration          250 MCMCOBJ=    30629.429395495903     
 iteration          260 MCMCOBJ=    30690.556336610865     
 iteration          270 MCMCOBJ=    30725.746876196325     
 iteration          280 MCMCOBJ=    30730.766205538755     
 iteration          290 MCMCOBJ=    30678.669570017373     
 iteration          300 MCMCOBJ=    30709.946180521227     
 iteration          310 MCMCOBJ=    30645.108050556737     
 iteration          320 MCMCOBJ=    30716.446688006185     
 iteration          330 MCMCOBJ=    30632.132758275060     
 iteration          340 MCMCOBJ=    30702.016766041830     
 iteration          350 MCMCOBJ=    30734.057346616395     
 iteration          360 MCMCOBJ=    30619.879050368683     
 iteration          370 MCMCOBJ=    30620.914817362751     
 iteration          380 MCMCOBJ=    30700.743863838863     
 iteration          390 MCMCOBJ=    30733.083447944857     
 iteration          400 MCMCOBJ=    30712.292910034328     
 iteration          410 MCMCOBJ=    30675.175046167438     
 iteration          420 MCMCOBJ=    30677.860035802885     
 iteration          430 MCMCOBJ=    30675.818480615329     
 iteration          440 MCMCOBJ=    30643.906479476420     
 iteration          450 MCMCOBJ=    30686.214612625885     
 iteration          460 MCMCOBJ=    30682.893224633517     
 iteration          470 MCMCOBJ=    30656.719088550890     
 iteration          480 MCMCOBJ=    30691.699316639122     
 iteration          490 MCMCOBJ=    30783.758057923340     
 iteration          500 MCMCOBJ=    30641.521471094991     
 Elapsed estimation  time in seconds:  5383.53
 BURN-IN WAS NOT TESTED FOR CONVERGENCE
 STATISTICAL PORTION WAS COMPLETED

 Elapsed covariance  time in seconds:     0.00
 Minimum value for a list item exceeded:      1
 Parallelization Warnings are in FPWARN
 Minimum value for a list item exceeded:      1
 Parallelization Warnings are in FPWARN
 Elapsed postprocess time in seconds:     2.14
 Elapsed finaloutput time in seconds:     0.29
Done with nonmem execution
