Sun May 12 08:31:45 EDT 2024
$PROBLEM From bbr: see 1100.yaml for details

$INPUT C NUM ID TIME SEQ CMT EVID AMT DV AGE WT HT EGFR ALB BMI SEX AAG
  SCR AST ALT CP TAFD TAD LDOS MDV BLQ PHASE

$DATA ../../../../data/derived/pk.csv IGNORE=(C='C', BLQ=1)

$SUBROUTINE ADVAN4 TRANS4

$PK

;log transformed PK parms

  CLEGFR = LOG(EGFR/90) * THETA(6)
  CLAGE  = LOG(AGE/35) * THETA(7)
  CLALB  = LOG(ALB/4.5) * THETA(8)

  V2WT   = LOG(WT/70)
  CLWT   = LOG(WT/70) * 0.75
  V3WT   = LOG(WT/70)
  QWT    = LOG(WT/70) * 0.75

  MU_1   = THETA(1)
  MU_2   = THETA(2) + V2WT
  MU_3   = THETA(3) + CLWT + CLEGFR + CLAGE + CLALB
  MU_4   = THETA(4) + V3WT
  MU_5   = THETA(5) + QWT

  KA     = EXP(MU_1 + ETA(1))
  V2     = EXP(MU_2 + ETA(2))
  CL     = EXP(MU_3 + ETA(3))
  V3     = EXP(MU_4 + ETA(4))
  Q      = EXP(MU_5 + ETA(5))

  S2     = V2/1000 ; dose in mcg, conc in mcg/mL

$ERROR

  IPRED = F
  Y     = IPRED * (1 + EPS(1))

$THETA
; log values
  (0.5)   ; 1 KA (1/hr) - 1.5
  (3.5)   ; 2 V2 (L) - 60
  (1)     ; 3 CL (L/hr) - 3.5
  (4)     ; 4 V3 (L) - 70
  (2)     ; 5 Q  (L/hr) - 4
  (1)     ; 6 CLEGFR~CL ()
  (1)     ; 7 AGE~CL ()
  (0.5)   ; 8 ALB~CL ()

$OMEGA BLOCK(3)
  0.2           ; ETA(KA)
  0.01 0.2      ; ETA(V2)
  0.01 0.01 0.2 ; ETA(CL)
$OMEGA
  0.025 FIX    ; ETA(V3)
  0.025 FIX    ; ETA(Q)

$SIGMA
  0.05          ; 1 pro error

$PRIOR NWPRI

$THETAP
  (0.5) FIX      ; 1 KA (1/hr) - 1.5
  (3.5) FIX      ; 2 V2 (L) - 60
  (1)   FIX      ; 3 CL (L/hr) - 3.5
  (4)   FIX      ; 4 V3 (L) - 70
  (2)   FIX      ; 5 Q  (L/hr) - 4
  (1)   FIX   ; 6 CLEGFR~CL ()
  (1)   FIX   ; 7 AGE~CL ()
  (0.5) FIX   ; 8 ALB~CL ()
$THETAPV BLOCK(8) VALUES(10, 0) FIX

$OMEGAP BLOCK(3) VALUES(0.2, 0.01) FIX

$OMEGAPD (3 FIX)

$SIGMAP
  0.05 FIX           ; 1 pro error

$SIGMAPD (1 FIX)

$EST METHOD=CHAIN FILE=../init.chn NSAMPLE=0 ISAMPLE=3 SEED=1 CTYPE=0 IACCEPT=0.3 DF=10 DFS=0
$EST METHOD=NUTS AUTO=2 CTYPE=0 OLKJDF=2 OVARF=1 SEED=3 NBURN=250 NITER=500 NUTS_DELTA=0.95 PRINT=10 MSFO=./1100.msf RANMETHOD=P PARAFPRINT=10000 BAYES_PHI_STORE=1

$TABLE NUM CL V2 Q V3 KA ETAS(1:LAST) EPRED IPRED NPDE EWRES NOPRINT ONEHEADER FILE=1100.tab RANMETHOD=P

NM-TRAN MESSAGES
  
 WARNINGS AND ERRORS (IF ANY) FOR PROBLEM    1
             
 (WARNING  2) NM-TRAN INFERS THAT THE DATA ARE POPULATION.

 (MU_WARNING 26) DATA ITEM(S) USED IN DEFINITION OF MU_(S) SHOULD BE CONSTANT FOR INDIV. REC.:
  WT EGFR AGE ALB
             
 (WARNING  121) INTERACTION IS IMPLIED WITH EM/BAYES ESTIMATION METHODS

 LIM VALUES MAXLIM ASSESSED BY NMTRAN: 1,2,3,4,5,6,7,8,10,11,13,15,16        
  
Note: Analytical 2nd Derivatives are constructed in FSUBS but are never used.
      You may insert $ABBR DERIV2=NO after the first $PROB to save FSUBS construction and compilation time
  

License Registered to: Metrum Research Group
Expiration Date:    14 JUL 2024
Current Date:       12 MAY 2024
Days until program expires :  62
1NONLINEAR MIXED EFFECTS MODEL PROGRAM (NONMEM) VERSION 7.5.1
 ORIGINALLY DEVELOPED BY STUART BEAL, LEWIS SHEINER, AND ALISON BOECKMANN
 CURRENT DEVELOPERS ARE ROBERT BAUER, ICON DEVELOPMENT SOLUTIONS,
 AND ALISON BOECKMANN. IMPLEMENTATION, EFFICIENCY, AND STANDARDIZATION
 PERFORMED BY NOUS INFOSYSTEMS.

 PROBLEM NO.:         1
 From bbr: see 1100.yaml for details
0DATA CHECKOUT RUN:              NO
 DATA SET LOCATED ON UNIT NO.:    2
 THIS UNIT TO BE REWOUND:        NO
 NO. OF DATA RECS IN DATA SET:     4292
 NO. OF DATA ITEMS IN DATA SET:  27
 ID DATA ITEM IS DATA ITEM NO.:   3
 DEP VARIABLE IS DATA ITEM NO.:   9
 MDV DATA ITEM IS DATA ITEM NO.: 25
0INDICES PASSED TO SUBROUTINE PRED:
   7   4   8   0   0   0   6   0   0   0   0
0LABELS FOR DATA ITEMS:
 C NUM ID TIME SEQ CMT EVID AMT DV AGE WT HT EGFR ALB BMI SEX AAG SCR AST ALT CP TAFD TAD LDOS MDV BLQ PHASE
0(NONBLANK) LABELS FOR PRED-DEFINED ITEMS:
 KA V2 CL V3 Q IPRED
0FORMAT FOR DATA:
 (2(10E7.0/),7E7.0)

 TOT. NO. OF OBS RECS:     3142
 TOT. NO. OF INDIVIDUALS:      160
0LENGTH OF THETA:  18
0DEFAULT THETA BOUNDARY TEST OMITTED:    NO
0OMEGA HAS BLOCK FORM:
  1
  1  1
  1  1  1
  0  0  0  2
  0  0  0  0  3
  0  0  0  0  0  4
  0  0  0  0  0  4  4
  0  0  0  0  0  4  4  4
  0  0  0  0  0  4  4  4  4
  0  0  0  0  0  4  4  4  4  4
  0  0  0  0  0  4  4  4  4  4  4
  0  0  0  0  0  4  4  4  4  4  4  4
  0  0  0  0  0  4  4  4  4  4  4  4  4
  0  0  0  0  0  0  0  0  0  0  0  0  0  5
  0  0  0  0  0  0  0  0  0  0  0  0  0  5  5
  0  0  0  0  0  0  0  0  0  0  0  0  0  5  5  5
0DEFAULT OMEGA BOUNDARY TEST OMITTED:    NO
0SIGMA HAS BLOCK FORM:
  1
  0  2
0DEFAULT SIGMA BOUNDARY TEST OMITTED:    NO
0INITIAL ESTIMATE OF THETA:
 LOWER BOUND    INITIAL EST    UPPER BOUND
 -0.1000E+07     0.5000E+00     0.1000E+07
 -0.1000E+07     0.3500E+01     0.1000E+07
 -0.1000E+07     0.1000E+01     0.1000E+07
 -0.1000E+07     0.4000E+01     0.1000E+07
 -0.1000E+07     0.2000E+01     0.1000E+07
 -0.1000E+07     0.1000E+01     0.1000E+07
 -0.1000E+07     0.1000E+01     0.1000E+07
 -0.1000E+07     0.5000E+00     0.1000E+07
  0.5000E+00     0.5000E+00     0.5000E+00
  0.3500E+01     0.3500E+01     0.3500E+01
  0.1000E+01     0.1000E+01     0.1000E+01
  0.4000E+01     0.4000E+01     0.4000E+01
  0.2000E+01     0.2000E+01     0.2000E+01
  0.1000E+01     0.1000E+01     0.1000E+01
  0.1000E+01     0.1000E+01     0.1000E+01
  0.5000E+00     0.5000E+00     0.5000E+00
  0.3000E+01     0.3000E+01     0.3000E+01
  0.1000E+01     0.1000E+01     0.1000E+01
0INITIAL ESTIMATE OF OMEGA:
 BLOCK SET NO.   BLOCK                                                                    FIXED
        1                                                                                   NO
                  0.2000E+00
                  0.1000E-01   0.2000E+00
                  0.1000E-01   0.1000E-01   0.2000E+00
        2                                                                                  YES
                  0.2500E-01
        3                                                                                  YES
                  0.2500E-01
        4                                                                                  YES
                  0.1000E+02
                  0.0000E+00   0.1000E+02
                  0.0000E+00   0.0000E+00   0.1000E+02
                  0.0000E+00   0.0000E+00   0.0000E+00   0.1000E+02
                  0.0000E+00   0.0000E+00   0.0000E+00   0.0000E+00   0.1000E+02
                  0.0000E+00   0.0000E+00   0.0000E+00   0.0000E+00   0.0000E+00   0.1000E+02
                  0.0000E+00   0.0000E+00   0.0000E+00   0.0000E+00   0.0000E+00   0.0000E+00   0.1000E+02
                  0.0000E+00   0.0000E+00   0.0000E+00   0.0000E+00   0.0000E+00   0.0000E+00   0.0000E+00   0.1000E+02
        5                                                                                  YES
                  0.2000E+00
                  0.1000E-01   0.2000E+00
                  0.1000E-01   0.1000E-01   0.2000E+00
0INITIAL ESTIMATE OF SIGMA:
 BLOCK SET NO.   BLOCK                                                                    FIXED
        1                                                                                   NO
                  0.5000E-01
        2                                                                                  YES
                  0.5000E-01
0TABLES STEP OMITTED:    NO
 NO. OF TABLES:           1
 SEED NUMBER (SEED):    11456
 NPDTYPE:    0
 INTERPTYPE:    0
 RANMETHOD:             3UP
 MC SAMPLES (ESAMPLE):    300
 WRES SQUARE ROOT TYPE (WRESCHOL): EIGENVALUE
0-- TABLE   1 --
0RECORDS ONLY:    ALL
04 COLUMNS APPENDED:    YES
 PRINTED:                NO
 HEADERS:               ONE
 FILE TO BE FORWARDED:   NO
 FORMAT:                S1PE11.4
 IDFORMAT:
 LFORMAT:
 RFORMAT:
 FIXED_EFFECT_ETAS:
0USER-CHOSEN ITEMS:
 NUM CL V2 Q V3 KA ETA1 ETA2 ETA3 ETA4 ETA5 EPRED IPRED NPDE EWRES
0
 PRIOR SUBROUTINE USER-SUPPLIED
1DOUBLE PRECISION PREDPP VERSION 7.5.1

 TWO COMPARTMENT MODEL WITH FIRST-ORDER ABSORPTION (ADVAN4)
0MAXIMUM NO. OF BASIC PK PARAMETERS:   5
0BASIC PK PARAMETERS (AFTER TRANSLATION):
   BASIC PK PARAMETER NO.  1: ELIMINATION RATE (K)
   BASIC PK PARAMETER NO.  2: CENTRAL-TO-PERIPH. RATE (K23)
   BASIC PK PARAMETER NO.  3: PERIPH.-TO-CENTRAL RATE (K32)
   BASIC PK PARAMETER NO.  5: ABSORPTION RATE (KA)
 TRANSLATOR WILL CONVERT PARAMETERS
 CL, V2, Q, V3 TO K, K23, K32 (TRANS4)
0COMPARTMENT ATTRIBUTES
 COMPT. NO.   FUNCTION   INITIAL    ON/OFF      DOSE      DEFAULT    DEFAULT
                         STATUS     ALLOWED    ALLOWED    FOR DOSE   FOR OBS.
    1         DEPOT        OFF        YES        YES        YES        NO
    2         CENTRAL      ON         NO         YES        NO         YES
    3         PERIPH.      ON         NO         YES        NO         NO
    4         OUTPUT       OFF        YES        NO         NO         NO
1
 ADDITIONAL PK PARAMETERS - ASSIGNMENT OF ROWS IN GG
 COMPT. NO.                             INDICES
              SCALE      BIOAVAIL.   ZERO-ORDER  ZERO-ORDER  ABSORB
                         FRACTION    RATE        DURATION    LAG
    1            *           *           *           *           *
    2            6           *           *           *           *
    3            *           *           *           *           *
    4            *           -           -           -           -
             - PARAMETER IS NOT ALLOWED FOR THIS MODEL
             * PARAMETER IS NOT SUPPLIED BY PK SUBROUTINE;
               WILL DEFAULT TO ONE IF APPLICABLE
0DATA ITEM INDICES USED BY PRED ARE:
   EVENT ID DATA ITEM IS DATA ITEM NO.:      7
   TIME DATA ITEM IS DATA ITEM NO.:          4
   DOSE AMOUNT DATA ITEM IS DATA ITEM NO.:   8
   COMPT. NO. DATA ITEM IS DATA ITEM NO.:    6

0PK SUBROUTINE CALLED WITH EVERY EVENT RECORD.
 PK SUBROUTINE NOT CALLED AT NONEVENT (ADDITIONAL OR LAGGED) DOSE TIMES.
0ERROR SUBROUTINE CALLED WITH EVERY EVENT RECORD.
1


 #TBLN:      1
 #METH: Chain Method Processing

 RANDOM GENERATION TYPE (CTYPE):     0
 RANDOM GENERATION SEED (SEED):      1
 RANDOM SAMPLE SELECTION (ISAMPLE):  3
 RANDOM SAMPLE RANGE END (ISAMPEND): -2147483647
 NUMBER OF RANDOM SAMPLES (NSAMPLE): 0
 UNIFORM FRACTIONAL RANGE (IACCEPT): 0.300000000000000
 RANDOM SELECTION TYPE (SELECT):     0
 DEG. FR. TO GENERATE OMEGAS (DF):   10
 DEG. FR. TO GENERATE SIGMAS (DFS):  0
 CHAIN FILE (FILE):                  ../init.chn
 EXCL. TITLE IN CHAIN FILE (NOTITLE):NO
 EX. COL. LBS. IN CHAIN FL.(NOLABEL):NO
 FORMAT FOR CHAIN FILE (FORMAT):     S1PE12.5
 PAR. ORDER in CHAIN FILE (ORDER):   TSOL
 RANDOM SAMPLING METHOD (RANMETHOD):3U

 THE FOLLOWING LABELS ARE EQUIVALENT
 PRED=NPRED
 RES=NRES
 WRES=NWRES
 IWRS=NIWRES
 IPRD=NIPRED
 IRS=NIRES



 FROM SAMPLE 3 OF CHAIN FILE ../init.chn
 NEW INITIAL ESTIMATES OF THETA
  0.5417E+00
  0.2521E+01
  0.1284E+01
  0.4345E+01
  0.2468E+01
  0.1140E+01
  0.1107E+01
  0.4342E+00
 NEW INITIAL ESTIMATES OF OMEGA
  0.1137E+01
  0.8003E-01  0.4689E+00
 -0.1905E+00  0.3364E-02  0.2368E+00
  0.0000E+00  0.0000E+00  0.0000E+00  0.2500E-01
  0.0000E+00  0.0000E+00  0.0000E+00  0.0000E+00  0.2500E-01
 NEW INITIAL ESTIMATES OF SIGMA
  0.5874E-01

 #PARA: PARAFILE=1100-3.pnm, PROTOCOL=MPI, NODES= 4

1


 #TBLN:      1
 #METH: NUTS Bayesian Analysis

 ESTIMATION STEP OMITTED:                 NO
 ANALYSIS TYPE:                           POPULATION
 NUMBER OF SADDLE POINT RESET ITERATIONS:      0
 GRADIENT METHOD USED:               NOSLOW
 CONDITIONAL ESTIMATES USED:              YES
 CENTERED ETA:                            NO
 EPS-ETA INTERACTION:                     YES
 LAPLACIAN OBJ. FUNC.:                    NO
 NO. OF FUNCT. EVALS. ALLOWED:            5928
 NO. OF SIG. FIGURES REQUIRED:            3
 INTERMEDIATE PRINTOUT:                   YES
 ESTIMATE OUTPUT TO MSF:                  YES
 IND. OBJ. FUNC. VALUES SORTED:           NO
 NUMERICAL DERIVATIVE
       FILE REQUEST (NUMDER):               NONE
 MAP (ETAHAT) ESTIMATION METHOD (OPTMAP):   0
 ETA HESSIAN EVALUATION METHOD (ETADER):    0
 INITIAL ETA FOR MAP ESTIMATION (MCETA):    0
 SIGDIGITS FOR MAP ESTIMATION (SIGLO):      100
 GRADIENT SIGDIGITS OF
       FIXED EFFECTS PARAMETERS (SIGL):     100
 NOPRIOR SETTING (NOPRIOR):                 0
 NOCOV SETTING (NOCOV):                     OFF
 DERCONT SETTING (DERCONT):                 OFF
 FINAL ETA RE-EVALUATION (FNLETA):          1
 EXCLUDE NON-INFLUENTIAL (NON-INFL.) ETAS
       IN SHRINKAGE (ETASTYPE):             NO
 NON-INFL. ETA CORRECTION (NONINFETA):      0
 RAW OUTPUT FILE (FILE): 1100-3.ext
 EXCLUDE TITLE (NOTITLE):                   NO
 EXCLUDE COLUMN LABELS (NOLABEL):           NO
 FORMAT FOR ADDITIONAL FILES (FORMAT):      S1PE12.5
 PARAMETER ORDER FOR OUTPUTS (ORDER):       TSOL
 KNUTHSUMOFF:                               0
 INCLUDE LNTWOPI:                           NO
 INCLUDE CONSTANT TERM TO PRIOR (PRIORC):   NO
 INCLUDE CONSTANT TERM TO OMEGA (ETA) (OLNTWOPI):NO
 EM OR BAYESIAN METHOD USED:                MCMC BAYESIAN (BAYES)
 BAYES INDIVIDUAL PARAMETERS ONLY: NO
 MU MODELING PATTERN (MUM):
 GRADIENT/GIBBS PATTERN (GRD):
 AUTOMATIC SETTING FEATURE (AUTO):          2
 CONVERGENCE TYPE (CTYPE):                  0
 KEEP ITERATIONS (THIN):            1
 BURN-IN ITERATIONS (NBURN):                250
 FIRST ITERATION FOR MAP (MAPITERS):          NO
 ITERATIONS (NITER):                        500
 ANNEAL SETTING (CONSTRAIN):                 1
 STARTING SEED FOR MC METHODS (SEED):       3
 MC SAMPLES PER SUBJECT (ISAMPLE):          1
 RANDOM SAMPLING METHOD (RANMETHOD):        3UP
 PROPOSAL DENSITY SCALING RANGE
              (ISCALE_MIN, ISCALE_MAX):     1.000000000000000E-06   ,1000000.00000000
 SAMPLE ACCEPTANCE RATE (IACCEPT):          0.400000000000000
 METROPOLIS HASTINGS POPULATION SAMPLING FOR NON-GIBBS
 SAMPLED THETAS AND SIGMAS:
 PROPOSAL DENSITY SCALING RANGE
              (PSCALE_MIN, PSCALE_MAX):   1.000000000000000E-02   ,1000.00000000000
 SAMPLE ACCEPTANCE RATE (PACCEPT):                       0.500000000000000
 SAMPLES FOR GLOBAL SEARCH KERNEL (PSAMPLE_M1):          1
 SAMPLES FOR LOCAL SEARCH KERNEL (PSAMPLE_M2):           -1
 SAMPLES FOR LOCAL UNIVARIATE KERNEL (PSAMPLE_M3):       1
 METROPOLIS HASTINGS POPULATION SAMPLING FOR NON-GIBBS
 SAMPLED OMEGAS:
 SAMPLE ACCEPTANCE RATE (OACCEPT):                       0.500000000000000
 SAMPLES FOR GLOBAL SEARCH KERNEL (OSAMPLE_M1):          -1
 SAMPLES FOR LOCAL SEARCH KERNEL (OSAMPLE_M2):           -1
 SAMPLES FOR LOCAL UNIVARIATE SEARCH KERNEL (OSAMPLE_M3):-1
 MASS/IMP./POST. MATRIX REFRESH SETTING (MASSREST):      -1
 MASS MATRIX ACCUMULATION ITERATIONS (MADAPT):          -1
 MASS MATRIX BLOCKING TYPE (NUTS_MASS):                 BD
 MODEL PARAMETERS TRANSFORMED BY MASS MATRIX (NUTS_TRANSFORM=0)
 POWER TERM WEIGHTING FOR MASS MATRIX ACCUM. (KAPPA):   1.00000000000000
 NUTS SAMPLE ACCEPTANCE RATE (NUTS_DELTA):                   0.950000000000000
 NUTS GAMMA SETTING (NUTS_GAMMA):                            5.000000000000000E-02
 USER DEFINED PRIOR SETTING FOR THETAS: (TPU):        0.00000000000000
 DEG. FR. FOR LKJ CORRELATION PRIOR FOR OMEGAS (OLKJDF): 2.00000000000000
 WEIGHT FACTOR FOR STD PRIOR FOR OMEGAS (OVARF): 1.00000000000000
 WEIGHT FACTOR FOR STD PRIOR FOR SIGMAS (SVARF): -1.000000000000000+300
 NUTS WARMUP METHOD (NUTS_TEST):       0
 NUTS MAXIMAL DEPTH SEARCH (NUTS_MAXDEPTH):       10
 NUTS STAGE I WARMUP ITERATIONS (NUTS_INIT):       75.0000000000000
 NUTS STAGE II BASE WARMUP ITERATIONS (NUTS_BASE): -3.00000000000000
 NUTS STAGE III FINAL ITERATIONS (NUTS_TERM): 50.0000000000000
 INITIAL ITERATIONS FOR STEP NUTS SIZE ASSESSMENT (NUTS_STEPITER): 1
 INTERVAL ITERATIONS FOR STEP NUTS SIZE ASSESSMENT (NUTS_STEPINTER):0
 ETA PARAMETERIZATION (NUTS_EPARAM):2
 OMEGA PARAMETERIZATION (NUTS_OPARAM):1
 SIGMA PARAMETERIZATION (NUTS_SPARAM):1
 NUTS REGULARIZING METHOD (NUTS_REG): 0.00000000000000


 THE FOLLOWING LABELS ARE EQUIVALENT
 PRED=PREDI
 RES=RESI
 WRES=WRESI
 IWRS=IWRESI
 IPRD=IPREDI
 IRS=IRESI

 EM/BAYES SETUP:
 THETAS THAT ARE MU MODELED:
   1   2   3   4   5   6   7   8
 THETAS THAT ARE GIBBS SAMPLED:
   1   2   3   4   5   6   7   8
 THETAS THAT ARE METROPOLIS-HASTINGS SAMPLED:
 
 SIGMAS THAT ARE GIBBS SAMPLED:
   1
 SIGMAS THAT ARE METROPOLIS-HASTINGS SAMPLED:
 
 OMEGAS ARE GIBBS SAMPLED

 MONITORING OF SEARCH:

 Burn-in Mode
 iteration         -250 MCMCOBJ=    44943.282423260469     
 iteration         -240 MCMCOBJ=    30684.388456257246     
 iteration         -230 MCMCOBJ=    30902.326625916518     
 iteration         -220 MCMCOBJ=    30892.949662491283     
 iteration         -210 MCMCOBJ=    30913.933151269110     
 iteration         -200 MCMCOBJ=    30841.886039240817     
 iteration         -190 MCMCOBJ=    30880.304580521472     
 iteration         -180 MCMCOBJ=    30841.521184659716     
 iteration         -170 MCMCOBJ=    30955.587224017065     
 iteration         -160 MCMCOBJ=    30919.809257207431     
 iteration         -150 MCMCOBJ=    30729.959189959060     
 iteration         -140 MCMCOBJ=    30685.414967459052     
 iteration         -130 MCMCOBJ=    30747.003675640830     
 iteration         -120 MCMCOBJ=    30676.997139439351     
 iteration         -110 MCMCOBJ=    30737.510856681925     
 iteration         -100 MCMCOBJ=    30794.306694631767     
 iteration          -90 MCMCOBJ=    30617.932780987041     
 iteration          -80 MCMCOBJ=    30700.472375752572     
 iteration          -70 MCMCOBJ=    30654.666731876707     
 iteration          -60 MCMCOBJ=    30628.501856073824     
 iteration          -50 MCMCOBJ=    30698.622356125426     
 iteration          -40 MCMCOBJ=    30659.007770036977     
 iteration          -30 MCMCOBJ=    30682.571918230842     
 iteration          -20 MCMCOBJ=    30652.437166720265     
 iteration          -10 MCMCOBJ=    30646.613194449699     
 Sampling Mode
 iteration            0 MCMCOBJ=    30710.708899379235     
 iteration           10 MCMCOBJ=    30720.737655985700     
 iteration           20 MCMCOBJ=    30744.047326605167     
 iteration           30 MCMCOBJ=    30683.654242236105     
 iteration           40 MCMCOBJ=    30634.944592363125     
 iteration           50 MCMCOBJ=    30738.409361133112     
 iteration           60 MCMCOBJ=    30655.915770452517     
 iteration           70 MCMCOBJ=    30704.976861298048     
 iteration           80 MCMCOBJ=    30701.177136970549     
 iteration           90 MCMCOBJ=    30743.407466517696     
 iteration          100 MCMCOBJ=    30694.169670464002     
 iteration          110 MCMCOBJ=    30753.614226448324     
 iteration          120 MCMCOBJ=    30725.090329512761     
 iteration          130 MCMCOBJ=    30706.774556651912     
 iteration          140 MCMCOBJ=    30702.218971204904     
 iteration          150 MCMCOBJ=    30690.675387848310     
 iteration          160 MCMCOBJ=    30687.021767823240     
 iteration          170 MCMCOBJ=    30698.810285980540     
 iteration          180 MCMCOBJ=    30627.285569940872     
 iteration          190 MCMCOBJ=    30691.996991548913     
 iteration          200 MCMCOBJ=    30704.190482306218     
 iteration          210 MCMCOBJ=    30638.411331851930     
 iteration          220 MCMCOBJ=    30679.668635169968     
 iteration          230 MCMCOBJ=    30687.282644664199     
 iteration          240 MCMCOBJ=    30588.537515934568     
 iteration          250 MCMCOBJ=    30662.532717815891     
 iteration          260 MCMCOBJ=    30670.155585715387     
 iteration          270 MCMCOBJ=    30612.569190890921     
 iteration          280 MCMCOBJ=    30588.374118854725     
 iteration          290 MCMCOBJ=    30672.437802285025     
 iteration          300 MCMCOBJ=    30698.534862934666     
 iteration          310 MCMCOBJ=    30733.029707228878     
 iteration          320 MCMCOBJ=    30700.242151959807     
 iteration          330 MCMCOBJ=    30710.135156631764     
 iteration          340 MCMCOBJ=    30739.274543779182     
 iteration          350 MCMCOBJ=    30642.962956629191     
 iteration          360 MCMCOBJ=    30831.018794337098     
 iteration          370 MCMCOBJ=    30725.689848296301     
 iteration          380 MCMCOBJ=    30661.406201442518     
 iteration          390 MCMCOBJ=    30660.483775113888     
 iteration          400 MCMCOBJ=    30702.218833127816     
 iteration          410 MCMCOBJ=    30686.385466714626     
 iteration          420 MCMCOBJ=    30637.344408595975     
 iteration          430 MCMCOBJ=    30688.864935009689     
 iteration          440 MCMCOBJ=    30652.153994747758     
 iteration          450 MCMCOBJ=    30706.961444114109     
 iteration          460 MCMCOBJ=    30645.860490707924     
 iteration          470 MCMCOBJ=    30762.700753287703     
 iteration          480 MCMCOBJ=    30644.590088967489     
 iteration          490 MCMCOBJ=    30636.814573714833     
 iteration          500 MCMCOBJ=    30589.098401263615     

 #TERM:
 BURN-IN WAS NOT TESTED FOR CONVERGENCE
 STATISTICAL PORTION WAS COMPLETED

 ETABAR IS THE ARITHMETIC MEAN OF THE ETA-ESTIMATES,
 AND THE P-VALUE IS GIVEN FOR THE NULL HYPOTHESIS THAT THE TRUE MEAN IS 0.

 ETABAR:        -2.1006E-03 -2.4248E-03 -2.5622E-03 -6.9418E-06  3.1766E-04
 SE:             3.1536E-02  2.1289E-02  2.6391E-02  4.9296E-03  3.9791E-03
 N:                     160         160         160         160         160

 P VAL.:         9.4689E-01  9.0932E-01  9.2266E-01  9.9888E-01  9.3637E-01

 ETASHRINKSD(%)  1.8548E+01  7.1592E+00  1.8097E+00  6.0564E+01  6.8167E+01
 ETASHRINKVR(%)  3.3656E+01  1.3806E+01  3.5866E+00  8.4448E+01  8.9867E+01
 EBVSHRINKSD(%)  1.8642E+01  6.5745E+00  1.4297E+00  4.8065E+01  6.9131E+01
 EBVSHRINKVR(%)  3.3809E+01  1.2717E+01  2.8389E+00  7.3027E+01  9.0471E+01
 RELATIVEINF(%)  1.5239E+01  3.3067E+01  7.3349E+01  2.2023E+01  3.7113E+00
 EPSSHRINKSD(%)  6.9467E+00
 EPSSHRINKVR(%)  1.3411E+01

  
 TOTAL DATA POINTS NORMALLY DISTRIBUTED (N):         3142
 N*LOG(2PI) CONSTANT TO OBJECTIVE FUNCTION:    5774.6097426581628     
 OBJECTIVE FUNCTION VALUE WITHOUT CONSTANT:    30677.577253421619     
 OBJECTIVE FUNCTION VALUE WITH CONSTANT:       36452.186996079785     
 REPORTED OBJECTIVE FUNCTION DOES NOT CONTAIN CONSTANT
  
 TOTAL EFFECTIVE ETAS (NIND*NETA):                           800
 NIND*NETA*LOG(2PI) CONSTANT TO OBJECTIVE FUNCTION:    1470.3016531274764     
 OBJECTIVE FUNCTION VALUE WITHOUT CONSTANT:    30677.577253421619     
 OBJECTIVE FUNCTION VALUE WITH CONSTANT:       32147.878906549096     
 REPORTED OBJECTIVE FUNCTION DOES NOT CONTAIN CONSTANT
  
 PRIOR CONSTANT TO OBJECTIVE FUNCTION:    44.701904490672852     
 OBJECTIVE FUNCTION VALUE WITHOUT CONSTANT:    30677.577253421619     
 OBJECTIVE FUNCTION VALUE WITH CONSTANT:       30722.279157912293     
 REPORTED OBJECTIVE FUNCTION DOES NOT CONTAIN CONSTANT
  
 #TERE:
 Elapsed estimation  time in seconds:  5801.67
 Elapsed covariance  time in seconds:     0.00
1
 
 
 
 
 
 
 
 
 
 
 
 
 
 
 
 
 
 
 
 
 ************************************************************************************************************************
 ********************                                                                                ********************
 ********************                              NUTS BAYESIAN ANALYSIS                            ********************
 #OBJT:**************                       AVERAGE VALUE OF LIKELIHOOD FUNCTION                     ********************
 ********************                                                                                ********************
 ************************************************************************************************************************
 





 #OBJV:********************************************    30677.577       **************************************************
 #OBJS:********************************************       51.885 (STD) **************************************************
1
 ************************************************************************************************************************
 ********************                                                                                ********************
 ********************                              NUTS BAYESIAN ANALYSIS                            ********************
 ********************                             FINAL PARAMETER ESTIMATE                           ********************
 ********************                                                                                ********************
 ************************************************************************************************************************
 


 THETA - VECTOR OF FIXED EFFECTS PARAMETERS   *********


         TH 1      TH 2      TH 3      TH 4      TH 5      TH 6      TH 7      TH 8     
 
         4.78E-01  4.10E+00  1.16E+00  4.23E+00  1.29E+00  4.89E-01 -3.59E-02  4.24E-01
 


 OMEGA - COV MATRIX FOR RANDOM EFFECTS - ETAS  ********


         ETA1      ETA2      ETA3      ETA4      ETA5     
 
 ETA1
+        2.40E-01
 
 ETA2
+        6.69E-02  8.41E-02
 
 ETA3
+        1.17E-01  6.85E-02  1.16E-01
 
 ETA4
+        0.00E+00  0.00E+00  0.00E+00  2.50E-02
 
 ETA5
+        0.00E+00  0.00E+00  0.00E+00  0.00E+00  2.50E-02
 


 SIGMA - COV MATRIX FOR RANDOM EFFECTS - EPSILONS  ****


         EPS1     
 
 EPS1
+        3.94E-02
 
1


 OMEGA - CORR MATRIX FOR RANDOM EFFECTS - ETAS  *******


         ETA1      ETA2      ETA3      ETA4      ETA5     
 
 ETA1
+        4.86E-01
 
 ETA2
+        4.68E-01  2.89E-01
 
 ETA3
+        7.05E-01  6.95E-01  3.39E-01
 
 ETA4
+        0.00E+00  0.00E+00  0.00E+00  1.58E-01
 
 ETA5
+        0.00E+00  0.00E+00  0.00E+00  0.00E+00  1.58E-01
 


 SIGMA - CORR MATRIX FOR RANDOM EFFECTS - EPSILONS  ***


         EPS1     
 
 EPS1
+        1.98E-01
 
1
 ************************************************************************************************************************
 ********************                                                                                ********************
 ********************                              NUTS BAYESIAN ANALYSIS                            ********************
 ********************                STANDARD ERROR OF ESTIMATE (From Sample Variance)               ********************
 ********************                                                                                ********************
 ************************************************************************************************************************
 


 THETA - VECTOR OF FIXED EFFECTS PARAMETERS   *********


         TH 1      TH 2      TH 3      TH 4      TH 5      TH 6      TH 7      TH 8     
 
         6.24E-02  2.72E-02  2.84E-02  2.45E-02  3.92E-02  4.93E-02  7.35E-02  8.60E-02
 


 OMEGA - COV MATRIX FOR RANDOM EFFECTS - ETAS  ********


         ETA1      ETA2      ETA3      ETA4      ETA5     
 
 ETA1
+        5.62E-02
 
 ETA2
+        2.04E-02  1.15E-02
 
 ETA3
+        2.24E-02  1.01E-02  1.31E-02
 
 ETA4
+        0.00E+00  0.00E+00  0.00E+00  0.00E+00
 
 ETA5
+        0.00E+00  0.00E+00  0.00E+00  0.00E+00  0.00E+00
 


 SIGMA - COV MATRIX FOR RANDOM EFFECTS - EPSILONS  ****


         EPS1     
 
 EPS1
+        1.17E-03
 
1


 OMEGA - CORR MATRIX FOR RANDOM EFFECTS - ETAS  *******


         ETA1      ETA2      ETA3      ETA4      ETA5     
 
 ETA1
+        5.67E-02
 
 ETA2
+        1.03E-01  1.97E-02
 
 ETA3
+        7.79E-02  5.15E-02  1.91E-02
 
 ETA4
+        0.00E+00  0.00E+00  0.00E+00  9.61E-09
 
 ETA5
+        0.00E+00  0.00E+00  0.00E+00  0.00E+00  9.61E-09
 


 SIGMA - CORR MATRIX FOR RANDOM EFFECTS - EPSILONS  ***


         EPS1     
 
 EPS1
+        2.96E-03
 
1
 ************************************************************************************************************************
 ********************                                                                                ********************
 ********************                              NUTS BAYESIAN ANALYSIS                            ********************
 ********************               COVARIANCE MATRIX OF ESTIMATE (From Sample Variance)             ********************
 ********************                                                                                ********************
 ************************************************************************************************************************
 

            TH 1      TH 2      TH 3      TH 4      TH 5      TH 6      TH 7      TH 8      OM11      OM12      OM13      OM14  
             OM15      OM22      OM23      OM24      OM25      OM33      OM34      OM35      OM44      OM45      OM55      SG11  

 
 TH 1
+        3.89E-03
 
 TH 2
+        9.70E-04  7.39E-04
 
 TH 3
+        7.22E-04  4.30E-04  8.07E-04
 
 TH 4
+       -1.82E-04 -1.17E-04 -4.01E-05  6.01E-04
 
 TH 5
+       -8.72E-04 -3.25E-04  5.35E-05  9.23E-05  1.53E-03
 
 TH 6
+       -3.96E-06 -3.04E-05  2.27E-04 -6.76E-05  2.07E-05  2.43E-03
 
 TH 7
+       -4.23E-04 -1.04E-04  2.84E-04 -8.44E-05 -8.24E-05  1.36E-04  5.40E-03
 
 TH 8
+       -1.25E-04 -1.14E-04  5.39E-04  7.22E-06 -2.71E-04  3.97E-04 -5.15E-05  7.40E-03
 
 OM11
+        1.17E-03  3.33E-05 -4.23E-05  6.89E-05 -1.34E-04 -1.11E-04 -3.13E-04 -9.60E-05  3.16E-03
 
 OM12
+        1.36E-04 -5.56E-05  1.69E-05  2.96E-05  9.15E-05  1.13E-04 -2.34E-05 -1.09E-04  7.30E-04  4.16E-04
 
 OM13
+        3.14E-04  1.14E-05 -1.20E-05  1.62E-05 -2.53E-06 -1.66E-05 -1.09E-04 -1.81E-04  9.13E-04  3.22E-04  5.02E-04
 
 OM14
+       ......... ......... ......... ......... ......... ......... ......... ......... ......... ......... ......... .........
 
 OM15
+       ......... ......... ......... ......... ......... ......... ......... ......... ......... ......... ......... .........
         .........
 
 OM22
+       -7.39E-05 -2.46E-05  4.02E-05  1.91E-05  9.98E-05  1.04E-04  8.69E-05  1.33E-05  1.33E-04  1.33E-04  8.16E-05  0.00E+00
          0.00E+00  1.33E-04
 
 OM23
+       -4.77E-05 -2.40E-05  2.31E-05  1.54E-05  6.89E-05  8.36E-05  6.67E-05 -2.50E-05  1.49E-04  1.23E-04  1.24E-04  0.00E+00
          0.00E+00  8.49E-05  1.01E-04
 
 OM24
+       ......... ......... ......... ......... ......... ......... ......... ......... ......... ......... ......... .........
         ......... ......... ......... .........
 
 OM25
+       ......... ......... ......... ......... ......... ......... ......... ......... ......... ......... ......... .........
         ......... ......... ......... ......... .........
 
 OM33
+        5.67E-06  3.34E-05  2.36E-05  6.86E-06  1.19E-05  4.89E-05  3.41E-05 -3.80E-05  1.39E-04  8.88E-05  1.57E-04  0.00E+00
          0.00E+00  4.97E-05  9.49E-05  0.00E+00  0.00E+00  1.70E-04
 
 OM34
+       ......... ......... ......... ......... ......... ......... ......... ......... ......... ......... ......... .........
         ......... ......... ......... ......... ......... ......... .........
 
1

            TH 1      TH 2      TH 3      TH 4      TH 5      TH 6      TH 7      TH 8      OM11      OM12      OM13      OM14  
             OM15      OM22      OM23      OM24      OM25      OM33      OM34      OM35      OM44      OM45      OM55      SG11  

 
 OM35
+       ......... ......... ......... ......... ......... ......... ......... ......... ......... ......... ......... .........
         ......... ......... ......... ......... ......... ......... ......... .........
 
 OM44
+       ......... ......... ......... ......... ......... ......... ......... ......... ......... ......... ......... .........
         ......... ......... ......... ......... ......... ......... ......... ......... .........
 
 OM45
+       ......... ......... ......... ......... ......... ......... ......... ......... ......... ......... ......... .........
         ......... ......... ......... ......... ......... ......... ......... ......... ......... .........
 
 OM55
+       ......... ......... ......... ......... ......... ......... ......... ......... ......... ......... ......... .........
         ......... ......... ......... ......... ......... ......... ......... ......... ......... ......... .........
 
 SG11
+        1.68E-06  1.58E-06  6.92E-07  1.58E-06  1.09E-06 -4.80E-07 -8.84E-06 -1.63E-06 -6.65E-06 -2.20E-06 -2.09E-06  0.00E+00
          0.00E+00 -5.78E-07 -1.04E-06  0.00E+00  0.00E+00 -2.14E-06  0.00E+00  0.00E+00  0.00E+00  0.00E+00  0.00E+00  1.38E-06
 
1
 ************************************************************************************************************************
 ********************                                                                                ********************
 ********************                              NUTS BAYESIAN ANALYSIS                            ********************
 ********************              CORRELATION MATRIX OF ESTIMATE (From Sample Variance)             ********************
 ********************                                                                                ********************
 ************************************************************************************************************************
 

            TH 1      TH 2      TH 3      TH 4      TH 5      TH 6      TH 7      TH 8      OM11      OM12      OM13      OM14  
             OM15      OM22      OM23      OM24      OM25      OM33      OM34      OM35      OM44      OM45      OM55      SG11  

 
 TH 1
+        6.24E-02
 
 TH 2
+        5.72E-01  2.72E-02
 
 TH 3
+        4.08E-01  5.57E-01  2.84E-02
 
 TH 4
+       -1.19E-01 -1.75E-01 -5.76E-02  2.45E-02
 
 TH 5
+       -3.57E-01 -3.06E-01  4.81E-02  9.61E-02  3.92E-02
 
 TH 6
+       -1.29E-03 -2.27E-02  1.62E-01 -5.60E-02  1.07E-02  4.93E-02
 
 TH 7
+       -9.22E-02 -5.22E-02  1.36E-01 -4.69E-02 -2.86E-02  3.75E-02  7.35E-02
 
 TH 8
+       -2.33E-02 -4.86E-02  2.21E-01  3.42E-03 -8.04E-02  9.36E-02 -8.15E-03  8.60E-02
 
 OM11
+        3.34E-01  2.18E-02 -2.65E-02  5.00E-02 -6.08E-02 -3.99E-02 -7.58E-02 -1.99E-02  5.62E-02
 
 OM12
+        1.07E-01 -1.00E-01  2.91E-02  5.93E-02  1.15E-01  1.12E-01 -1.56E-02 -6.19E-02  6.37E-01  2.04E-02
 
 OM13
+        2.25E-01  1.87E-02 -1.89E-02  2.95E-02 -2.89E-03 -1.50E-02 -6.60E-02 -9.40E-02  7.25E-01  7.05E-01  2.24E-02
 
 OM14
+       ......... ......... ......... ......... ......... ......... ......... ......... ......... ......... ......... .........
 
 OM15
+       ......... ......... ......... ......... ......... ......... ......... ......... ......... ......... ......... .........
         .........
 
 OM22
+       -1.03E-01 -7.85E-02  1.23E-01  6.78E-02  2.21E-01  1.84E-01  1.03E-01  1.34E-02  2.05E-01  5.68E-01  3.16E-01  0.00E+00
          0.00E+00  1.15E-02
 
 OM23
+       -7.60E-02 -8.78E-02  8.07E-02  6.23E-02  1.75E-01  1.68E-01  9.01E-02 -2.88E-02  2.63E-01  5.99E-01  5.48E-01  0.00E+00
          0.00E+00  7.32E-01  1.01E-02
 
 OM24
+       ......... ......... ......... ......... ......... ......... ......... ......... ......... ......... ......... .........
         ......... ......... ......... .........
 
 OM25
+       ......... ......... ......... ......... ......... ......... ......... ......... ......... ......... ......... .........
         ......... ......... ......... ......... .........
 
 OM33
+        6.97E-03  9.40E-02  6.36E-02  2.14E-02  2.33E-02  7.60E-02  3.56E-02 -3.38E-02  1.90E-01  3.34E-01  5.38E-01  0.00E+00
          0.00E+00  3.31E-01  7.22E-01  0.00E+00  0.00E+00  1.31E-02
 
 OM34
+       ......... ......... ......... ......... ......... ......... ......... ......... ......... ......... ......... .........
         ......... ......... ......... ......... ......... ......... .........
 
1

            TH 1      TH 2      TH 3      TH 4      TH 5      TH 6      TH 7      TH 8      OM11      OM12      OM13      OM14  
             OM15      OM22      OM23      OM24      OM25      OM33      OM34      OM35      OM44      OM45      OM55      SG11  

 
 OM35
+       ......... ......... ......... ......... ......... ......... ......... ......... ......... ......... ......... .........
         ......... ......... ......... ......... ......... ......... ......... .........
 
 OM44
+       ......... ......... ......... ......... ......... ......... ......... ......... ......... ......... ......... .........
         ......... ......... ......... ......... ......... ......... ......... ......... .........
 
 OM45
+       ......... ......... ......... ......... ......... ......... ......... ......... ......... ......... ......... .........
         ......... ......... ......... ......... ......... ......... ......... ......... ......... .........
 
 OM55
+       ......... ......... ......... ......... ......... ......... ......... ......... ......... ......... ......... .........
         ......... ......... ......... ......... ......... ......... ......... ......... ......... ......... .........
 
 SG11
+        2.30E-02  4.94E-02  2.08E-02  5.48E-02  2.36E-02 -8.28E-03 -1.02E-01 -1.62E-02 -1.01E-01 -9.18E-02 -7.93E-02  0.00E+00
          0.00E+00 -4.27E-02 -8.80E-02  0.00E+00  0.00E+00 -1.40E-01  0.00E+00  0.00E+00  0.00E+00  0.00E+00  0.00E+00  1.17E-03
 
1
 ************************************************************************************************************************
 ********************                                                                                ********************
 ********************                              NUTS BAYESIAN ANALYSIS                            ********************
 ********************           INVERSE COVARIANCE MATRIX OF ESTIMATE (From Sample Variance)         ********************
 ********************                                                                                ********************
 ************************************************************************************************************************
 

            TH 1      TH 2      TH 3      TH 4      TH 5      TH 6      TH 7      TH 8      OM11      OM12      OM13      OM14  
             OM15      OM22      OM23      OM24      OM25      OM33      OM34      OM35      OM44      OM45      OM55      SG11  

 
 TH 1
+        5.45E+02
 
 TH 2
+       -3.84E+02  3.27E+03
 
 TH 3
+       -3.62E+02 -1.58E+03  2.75E+03
 
 TH 4
+        5.12E+01  3.45E+02 -1.75E+02  1.77E+03
 
 TH 5
+        2.08E+02  5.01E+02 -5.96E+02  9.95E+00  9.42E+02
 
 TH 6
+       -6.13E+00  1.38E+02 -1.73E+02  7.05E+01  5.25E+01  4.56E+02
 
 TH 7
+        3.83E+01  1.27E+02 -1.89E+02  4.30E+01  7.50E+01  1.09E+01  2.08E+02
 
 TH 8
+        3.30E+01  1.79E+02 -2.44E+02  1.56E+01  8.69E+01 -6.78E+00  2.21E+01  1.63E+02
 
 OM11
+       -1.79E+02  4.06E+00  1.92E+02 -9.54E+01 -2.15E+01  2.31E+01 -1.28E+01 -4.70E+01  9.25E+02
 
 OM12
+        1.59E+01  5.14E+02 -3.56E+02  2.40E+01 -1.37E+01 -1.62E+02  6.26E+01  8.57E+01 -7.97E+02  7.95E+03
 
 OM13
+       -1.39E+02  4.02E+01  1.88E+02  1.51E+02  4.90E-01  1.72E+02  6.06E+01  7.81E+01 -1.41E+03 -2.83E+03  8.08E+03
 
 OM14
+       ......... ......... ......... ......... ......... ......... ......... ......... ......... ......... ......... .........
 
 OM15
+       ......... ......... ......... ......... ......... ......... ......... ......... ......... ......... ......... .........
         .........
 
 OM22
+        3.15E+02 -1.14E+03 -7.12E+01 -1.85E+02 -3.64E+02 -1.29E+02 -9.94E+01 -9.74E+01 -1.07E+02 -3.48E+03  2.15E+03  0.00E+00
          0.00E+00  2.22E+04
 
 OM23
+       -2.60E+01  2.34E+03 -9.59E+02  5.35E+01 -7.53E+01 -2.38E+02 -1.39E+02  1.21E+02  8.24E+02 -4.01E+03 -2.58E+03  0.00E+00
          0.00E+00 -2.23E+04  5.63E+04
 
 OM24
+       ......... ......... ......... ......... ......... ......... ......... ......... ......... ......... ......... .........
         ......... ......... ......... .........
 
 OM25
+       ......... ......... ......... ......... ......... ......... ......... ......... ......... ......... ......... .........
         ......... ......... ......... ......... .........
 
 OM33
+        2.75E+02 -1.79E+03  4.39E+02 -2.25E+02  6.14E+01 -6.93E+01 -4.24E+00 -9.20E+01  5.37E+02  2.42E+03 -4.17E+03  0.00E+00
          0.00E+00  6.12E+03 -2.14E+04  0.00E+00  0.00E+00  1.87E+04
 
 OM34
+       ......... ......... ......... ......... ......... ......... ......... ......... ......... ......... ......... .........
         ......... ......... ......... ......... ......... ......... .........
 
1

            TH 1      TH 2      TH 3      TH 4      TH 5      TH 6      TH 7      TH 8      OM11      OM12      OM13      OM14  
             OM15      OM22      OM23      OM24      OM25      OM33      OM34      OM35      OM44      OM45      OM55      SG11  

 
 OM35
+       ......... ......... ......... ......... ......... ......... ......... ......... ......... ......... ......... .........
         ......... ......... ......... ......... ......... ......... ......... .........
 
 OM44
+       ......... ......... ......... ......... ......... ......... ......... ......... ......... ......... ......... .........
         ......... ......... ......... ......... ......... ......... ......... ......... .........
 
 OM45
+       ......... ......... ......... ......... ......... ......... ......... ......... ......... ......... ......... .........
         ......... ......... ......... ......... ......... ......... ......... ......... ......... .........
 
 OM55
+       ......... ......... ......... ......... ......... ......... ......... ......... ......... ......... ......... .........
         ......... ......... ......... ......... ......... ......... ......... ......... ......... ......... .........
 
 SG11
+       -4.92E+02 -2.79E+03  5.48E+02 -2.66E+03 -9.18E+02 -1.93E+02  1.14E+03  5.90E+01  2.58E+03  3.82E+03 -6.25E+03  0.00E+00
          0.00E+00 -1.17E+02 -9.40E+03  0.00E+00  0.00E+00  1.71E+04  0.00E+00  0.00E+00  0.00E+00  0.00E+00  0.00E+00  7.68E+05
 
 Elapsed postprocess time in seconds:     2.20
 Elapsed finaloutput time in seconds:     0.31
 #CPUT: Total CPU Time in Seconds,     9618.770
Stop Time:
Sun May 12 10:08:47 EDT 2024
