PARAFILE=1000-4.pnm, PROTOCOL=MPI, NODES= 4
TABLE NO.     1: MCMC Bayesian Analysis: Goal Function=AVERAGE VALUE OF LIKELIHOOD FUNCTION: Problem=1 Subproblem=0 Superproblem1=0 Iteration1=0 Superproblem2=0 Iteration2=0
 ITERATION         -500
 STARTING SUBJECTS          1 TO       40 ON MANAGER: OK
 STARTING SUBJECTS         41 TO       80 ON WORKER1: OK
 STARTING SUBJECTS         81 TO      120 ON WORKER2: OK
 STARTING SUBJECTS        121 TO      160 ON WORKER3: OK
 COLLECTING SUBJECTS        1 TO       40 ON MANAGER
 COLLECTING SUBJECTS       41 TO       80 ON WORKER1
 COLLECTING SUBJECTS       81 TO      120 ON WORKER2
 COLLECTING SUBJECTS      121 TO      160 ON WORKER3
 Tot. mngr. proc.   Time for this  Iteration  (DDD:HH:MM:SS.DD) 000:00:00:00.01
 Total Load         Time for this  Iteration  (DDD:HH:MM:SS.DD) 000:00:00:00.00
 Total Computation  Time for this  Iteration  (DDD:HH:MM:SS.DD) 000:00:00:00.12
 Accum. mngr. proc. Time among all Iterations (DDD:HH:MM:SS.DD) 000:00:00:04.51
 Accumulated Load   Time among all Iterations (DDD:HH:MM:SS.DD) 000:00:00:01.48
 Accumulated Comp.  Time among all Iterations (DDD:HH:MM:SS.DD) 000:00:00:59.51
 Accumulated CPU    Time of present job       (DDD:HH:MM:SS.DD) 000:00:00:00.00

 ITERATION           -1
 STARTING SUBJECTS          1 TO       46 ON MANAGER: OK
 STARTING SUBJECTS         47 TO       77 ON WORKER1: OK
 STARTING SUBJECTS         78 TO      108 ON WORKER2: OK
 STARTING SUBJECTS        109 TO      160 ON WORKER3: OK
 COLLECTING SUBJECTS        1 TO       46 ON MANAGER
 COLLECTING SUBJECTS       47 TO       77 ON WORKER1
 COLLECTING SUBJECTS       78 TO      108 ON WORKER2
 COLLECTING SUBJECTS      109 TO      160 ON WORKER3
 Tot. mngr. proc.   Time for this  Iteration  (DDD:HH:MM:SS.DD) 000:00:00:00.01
 Total Load         Time for this  Iteration  (DDD:HH:MM:SS.DD) 000:00:00:00.00
 Total Computation  Time for this  Iteration  (DDD:HH:MM:SS.DD) 000:00:00:00.12
 Accum. mngr. proc. Time among all Iterations (DDD:HH:MM:SS.DD) 000:00:00:04.52
 Accumulated Load   Time among all Iterations (DDD:HH:MM:SS.DD) 000:00:00:01.48
 Accumulated Comp.  Time among all Iterations (DDD:HH:MM:SS.DD) 000:00:00:59.63
 Accumulated CPU    Time of present job       (DDD:HH:MM:SS.DD) 000:00:00:00.00

 ITERATION            0
 STARTING SUBJECTS          1 TO       47 ON MANAGER: OK
 STARTING SUBJECTS         48 TO       77 ON WORKER1: OK
 STARTING SUBJECTS         78 TO      108 ON WORKER2: OK
 STARTING SUBJECTS        109 TO      160 ON WORKER3: OK
 COLLECTING SUBJECTS        1 TO       47 ON MANAGER
 COLLECTING SUBJECTS       48 TO       77 ON WORKER1
 COLLECTING SUBJECTS       78 TO      108 ON WORKER2
 COLLECTING SUBJECTS      109 TO      160 ON WORKER3
 Tot. mngr. proc.   Time for this  Iteration  (DDD:HH:MM:SS.DD) 000:00:00:00.01
 Total Load         Time for this  Iteration  (DDD:HH:MM:SS.DD) 000:00:00:00.00
 Total Computation  Time for this  Iteration  (DDD:HH:MM:SS.DD) 000:00:00:00.12
 Accum. mngr. proc. Time among all Iterations (DDD:HH:MM:SS.DD) 000:00:00:13.59
 Accumulated Load   Time among all Iterations (DDD:HH:MM:SS.DD) 000:00:00:04.30
 Accumulated Comp.  Time among all Iterations (DDD:HH:MM:SS.DD) 000:00:02:59.11
 Accumulated CPU    Time of present job       (DDD:HH:MM:SS.DD) 000:00:02:51.67

 ITERATION         1000
 STARTING SUBJECTS          1 TO       46 ON MANAGER: OK
 STARTING SUBJECTS         47 TO       77 ON WORKER1: OK
 STARTING SUBJECTS         78 TO      108 ON WORKER2: OK
 STARTING SUBJECTS        109 TO      160 ON WORKER3: OK
 COLLECTING SUBJECTS        1 TO       46 ON MANAGER
 COLLECTING SUBJECTS       47 TO       77 ON WORKER1
 COLLECTING SUBJECTS      109 TO      160 ON WORKER3
 COLLECTING SUBJECTS       78 TO      108 ON WORKER2
 ITERATION         1000
 STARTING SUBJECTS          1 TO       46 ON MANAGER: OK
 STARTING SUBJECTS         47 TO       77 ON WORKER1: OK
 STARTING SUBJECTS         78 TO      108 ON WORKER2: OK
 STARTING SUBJECTS        109 TO      160 ON WORKER3: OK
 COLLECTING SUBJECTS        1 TO       46 ON MANAGER
 COLLECTING SUBJECTS       47 TO       77 ON WORKER1
 COLLECTING SUBJECTS      109 TO      160 ON WORKER3
 COLLECTING SUBJECTS       78 TO      108 ON WORKER2
PARAFILE=1000-4.pnm, PROTOCOL=MPI, NODES= 4
FNLETA STEP : Problem=1 Subproblem=0 Superproblem1=0 Iteration1=0 Superproblem2=0 Iteration2=0
 ITERATION            0
 STARTING SUBJECTS          1 TO       40 ON MANAGER: OK
 STARTING SUBJECTS         41 TO       80 ON WORKER1: OK
 STARTING SUBJECTS         81 TO      120 ON WORKER2: OK
 STARTING SUBJECTS        121 TO      160 ON WORKER3: OK
 COLLECTING SUBJECTS        1 TO       40 ON MANAGER
 COLLECTING SUBJECTS      121 TO      160 ON WORKER3
 COLLECTING SUBJECTS       41 TO       80 ON WORKER1
 COLLECTING SUBJECTS       81 TO      120 ON WORKER2
PARAFILE=1000-4.pnm, PROTOCOL=MPI, NODES= 4
WRES STEP : Problem=1 Subproblem=0 Superproblem1=0 Iteration1=0 Superproblem2=0 Iteration2=0
 ITERATION            0
 STARTING SUBJECTS          1 TO       40 ON MANAGER: OK
 STARTING SUBJECTS         41 TO       80 ON WORKER1: OK
 STARTING SUBJECTS         81 TO      120 ON WORKER2: OK
 STARTING SUBJECTS        121 TO      160 ON WORKER3: OK
 COLLECTING SUBJECTS        1 TO       40 ON MANAGER
 COLLECTING SUBJECTS       41 TO       80 ON WORKER1
 COLLECTING SUBJECTS       81 TO      120 ON WORKER2
 COLLECTING SUBJECTS      121 TO      160 ON WORKER3
 Tot. mngr. proc.   Time for this  Iteration  (DDD:HH:MM:SS.DD) 000:00:00:00.01
 Total Load         Time for this  Iteration  (DDD:HH:MM:SS.DD) 000:00:00:00.02
 Total Computation  Time for this  Iteration  (DDD:HH:MM:SS.DD) 000:00:00:00.01
 Accum. mngr. proc. Time among all Iterations (DDD:HH:MM:SS.DD) 000:00:00:00.01
 Accumulated Load   Time among all Iterations (DDD:HH:MM:SS.DD) 000:00:00:00.02
 Accumulated Comp.  Time among all Iterations (DDD:HH:MM:SS.DD) 000:00:00:00.01
 Accumulated CPU    Time of present job       (DDD:HH:MM:SS.DD) 000:00:02:51.67

 ITERATION            1
 STARTING SUBJECTS          1 TO       32 ON MANAGER: OK
 STARTING SUBJECTS         33 TO       58 ON WORKER1: OK
 STARTING SUBJECTS         59 TO      109 ON WORKER2: OK
 STARTING SUBJECTS        110 TO      160 ON WORKER3: OK
 COLLECTING SUBJECTS        1 TO       32 ON MANAGER
 COLLECTING SUBJECTS       33 TO       58 ON WORKER1
 COLLECTING SUBJECTS      110 TO      160 ON WORKER3
 COLLECTING SUBJECTS       59 TO      109 ON WORKER2
