Sun May 12 08:30:45 EDT 2024
$PROBLEM 1000

$INPUT C NUM ID TIME SEQ CMT EVID AMT DV AGE WT HT EGFR ALB BMI SEX AAG
  SCR AST ALT CP TAFD TAD LDOS MDV BLQ PHASE

$DATA ../../../../data/derived/pk.csv IGNORE=(C='C', BLQ=1)

$SUBROUTINE ADVAN4 TRANS4

$PK

;log transformed PK parms

  V2WT   = LOG(WT/70)
  CLWT   = LOG(WT/70) * 0.75
  V3WT   = LOG(WT/70)
  QWT    = LOG(WT/70) * 0.75

  MU_1   = THETA(1)
  MU_2   = THETA(2) + V2WT
  MU_3   = THETA(3) + CLWT
  MU_4   = THETA(4) + V3WT
  MU_5   = THETA(5) + QWT

  ;" CALL EXTRASEND()

  KA     = EXP(MU_1 + ETA(1))
  V2     = EXP(MU_2 + ETA(2))
  CL     = EXP(MU_3 + ETA(3))
  V3     = EXP(MU_4 + ETA(4))
  Q      = EXP(MU_5 + ETA(5))

  S2     = V2/1000 ; dose in mcg, conc in mcg/mL

$ERROR

  IPRED = F
  Y     = IPRED * (1 + EPS(1))

$THETA
; log values
  (0.5)         ; 1 KA (1/hr) - 1.5
  (3.5)         ; 2 V2 (L) - 60
  (1)           ; 3 CL (L/hr) - 3.5
  (4)           ; 4 V3 (L) - 70
  (2)           ; 5 Q  (L/hr) - 4

$OMEGA BLOCK(3)
  0.2           ; ETA(KA)
  0.01 0.2      ; ETA(V2)
  0.01 0.01 0.2 ; ETA(CL)
$OMEGA
  0.025 FIX    ; ETA(V3)
  0.025 FIX    ; ETA(Q)

$SIGMA
  0.05          ; 1 pro error

$PRIOR NWPRI

$THETAP
  (0.5) FIX        ; 1 KA (1/hr) - 1.5
  (3.5) FIX        ; 2 V2 (L) - 60
  (1)   FIX        ; 3 CL (L/hr) - 3.5
  (4)   FIX        ; 4 V3 (L) - 70
  (2)   FIX        ; 5 Q  (L/hr) - 4
$THETAPV BLOCK(5) VALUES(10, 0) FIX

$OMEGAP BLOCK(3) VALUES(0.2, 0.01) FIX

$OMEGAPD (3 FIX)

$SIGMAP
  0.05 FIX           ; 1 pro error

$SIGMAPD (1 FIX)

$EST METHOD=CHAIN FILE=../init.chn NSAMPLE=0 ISAMPLE=4 SEED=1 CTYPE=0 IACCEPT=0.3 DF=10 DFS=0
$EST METHOD=BAYES SEED=4 NBURN=500 NITER=1000 PRINT=10 MSFO=./1000.msf RANMETHOD=P PARAFPRINT=10000 BAYES_PHI_STORE=0

$TABLE NUM CL V2 Q V3 KA ETAS(1:LAST) EPRED IPRED NPDE EWRES NOPRINT ONEHEADER FILE=1000.tab RANMETHOD=P

NM-TRAN MESSAGES
  
 WARNINGS AND ERRORS (IF ANY) FOR PROBLEM    1
             
 (WARNING  2) NM-TRAN INFERS THAT THE DATA ARE POPULATION.

 (MU_WARNING 26) DATA ITEM(S) USED IN DEFINITION OF MU_(S) SHOULD BE CONSTANT FOR INDIV. REC.:
  WT
             
 (WARNING  121) INTERACTION IS IMPLIED WITH EM/BAYES ESTIMATION METHODS

 LIM VALUES MAXLIM ASSESSED BY NMTRAN: 1,2,3,4,5,6,7,8,10,11,13,15,16        
  
Note: Analytical 2nd Derivatives are constructed in FSUBS but are never used.
      You may insert $ABBR DERIV2=NO after the first $PROB to save FSUBS construction and compilation time
  

License Registered to: Metrum Research Group
Expiration Date:    14 JUL 2024
Current Date:       12 MAY 2024
Days until program expires :  62
1NONLINEAR MIXED EFFECTS MODEL PROGRAM (NONMEM) VERSION 7.5.1
 ORIGINALLY DEVELOPED BY STUART BEAL, LEWIS SHEINER, AND ALISON BOECKMANN
 CURRENT DEVELOPERS ARE ROBERT BAUER, ICON DEVELOPMENT SOLUTIONS,
 AND ALISON BOECKMANN. IMPLEMENTATION, EFFICIENCY, AND STANDARDIZATION
 PERFORMED BY NOUS INFOSYSTEMS.

 PROBLEM NO.:         1
 1000
0DATA CHECKOUT RUN:              NO
 DATA SET LOCATED ON UNIT NO.:    2
 THIS UNIT TO BE REWOUND:        NO
 NO. OF DATA RECS IN DATA SET:     4292
 NO. OF DATA ITEMS IN DATA SET:  27
 ID DATA ITEM IS DATA ITEM NO.:   3
 DEP VARIABLE IS DATA ITEM NO.:   9
 MDV DATA ITEM IS DATA ITEM NO.: 25
0INDICES PASSED TO SUBROUTINE PRED:
   7   4   8   0   0   0   6   0   0   0   0
0LABELS FOR DATA ITEMS:
 C NUM ID TIME SEQ CMT EVID AMT DV AGE WT HT EGFR ALB BMI SEX AAG SCR AST ALT CP TAFD TAD LDOS MDV BLQ PHASE
0(NONBLANK) LABELS FOR PRED-DEFINED ITEMS:
 KA V2 CL V3 Q IPRED
0FORMAT FOR DATA:
 (2(10E7.0/),7E7.0)

 TOT. NO. OF OBS RECS:     3142
 TOT. NO. OF INDIVIDUALS:      160
0LENGTH OF THETA:  12
0DEFAULT THETA BOUNDARY TEST OMITTED:    NO
0OMEGA HAS BLOCK FORM:
  1
  1  1
  1  1  1
  0  0  0  2
  0  0  0  0  3
  0  0  0  0  0  4
  0  0  0  0  0  4  4
  0  0  0  0  0  4  4  4
  0  0  0  0  0  4  4  4  4
  0  0  0  0  0  4  4  4  4  4
  0  0  0  0  0  0  0  0  0  0  5
  0  0  0  0  0  0  0  0  0  0  5  5
  0  0  0  0  0  0  0  0  0  0  5  5  5
0DEFAULT OMEGA BOUNDARY TEST OMITTED:    NO
0SIGMA HAS BLOCK FORM:
  1
  0  2
0DEFAULT SIGMA BOUNDARY TEST OMITTED:    NO
0INITIAL ESTIMATE OF THETA:
 LOWER BOUND    INITIAL EST    UPPER BOUND
 -0.1000E+07     0.5000E+00     0.1000E+07
 -0.1000E+07     0.3500E+01     0.1000E+07
 -0.1000E+07     0.1000E+01     0.1000E+07
 -0.1000E+07     0.4000E+01     0.1000E+07
 -0.1000E+07     0.2000E+01     0.1000E+07
  0.5000E+00     0.5000E+00     0.5000E+00
  0.3500E+01     0.3500E+01     0.3500E+01
  0.1000E+01     0.1000E+01     0.1000E+01
  0.4000E+01     0.4000E+01     0.4000E+01
  0.2000E+01     0.2000E+01     0.2000E+01
  0.3000E+01     0.3000E+01     0.3000E+01
  0.1000E+01     0.1000E+01     0.1000E+01
0INITIAL ESTIMATE OF OMEGA:
 BLOCK SET NO.   BLOCK                                                                    FIXED
        1                                                                                   NO
                  0.2000E+00
                  0.1000E-01   0.2000E+00
                  0.1000E-01   0.1000E-01   0.2000E+00
        2                                                                                  YES
                  0.2500E-01
        3                                                                                  YES
                  0.2500E-01
        4                                                                                  YES
                  0.1000E+02
                  0.0000E+00   0.1000E+02
                  0.0000E+00   0.0000E+00   0.1000E+02
                  0.0000E+00   0.0000E+00   0.0000E+00   0.1000E+02
                  0.0000E+00   0.0000E+00   0.0000E+00   0.0000E+00   0.1000E+02
        5                                                                                  YES
                  0.2000E+00
                  0.1000E-01   0.2000E+00
                  0.1000E-01   0.1000E-01   0.2000E+00
0INITIAL ESTIMATE OF SIGMA:
 BLOCK SET NO.   BLOCK                                                                    FIXED
        1                                                                                   NO
                  0.5000E-01
        2                                                                                  YES
                  0.5000E-01
0TABLES STEP OMITTED:    NO
 NO. OF TABLES:           1
 SEED NUMBER (SEED):    11456
 NPDTYPE:    0
 INTERPTYPE:    0
 RANMETHOD:             3UP
 MC SAMPLES (ESAMPLE):    300
 WRES SQUARE ROOT TYPE (WRESCHOL): EIGENVALUE
0-- TABLE   1 --
0RECORDS ONLY:    ALL
04 COLUMNS APPENDED:    YES
 PRINTED:                NO
 HEADERS:               ONE
 FILE TO BE FORWARDED:   NO
 FORMAT:                S1PE11.4
 IDFORMAT:
 LFORMAT:
 RFORMAT:
 FIXED_EFFECT_ETAS:
0USER-CHOSEN ITEMS:
 NUM CL V2 Q V3 KA ETA1 ETA2 ETA3 ETA4 ETA5 EPRED IPRED NPDE EWRES
0
 PRIOR SUBROUTINE USER-SUPPLIED
1DOUBLE PRECISION PREDPP VERSION 7.5.1

 TWO COMPARTMENT MODEL WITH FIRST-ORDER ABSORPTION (ADVAN4)
0MAXIMUM NO. OF BASIC PK PARAMETERS:   5
0BASIC PK PARAMETERS (AFTER TRANSLATION):
   BASIC PK PARAMETER NO.  1: ELIMINATION RATE (K)
   BASIC PK PARAMETER NO.  2: CENTRAL-TO-PERIPH. RATE (K23)
   BASIC PK PARAMETER NO.  3: PERIPH.-TO-CENTRAL RATE (K32)
   BASIC PK PARAMETER NO.  5: ABSORPTION RATE (KA)
 TRANSLATOR WILL CONVERT PARAMETERS
 CL, V2, Q, V3 TO K, K23, K32 (TRANS4)
0COMPARTMENT ATTRIBUTES
 COMPT. NO.   FUNCTION   INITIAL    ON/OFF      DOSE      DEFAULT    DEFAULT
                         STATUS     ALLOWED    ALLOWED    FOR DOSE   FOR OBS.
    1         DEPOT        OFF        YES        YES        YES        NO
    2         CENTRAL      ON         NO         YES        NO         YES
    3         PERIPH.      ON         NO         YES        NO         NO
    4         OUTPUT       OFF        YES        NO         NO         NO
1
 ADDITIONAL PK PARAMETERS - ASSIGNMENT OF ROWS IN GG
 COMPT. NO.                             INDICES
              SCALE      BIOAVAIL.   ZERO-ORDER  ZERO-ORDER  ABSORB
                         FRACTION    RATE        DURATION    LAG
    1            *           *           *           *           *
    2            6           *           *           *           *
    3            *           *           *           *           *
    4            *           -           -           -           -
             - PARAMETER IS NOT ALLOWED FOR THIS MODEL
             * PARAMETER IS NOT SUPPLIED BY PK SUBROUTINE;
               WILL DEFAULT TO ONE IF APPLICABLE
0DATA ITEM INDICES USED BY PRED ARE:
   EVENT ID DATA ITEM IS DATA ITEM NO.:      7
   TIME DATA ITEM IS DATA ITEM NO.:          4
   DOSE AMOUNT DATA ITEM IS DATA ITEM NO.:   8
   COMPT. NO. DATA ITEM IS DATA ITEM NO.:    6

0PK SUBROUTINE CALLED WITH EVERY EVENT RECORD.
 PK SUBROUTINE NOT CALLED AT NONEVENT (ADDITIONAL OR LAGGED) DOSE TIMES.
0ERROR SUBROUTINE CALLED WITH EVERY EVENT RECORD.
1


 #TBLN:      1
 #METH: Chain Method Processing

 RANDOM GENERATION TYPE (CTYPE):     0
 RANDOM GENERATION SEED (SEED):      1
 RANDOM SAMPLE SELECTION (ISAMPLE):  4
 RANDOM SAMPLE RANGE END (ISAMPEND): -2147483647
 NUMBER OF RANDOM SAMPLES (NSAMPLE): 0
 UNIFORM FRACTIONAL RANGE (IACCEPT): 0.300000000000000
 RANDOM SELECTION TYPE (SELECT):     0
 DEG. FR. TO GENERATE OMEGAS (DF):   10
 DEG. FR. TO GENERATE SIGMAS (DFS):  0
 CHAIN FILE (FILE):                  ../init.chn
 EXCL. TITLE IN CHAIN FILE (NOTITLE):NO
 EX. COL. LBS. IN CHAIN FL.(NOLABEL):NO
 FORMAT FOR CHAIN FILE (FORMAT):     S1PE12.5
 PAR. ORDER in CHAIN FILE (ORDER):   TSOL
 RANDOM SAMPLING METHOD (RANMETHOD):3U

 THE FOLLOWING LABELS ARE EQUIVALENT
 PRED=NPRED
 RES=NRES
 WRES=NWRES
 IWRS=NIWRES
 IPRD=NIPRED
 IRS=NIRES



 FROM SAMPLE 4 OF CHAIN FILE ../init.chn
 NEW INITIAL ESTIMATES OF THETA
  0.5934E+00
  0.3691E+01
  0.9818E+00
  0.4936E+01
  0.2191E+01
 NEW INITIAL ESTIMATES OF OMEGA
  0.1857E+00
 -0.8889E-01  0.3631E+00
  0.6215E-02 -0.1210E+00  0.1927E+00
  0.0000E+00  0.0000E+00  0.0000E+00  0.2500E-01
  0.0000E+00  0.0000E+00  0.0000E+00  0.0000E+00  0.2500E-01
 NEW INITIAL ESTIMATES OF SIGMA
  0.3081E-01

 #PARA: PARAFILE=1000-4.pnm, PROTOCOL=MPI, NODES= 4

1


 #TBLN:      1
 #METH: MCMC Bayesian Analysis

 ESTIMATION STEP OMITTED:                 NO
 ANALYSIS TYPE:                           POPULATION
 NUMBER OF SADDLE POINT RESET ITERATIONS:      0
 GRADIENT METHOD USED:               NOSLOW
 CONDITIONAL ESTIMATES USED:              YES
 CENTERED ETA:                            NO
 EPS-ETA INTERACTION:                     YES
 LAPLACIAN OBJ. FUNC.:                    NO
 NO. OF FUNCT. EVALS. ALLOWED:            3480
 NO. OF SIG. FIGURES REQUIRED:            3
 INTERMEDIATE PRINTOUT:                   YES
 ESTIMATE OUTPUT TO MSF:                  YES
 IND. OBJ. FUNC. VALUES SORTED:           NO
 NUMERICAL DERIVATIVE
       FILE REQUEST (NUMDER):               NONE
 MAP (ETAHAT) ESTIMATION METHOD (OPTMAP):   0
 ETA HESSIAN EVALUATION METHOD (ETADER):    0
 INITIAL ETA FOR MAP ESTIMATION (MCETA):    0
 SIGDIGITS FOR MAP ESTIMATION (SIGLO):      100
 GRADIENT SIGDIGITS OF
       FIXED EFFECTS PARAMETERS (SIGL):     100
 NOPRIOR SETTING (NOPRIOR):                 0
 NOCOV SETTING (NOCOV):                     OFF
 DERCONT SETTING (DERCONT):                 OFF
 FINAL ETA RE-EVALUATION (FNLETA):          1
 EXCLUDE NON-INFLUENTIAL (NON-INFL.) ETAS
       IN SHRINKAGE (ETASTYPE):             NO
 NON-INFL. ETA CORRECTION (NONINFETA):      0
 RAW OUTPUT FILE (FILE): 1000-4.ext
 EXCLUDE TITLE (NOTITLE):                   NO
 EXCLUDE COLUMN LABELS (NOLABEL):           NO
 FORMAT FOR ADDITIONAL FILES (FORMAT):      S1PE12.5
 PARAMETER ORDER FOR OUTPUTS (ORDER):       TSOL
 KNUTHSUMOFF:                               0
 INCLUDE LNTWOPI:                           NO
 INCLUDE CONSTANT TERM TO PRIOR (PRIORC):   NO
 INCLUDE CONSTANT TERM TO OMEGA (ETA) (OLNTWOPI):NO
 EM OR BAYESIAN METHOD USED:                MCMC BAYESIAN (BAYES)
 BAYES INDIVIDUAL PARAMETERS ONLY: NO
 MU MODELING PATTERN (MUM):
 GRADIENT/GIBBS PATTERN (GRD):
 AUTOMATIC SETTING FEATURE (AUTO):          0
 CONVERGENCE TYPE (CTYPE):                  0
 KEEP ITERATIONS (THIN):            1
 BURN-IN ITERATIONS (NBURN):                500
 FIRST ITERATION FOR MAP (MAPITERS):          NO
 ITERATIONS (NITER):                        1000
 ANNEAL SETTING (CONSTRAIN):                 1
 STARTING SEED FOR MC METHODS (SEED):       4
 MC SAMPLES PER SUBJECT (ISAMPLE):          1
 RANDOM SAMPLING METHOD (RANMETHOD):        3UP
 PROPOSAL DENSITY SCALING RANGE
              (ISCALE_MIN, ISCALE_MAX):     1.000000000000000E-06   ,1000000.00000000
 SAMPLE ACCEPTANCE RATE (IACCEPT):          0.400000000000000
 METROPOLIS HASTINGS SAMPLING FOR INDIVIDUAL ETAS:
 SAMPLES FOR GLOBAL SEARCH KERNEL (ISAMPLE_M1):          2
 SAMPLES FOR NEIGHBOR SEARCH KERNEL (ISAMPLE_M1A):       0
 SAMPLES FOR MASS/IMP/POST. MATRIX SEARCH (ISAMPLE_M1B): 2
 SAMPLES FOR LOCAL SEARCH KERNEL (ISAMPLE_M2):           2
 SAMPLES FOR LOCAL UNIVARIATE KERNEL (ISAMPLE_M3):       2
 PWR. WT. MASS/IMP/POST MATRIX ACCUM. FOR ETAS (IKAPPA): 1.00000000000000
 MASS/IMP./POST. MATRIX REFRESH SETTING (MASSRESET):      -1
 METROPOLIS HASTINGS POPULATION SAMPLING FOR NON-GIBBS
 SAMPLED THETAS AND SIGMAS:
 PROPOSAL DENSITY SCALING RANGE
              (PSCALE_MIN, PSCALE_MAX):   1.000000000000000E-02   ,1000.00000000000
 SAMPLE ACCEPTANCE RATE (PACCEPT):                       0.500000000000000
 SAMPLES FOR GLOBAL SEARCH KERNEL (PSAMPLE_M1):          1
 SAMPLES FOR LOCAL SEARCH KERNEL (PSAMPLE_M2):           -1
 SAMPLES FOR LOCAL UNIVARIATE KERNEL (PSAMPLE_M3):       1
 METROPOLIS HASTINGS POPULATION SAMPLING FOR NON-GIBBS
 SAMPLED OMEGAS:
 SAMPLE ACCEPTANCE RATE (OACCEPT):                       0.500000000000000
 SAMPLES FOR GLOBAL SEARCH KERNEL (OSAMPLE_M1):          -1
 SAMPLES FOR LOCAL SEARCH KERNEL (OSAMPLE_M2):           8
 SAMPLES FOR LOCAL UNIVARIATE SEARCH KERNEL (OSAMPLE_M3):8
 USER DEFINED PRIOR SETTING FOR THETAS: (TPU):        0.00000000000000
 WEIGHT FACTOR FOR STD PRIOR FOR SIGMAS (SVARF): -1.000000000000000+300


 THE FOLLOWING LABELS ARE EQUIVALENT
 PRED=PREDI
 RES=RESI
 WRES=WRESI
 IWRS=IWRESI
 IPRD=IPREDI
 IRS=IRESI

 EM/BAYES SETUP:
 THETAS THAT ARE MU MODELED:
   1   2   3   4   5
 THETAS THAT ARE GIBBS SAMPLED:
   1   2   3   4   5
 THETAS THAT ARE METROPOLIS-HASTINGS SAMPLED:
 
 SIGMAS THAT ARE GIBBS SAMPLED:
   1
 SIGMAS THAT ARE METROPOLIS-HASTINGS SAMPLED:
 
 OMEGAS ARE GIBBS SAMPLED

 MONITORING OF SEARCH:

 Burn-in Mode
 iteration         -500 MCMCOBJ=    38723.745462981198     
 iteration         -490 MCMCOBJ=    28787.047507401418     
 iteration         -480 MCMCOBJ=    28581.349818708291     
 iteration         -470 MCMCOBJ=    28452.296473495899     
 iteration         -460 MCMCOBJ=    28395.787928989321     
 iteration         -450 MCMCOBJ=    28415.845637781687     
 iteration         -440 MCMCOBJ=    28440.926356960015     
 iteration         -430 MCMCOBJ=    28410.913861928151     
 iteration         -420 MCMCOBJ=    28468.114069136351     
 iteration         -410 MCMCOBJ=    28360.740433340416     
 iteration         -400 MCMCOBJ=    28317.798792098900     
 iteration         -390 MCMCOBJ=    28488.300251675853     
 iteration         -380 MCMCOBJ=    28463.026106123965     
 iteration         -370 MCMCOBJ=    28451.762991048825     
 iteration         -360 MCMCOBJ=    28426.152054264043     
 iteration         -350 MCMCOBJ=    28394.984889418669     
 iteration         -340 MCMCOBJ=    28413.347638803614     
 iteration         -330 MCMCOBJ=    28406.682397046738     
 iteration         -320 MCMCOBJ=    28450.720928950497     
 iteration         -310 MCMCOBJ=    28435.580123072603     
 iteration         -300 MCMCOBJ=    28432.725925805542     
 iteration         -290 MCMCOBJ=    28458.974255559649     
 iteration         -280 MCMCOBJ=    28473.164131008318     
 iteration         -270 MCMCOBJ=    28426.694474965043     
 iteration         -260 MCMCOBJ=    28313.511025293061     
 iteration         -250 MCMCOBJ=    28346.389137231734     
 iteration         -240 MCMCOBJ=    28466.244390999695     
 iteration         -230 MCMCOBJ=    28430.149810078048     
 iteration         -220 MCMCOBJ=    28393.101748494097     
 iteration         -210 MCMCOBJ=    28385.999011571894     
 iteration         -200 MCMCOBJ=    28488.055384501302     
 iteration         -190 MCMCOBJ=    28491.321057780249     
 iteration         -180 MCMCOBJ=    28440.109985344821     
 iteration         -170 MCMCOBJ=    28457.182996183852     
 iteration         -160 MCMCOBJ=    28495.115529095423     
 iteration         -150 MCMCOBJ=    28471.894215030516     
 iteration         -140 MCMCOBJ=    28396.529731936920     
 iteration         -130 MCMCOBJ=    28431.208387799910     
 iteration         -120 MCMCOBJ=    28515.386467198387     
 iteration         -110 MCMCOBJ=    28401.954898269767     
 iteration         -100 MCMCOBJ=    28547.960380542074     
 iteration          -90 MCMCOBJ=    28458.313477079661     
 iteration          -80 MCMCOBJ=    28485.164561143662     
 iteration          -70 MCMCOBJ=    28478.329202847486     
 iteration          -60 MCMCOBJ=    28351.595415229654     
 iteration          -50 MCMCOBJ=    28466.753236528701     
 iteration          -40 MCMCOBJ=    28448.266404633301     
 iteration          -30 MCMCOBJ=    28386.412982539139     
 iteration          -20 MCMCOBJ=    28426.116420038448     
 iteration          -10 MCMCOBJ=    28477.643838676671     
 Sampling Mode
 iteration            0 MCMCOBJ=    28328.657337501871     
 iteration           10 MCMCOBJ=    28402.398437925083     
 iteration           20 MCMCOBJ=    28402.722959905048     
 iteration           30 MCMCOBJ=    28440.332535742389     
 iteration           40 MCMCOBJ=    28423.000452618489     
 iteration           50 MCMCOBJ=    28389.672369795717     
 iteration           60 MCMCOBJ=    28319.133324017985     
 iteration           70 MCMCOBJ=    28399.917759647349     
 iteration           80 MCMCOBJ=    28472.534029789484     
 iteration           90 MCMCOBJ=    28514.870499479421     
 iteration          100 MCMCOBJ=    28443.093922620013     
 iteration          110 MCMCOBJ=    28428.616915722760     
 iteration          120 MCMCOBJ=    28342.755566067732     
 iteration          130 MCMCOBJ=    28488.837724830428     
 iteration          140 MCMCOBJ=    28458.029809290299     
 iteration          150 MCMCOBJ=    28450.500662763876     
 iteration          160 MCMCOBJ=    28473.436601584017     
 iteration          170 MCMCOBJ=    28460.871723646913     
 iteration          180 MCMCOBJ=    28462.254863333746     
 iteration          190 MCMCOBJ=    28495.199638107068     
 iteration          200 MCMCOBJ=    28453.820967676620     
 iteration          210 MCMCOBJ=    28443.920459505582     
 iteration          220 MCMCOBJ=    28369.049675137725     
 iteration          230 MCMCOBJ=    28473.580834509718     
 iteration          240 MCMCOBJ=    28489.502327520084     
 iteration          250 MCMCOBJ=    28480.435115607121     
 iteration          260 MCMCOBJ=    28378.370914064359     
 iteration          270 MCMCOBJ=    28403.873742970070     
 iteration          280 MCMCOBJ=    28378.511489894030     
 iteration          290 MCMCOBJ=    28475.496666896641     
 iteration          300 MCMCOBJ=    28449.767664307106     
 iteration          310 MCMCOBJ=    28490.928895657635     
 iteration          320 MCMCOBJ=    28404.931953209551     
 iteration          330 MCMCOBJ=    28465.326187230843     
 iteration          340 MCMCOBJ=    28432.192546664875     
 iteration          350 MCMCOBJ=    28452.551048825415     
 iteration          360 MCMCOBJ=    28523.981782867169     
 iteration          370 MCMCOBJ=    28472.604512264243     
 iteration          380 MCMCOBJ=    28376.820082575588     
 iteration          390 MCMCOBJ=    28565.998233894574     
 iteration          400 MCMCOBJ=    28513.745575678535     
 iteration          410 MCMCOBJ=    28539.153830840340     
 iteration          420 MCMCOBJ=    28419.053644217129     
 iteration          430 MCMCOBJ=    28507.122877722461     
 iteration          440 MCMCOBJ=    28567.319957244454     
 iteration          450 MCMCOBJ=    28550.241758030072     
 iteration          460 MCMCOBJ=    28465.832028421581     
 iteration          470 MCMCOBJ=    28494.567638446933     
 iteration          480 MCMCOBJ=    28461.873138033345     
 iteration          490 MCMCOBJ=    28471.557866294104     
 iteration          500 MCMCOBJ=    28439.698252136161     
 iteration          510 MCMCOBJ=    28470.364224955476     
 iteration          520 MCMCOBJ=    28445.107620906365     
 iteration          530 MCMCOBJ=    28372.672711571831     
 iteration          540 MCMCOBJ=    28371.327226563801     
 iteration          550 MCMCOBJ=    28454.902594334857     
 iteration          560 MCMCOBJ=    28525.390487823097     
 iteration          570 MCMCOBJ=    28458.168942039025     
 iteration          580 MCMCOBJ=    28469.592004423408     
 iteration          590 MCMCOBJ=    28460.547469430741     
 iteration          600 MCMCOBJ=    28466.529184009491     
 iteration          610 MCMCOBJ=    28381.914010264896     
 iteration          620 MCMCOBJ=    28426.304646831253     
 iteration          630 MCMCOBJ=    28488.713702366342     
 iteration          640 MCMCOBJ=    28416.739033609378     
 iteration          650 MCMCOBJ=    28394.957288201644     
 iteration          660 MCMCOBJ=    28532.879890575321     
 iteration          670 MCMCOBJ=    28519.149714472071     
 iteration          680 MCMCOBJ=    28489.235432528141     
 iteration          690 MCMCOBJ=    28431.583108481911     
 iteration          700 MCMCOBJ=    28386.692129207575     
 iteration          710 MCMCOBJ=    28450.468872914589     
 iteration          720 MCMCOBJ=    28499.099883185783     
 iteration          730 MCMCOBJ=    28443.378402721501     
 iteration          740 MCMCOBJ=    28470.261069019882     
 iteration          750 MCMCOBJ=    28418.103819433269     
 iteration          760 MCMCOBJ=    28536.000604654411     
 iteration          770 MCMCOBJ=    28451.621033954725     
 iteration          780 MCMCOBJ=    28425.687647075170     
 iteration          790 MCMCOBJ=    28494.922272158772     
 iteration          800 MCMCOBJ=    28380.887984795252     
 iteration          810 MCMCOBJ=    28418.772995528707     
 iteration          820 MCMCOBJ=    28367.557907324932     
 iteration          830 MCMCOBJ=    28395.195444012523     
 iteration          840 MCMCOBJ=    28457.995547045790     
 iteration          850 MCMCOBJ=    28475.887873963369     
 iteration          860 MCMCOBJ=    28426.892839766817     
 iteration          870 MCMCOBJ=    28453.854081590885     
 iteration          880 MCMCOBJ=    28485.788097702756     
 iteration          890 MCMCOBJ=    28376.488145248131     
 iteration          900 MCMCOBJ=    28416.595143055707     
 iteration          910 MCMCOBJ=    28430.342894977210     
 iteration          920 MCMCOBJ=    28422.302968907836     
 iteration          930 MCMCOBJ=    28439.068414297635     
 iteration          940 MCMCOBJ=    28460.496601801220     
 iteration          950 MCMCOBJ=    28472.538594414753     
 iteration          960 MCMCOBJ=    28396.285738537124     
 iteration          970 MCMCOBJ=    28460.834562673186     
 iteration          980 MCMCOBJ=    28427.205035163730     
 iteration          990 MCMCOBJ=    28388.846713818370     
 iteration         1000 MCMCOBJ=    28451.403978464175     

 #TERM:
 BURN-IN WAS NOT TESTED FOR CONVERGENCE
 STATISTICAL PORTION WAS COMPLETED

 ETABAR IS THE ARITHMETIC MEAN OF THE ETA-ESTIMATES,
 AND THE P-VALUE IS GIVEN FOR THE NULL HYPOTHESIS THAT THE TRUE MEAN IS 0.

 ETABAR:         1.9062E-04 -5.0689E-04 -8.1164E-05  1.1067E-04  5.4300E-04
 SE:             3.0859E-02  2.1448E-02  3.2233E-02  4.8104E-03  3.9973E-03
 N:                     160         160         160         160         160

 P VAL.:         9.9507E-01  9.8115E-01  9.9799E-01  9.8165E-01  8.9195E-01

 ETASHRINKSD(%)  2.1656E+01  9.8016E+00  2.8138E+00  6.1517E+01  6.8022E+01
 ETASHRINKVR(%)  3.8623E+01  1.8642E+01  5.5484E+00  8.5190E+01  8.9774E+01
 EBVSHRINKSD(%)  2.0799E+01  7.0772E+00  1.0125E+00  4.9270E+01  6.8172E+01
 EBVSHRINKVR(%)  3.7272E+01  1.3653E+01  2.0148E+00  7.4265E+01  8.9870E+01
 RELATIVEINF(%)  2.2793E+01  5.6472E+01  8.9064E+01  2.2112E+01  5.4354E+00
 EPSSHRINKSD(%)  7.1927E+00
 EPSSHRINKVR(%)  1.3868E+01

  
 TOTAL DATA POINTS NORMALLY DISTRIBUTED (N):         3142
 N*LOG(2PI) CONSTANT TO OBJECTIVE FUNCTION:    5774.6097426581628     
 OBJECTIVE FUNCTION VALUE WITHOUT CONSTANT:    28451.563576497010     
 OBJECTIVE FUNCTION VALUE WITH CONSTANT:       34226.173319155176     
 REPORTED OBJECTIVE FUNCTION DOES NOT CONTAIN CONSTANT
  
 TOTAL EFFECTIVE ETAS (NIND*NETA):                           800
 NIND*NETA*LOG(2PI) CONSTANT TO OBJECTIVE FUNCTION:    1470.3016531274764     
 OBJECTIVE FUNCTION VALUE WITHOUT CONSTANT:    28451.563576497010     
 OBJECTIVE FUNCTION VALUE WITH CONSTANT:       29921.865229624487     
 REPORTED OBJECTIVE FUNCTION DOES NOT CONTAIN CONSTANT
  
 PRIOR CONSTANT TO OBJECTIVE FUNCTION:    40.730859670953315     
 OBJECTIVE FUNCTION VALUE WITHOUT CONSTANT:    28451.563576497010     
 OBJECTIVE FUNCTION VALUE WITH CONSTANT:       28492.294436167962     
 REPORTED OBJECTIVE FUNCTION DOES NOT CONTAIN CONSTANT
  
 #TERE:
 Elapsed estimation  time in seconds:    70.79
 Elapsed covariance  time in seconds:     0.00
1
 
 
 
 
 
 
 
 
 
 
 
 
 
 
 
 
 
 
 
 
 ************************************************************************************************************************
 ********************                                                                                ********************
 ********************                              MCMC BAYESIAN ANALYSIS                            ********************
 #OBJT:**************                       AVERAGE VALUE OF LIKELIHOOD FUNCTION                     ********************
 ********************                                                                                ********************
 ************************************************************************************************************************
 





 #OBJV:********************************************    28451.564       **************************************************
 #OBJS:********************************************       49.427 (STD) **************************************************
1
 ************************************************************************************************************************
 ********************                                                                                ********************
 ********************                              MCMC BAYESIAN ANALYSIS                            ********************
 ********************                             FINAL PARAMETER ESTIMATE                           ********************
 ********************                                                                                ********************
 ************************************************************************************************************************
 


 THETA - VECTOR OF FIXED EFFECTS PARAMETERS   *********


         TH 1      TH 2      TH 3      TH 4      TH 5     
 
         4.69E-01  4.10E+00  1.10E+00  4.23E+00  1.30E+00
 


 OMEGA - COV MATRIX FOR RANDOM EFFECTS - ETAS  ********


         ETA1      ETA2      ETA3      ETA4      ETA5     
 
 ETA1
+        2.48E-01
 
 ETA2
+        7.64E-02  9.05E-02
 
 ETA3
+        1.36E-01  7.45E-02  1.76E-01
 
 ETA4
+        0.00E+00  0.00E+00  0.00E+00  2.50E-02
 
 ETA5
+        0.00E+00  0.00E+00  0.00E+00  0.00E+00  2.50E-02
 


 SIGMA - COV MATRIX FOR RANDOM EFFECTS - EPSILONS  ****


         EPS1     
 
 EPS1
+        3.94E-02
 
1


 OMEGA - CORR MATRIX FOR RANDOM EFFECTS - ETAS  *******


         ETA1      ETA2      ETA3      ETA4      ETA5     
 
 ETA1
+        4.95E-01
 
 ETA2
+        5.06E-01  3.00E-01
 
 ETA3
+        6.55E-01  5.89E-01  4.19E-01
 
 ETA4
+        0.00E+00  0.00E+00  0.00E+00  1.58E-01
 
 ETA5
+        0.00E+00  0.00E+00  0.00E+00  0.00E+00  1.58E-01
 


 SIGMA - CORR MATRIX FOR RANDOM EFFECTS - EPSILONS  ***


         EPS1     
 
 EPS1
+        1.98E-01
 
1
 ************************************************************************************************************************
 ********************                                                                                ********************
 ********************                              MCMC BAYESIAN ANALYSIS                            ********************
 ********************                STANDARD ERROR OF ESTIMATE (From Sample Variance)               ********************
 ********************                                                                                ********************
 ************************************************************************************************************************
 


 THETA - VECTOR OF FIXED EFFECTS PARAMETERS   *********


         TH 1      TH 2      TH 3      TH 4      TH 5     
 
         6.36E-02  2.87E-02  3.39E-02  2.46E-02  3.54E-02
 


 OMEGA - COV MATRIX FOR RANDOM EFFECTS - ETAS  ********


         ETA1      ETA2      ETA3      ETA4      ETA5     
 
 ETA1
+        5.52E-02
 
 ETA2
+        2.20E-02  1.29E-02
 
 ETA3
+        2.73E-02  1.33E-02  2.04E-02
 
 ETA4
+        0.00E+00  0.00E+00  0.00E+00  0.00E+00
 
 ETA5
+        0.00E+00  0.00E+00  0.00E+00  0.00E+00  0.00E+00
 


 SIGMA - COV MATRIX FOR RANDOM EFFECTS - EPSILONS  ****


         EPS1     
 
 EPS1
+        1.10E-03
 
1


 OMEGA - CORR MATRIX FOR RANDOM EFFECTS - ETAS  *******


         ETA1      ETA2      ETA3      ETA4      ETA5     
 
 ETA1
+        5.47E-02
 
 ETA2
+        8.99E-02  2.12E-02
 
 ETA3
+        7.79E-02  6.12E-02  2.43E-02
 
 ETA4
+        0.00E+00  0.00E+00  0.00E+00  2.66E-08
 
 ETA5
+        0.00E+00  0.00E+00  0.00E+00  0.00E+00  2.66E-08
 


 SIGMA - CORR MATRIX FOR RANDOM EFFECTS - EPSILONS  ***


         EPS1     
 
 EPS1
+        2.78E-03
 
1
 ************************************************************************************************************************
 ********************                                                                                ********************
 ********************                              MCMC BAYESIAN ANALYSIS                            ********************
 ********************               COVARIANCE MATRIX OF ESTIMATE (From Sample Variance)             ********************
 ********************                                                                                ********************
 ************************************************************************************************************************
 

            TH 1      TH 2      TH 3      TH 4      TH 5      OM11      OM12      OM13      OM14      OM15      OM22      OM23  
             OM24      OM25      OM33      OM34      OM35      OM44      OM45      OM55      SG11  
 
 TH 1
+        4.04E-03
 
 TH 2
+        9.35E-04  8.25E-04
 
 TH 3
+        7.66E-04  4.99E-04  1.15E-03
 
 TH 4
+       -3.03E-04 -1.57E-04 -1.67E-05  6.03E-04
 
 TH 5
+       -7.39E-04 -3.29E-04  4.22E-05  1.61E-04  1.25E-03
 
 OM11
+        1.04E-03 -1.73E-04 -1.00E-04 -2.03E-05  1.04E-04  3.05E-03
 
 OM12
+        1.26E-04 -1.10E-04 -2.80E-05  4.04E-05  1.26E-04  8.82E-04  4.83E-04
 
 OM13
+        2.86E-04 -6.46E-05 -2.02E-05  1.45E-05  5.33E-05  1.01E-03  4.13E-04  7.43E-04
 
 OM14
+       ......... ......... ......... ......... ......... ......... ......... ......... .........
 
 OM15
+       ......... ......... ......... ......... ......... ......... ......... ......... ......... .........
 
 OM22
+       -7.01E-05 -5.31E-05 -2.00E-05  1.17E-05  6.12E-05  2.07E-04  1.81E-04  1.42E-04  0.00E+00  0.00E+00  1.65E-04
 
 OM23
+       -6.95E-05 -4.79E-05 -5.74E-06  1.55E-05  5.96E-05  2.21E-04  1.79E-04  2.23E-04  0.00E+00  0.00E+00  1.23E-04  1.76E-04
 
 OM24
+       ......... ......... ......... ......... ......... ......... ......... ......... ......... ......... ......... .........
         .........
 
 OM25
+       ......... ......... ......... ......... ......... ......... ......... ......... ......... ......... ......... .........
         ......... .........
 
 OM33
+       -3.19E-05 -3.48E-06 -9.06E-06 -8.85E-06 -3.21E-05  2.07E-04  1.39E-04  3.26E-04  0.00E+00  0.00E+00  8.12E-05  1.76E-04
          0.00E+00  0.00E+00  4.16E-04
 
 OM34
+       ......... ......... ......... ......... ......... ......... ......... ......... ......... ......... ......... .........
         ......... ......... ......... .........
 
 OM35
+       ......... ......... ......... ......... ......... ......... ......... ......... ......... ......... ......... .........
         ......... ......... ......... ......... .........
 
 OM44
+       ......... ......... ......... ......... ......... ......... ......... ......... ......... ......... ......... .........
         ......... ......... ......... ......... ......... .........
 
 OM45
+       ......... ......... ......... ......... ......... ......... ......... ......... ......... ......... ......... .........
         ......... ......... ......... ......... ......... ......... .........
 
1

            TH 1      TH 2      TH 3      TH 4      TH 5      OM11      OM12      OM13      OM14      OM15      OM22      OM23  
             OM24      OM25      OM33      OM34      OM35      OM44      OM45      OM55      SG11  
 
 OM55
+       ......... ......... ......... ......... ......... ......... ......... ......... ......... ......... ......... .........
         ......... ......... ......... ......... ......... ......... ......... .........
 
 SG11
+       -4.27E-07  1.76E-06  6.34E-08  1.18E-06  6.02E-07 -4.78E-06 -1.06E-06 -1.20E-06  0.00E+00  0.00E+00 -4.82E-07 -2.67E-07
          0.00E+00  0.00E+00 -1.21E-06  0.00E+00  0.00E+00  0.00E+00  0.00E+00  0.00E+00  1.22E-06
 
1
 ************************************************************************************************************************
 ********************                                                                                ********************
 ********************                              MCMC BAYESIAN ANALYSIS                            ********************
 ********************              CORRELATION MATRIX OF ESTIMATE (From Sample Variance)             ********************
 ********************                                                                                ********************
 ************************************************************************************************************************
 

            TH 1      TH 2      TH 3      TH 4      TH 5      OM11      OM12      OM13      OM14      OM15      OM22      OM23  
             OM24      OM25      OM33      OM34      OM35      OM44      OM45      OM55      SG11  
 
 TH 1
+        6.36E-02
 
 TH 2
+        5.12E-01  2.87E-02
 
 TH 3
+        3.56E-01  5.13E-01  3.39E-02
 
 TH 4
+       -1.94E-01 -2.23E-01 -2.01E-02  2.46E-02
 
 TH 5
+       -3.29E-01 -3.24E-01  3.52E-02  1.85E-01  3.54E-02
 
 OM11
+        2.97E-01 -1.09E-01 -5.35E-02 -1.50E-02  5.34E-02  5.52E-02
 
 OM12
+        9.04E-02 -1.74E-01 -3.76E-02  7.49E-02  1.63E-01  7.27E-01  2.20E-02
 
 OM13
+        1.65E-01 -8.26E-02 -2.19E-02  2.17E-02  5.53E-02  6.73E-01  6.90E-01  2.73E-02
 
 OM14
+       ......... ......... ......... ......... ......... ......... ......... ......... .........
 
 OM15
+       ......... ......... ......... ......... ......... ......... ......... ......... ......... .........
 
 OM22
+       -8.57E-02 -1.44E-01 -4.60E-02  3.70E-02  1.35E-01  2.91E-01  6.40E-01  4.05E-01  0.00E+00  0.00E+00  1.29E-02
 
 OM23
+       -8.25E-02 -1.26E-01 -1.28E-02  4.77E-02  1.27E-01  3.02E-01  6.14E-01  6.18E-01  0.00E+00  0.00E+00  7.21E-01  1.33E-02
 
 OM24
+       ......... ......... ......... ......... ......... ......... ......... ......... ......... ......... ......... .........
         .........
 
 OM25
+       ......... ......... ......... ......... ......... ......... ......... ......... ......... ......... ......... .........
         ......... .........
 
 OM33
+       -2.46E-02 -5.94E-03 -1.31E-02 -1.77E-02 -4.46E-02  1.84E-01  3.11E-01  5.86E-01  0.00E+00  0.00E+00  3.10E-01  6.50E-01
          0.00E+00  0.00E+00  2.04E-02
 
 OM34
+       ......... ......... ......... ......... ......... ......... ......... ......... ......... ......... ......... .........
         ......... ......... ......... .........
 
 OM35
+       ......... ......... ......... ......... ......... ......... ......... ......... ......... ......... ......... .........
         ......... ......... ......... ......... .........
 
 OM44
+       ......... ......... ......... ......... ......... ......... ......... ......... ......... ......... ......... .........
         ......... ......... ......... ......... ......... .........
 
 OM45
+       ......... ......... ......... ......... ......... ......... ......... ......... ......... ......... ......... .........
         ......... ......... ......... ......... ......... ......... .........
 
1

            TH 1      TH 2      TH 3      TH 4      TH 5      OM11      OM12      OM13      OM14      OM15      OM22      OM23  
             OM24      OM25      OM33      OM34      OM35      OM44      OM45      OM55      SG11  
 
 OM55
+       ......... ......... ......... ......... ......... ......... ......... ......... ......... ......... ......... .........
         ......... ......... ......... ......... ......... ......... ......... .........
 
 SG11
+       -6.09E-03  5.56E-02  1.70E-03  4.35E-02  1.54E-02 -7.85E-02 -4.36E-02 -4.00E-02  0.00E+00  0.00E+00 -3.40E-02 -1.83E-02
          0.00E+00  0.00E+00 -5.39E-02  0.00E+00  0.00E+00  0.00E+00  0.00E+00  0.00E+00  1.10E-03
 
1
 ************************************************************************************************************************
 ********************                                                                                ********************
 ********************                              MCMC BAYESIAN ANALYSIS                            ********************
 ********************           INVERSE COVARIANCE MATRIX OF ESTIMATE (From Sample Variance)         ********************
 ********************                                                                                ********************
 ************************************************************************************************************************
 

            TH 1      TH 2      TH 3      TH 4      TH 5      OM11      OM12      OM13      OM14      OM15      OM22      OM23  
             OM24      OM25      OM33      OM34      OM35      OM44      OM45      OM55      SG11  
 
 TH 1
+        4.66E+02
 
 TH 2
+       -3.63E+02  2.37E+03
 
 TH 3
+       -1.73E+02 -7.78E+02  1.34E+03
 
 TH 4
+        7.35E+01  3.15E+02 -1.52E+02  1.82E+03
 
 TH 5
+        1.83E+02  3.53E+02 -3.21E+02 -8.37E+01  1.06E+03
 
 OM11
+       -1.98E+02  1.76E+02  1.11E+02  9.83E+01 -2.71E+01  1.10E+03
 
 OM12
+        7.02E+01  1.42E+02 -1.51E+02 -3.26E+02 -1.90E+02 -1.70E+03  8.94E+03
 
 OM13
+       -1.17E+02  1.74E+01  3.46E+01 -8.92E+01 -4.97E+01 -9.45E+02 -1.35E+03  4.83E+03
 
 OM14
+       ......... ......... ......... ......... ......... ......... ......... ......... .........
 
 OM15
+       ......... ......... ......... ......... ......... ......... ......... ......... ......... .........
 
 OM22
+        8.43E+01 -1.05E+02  1.89E+02  2.69E+02  1.09E+02  4.84E+02 -4.85E+03  1.28E+03  0.00E+00  0.00E+00  1.68E+04
 
 OM23
+        1.46E+02  2.37E+02 -3.32E+02 -3.58E+00 -2.84E+02  8.96E+02 -2.63E+03 -2.35E+03  0.00E+00  0.00E+00 -1.08E+04  2.36E+04
 
 OM24
+       ......... ......... ......... ......... ......... ......... ......... ......... ......... ......... ......... .........
         .........
 
 OM25
+       ......... ......... ......... ......... ......... ......... ......... ......... ......... ......... ......... .........
         ......... .........
 
 OM33
+        1.33E+02 -2.29E+02  5.81E+01  1.11E+02  3.02E+02  2.83E+02  9.51E+02 -2.14E+03  0.00E+00  0.00E+00  1.70E+03 -5.61E+03
          0.00E+00  0.00E+00  5.71E+03
 
 OM34
+       ......... ......... ......... ......... ......... ......... ......... ......... ......... ......... ......... .........
         ......... ......... ......... .........
 
 OM35
+       ......... ......... ......... ......... ......... ......... ......... ......... ......... ......... ......... .........
         ......... ......... ......... ......... .........
 
 OM44
+       ......... ......... ......... ......... ......... ......... ......... ......... ......... ......... ......... .........
         ......... ......... ......... ......... ......... .........
 
 OM45
+       ......... ......... ......... ......... ......... ......... ......... ......... ......... ......... ......... .........
         ......... ......... ......... ......... ......... ......... .........
 
1

            TH 1      TH 2      TH 3      TH 4      TH 5      OM11      OM12      OM13      OM14      OM15      OM22      OM23  
             OM24      OM25      OM33      OM34      OM35      OM44      OM45      OM55      SG11  
 
 OM55
+       ......... ......... ......... ......... ......... ......... ......... ......... ......... ......... ......... .........
         ......... ......... ......... ......... ......... ......... ......... .........
 
 SG11
+       -9.89E+01 -3.38E+03  1.70E+03 -1.91E+03 -9.12E+02  2.18E+03 -1.57E+03 -2.21E+03  0.00E+00  0.00E+00  4.80E+03 -5.92E+03
          0.00E+00  0.00E+00  5.07E+03  0.00E+00  0.00E+00  0.00E+00  0.00E+00  0.00E+00  8.38E+05
 
 Elapsed postprocess time in seconds:     2.58
 Elapsed finaloutput time in seconds:     0.29
 #CPUT: Total CPU Time in Seconds,      216.426
Stop Time:
Sun May 12 08:32:13 EDT 2024
