Sun May 12 08:30:45 EDT 2024
$PROBLEM 1000

$INPUT C NUM ID TIME SEQ CMT EVID AMT DV AGE WT HT EGFR ALB BMI SEX AAG
  SCR AST ALT CP TAFD TAD LDOS MDV BLQ PHASE

$DATA ../../../../data/derived/pk.csv IGNORE=(C='C', BLQ=1)

$SUBROUTINE ADVAN4 TRANS4

$PK

;log transformed PK parms

  V2WT   = LOG(WT/70)
  CLWT   = LOG(WT/70) * 0.75
  V3WT   = LOG(WT/70)
  QWT    = LOG(WT/70) * 0.75

  MU_1   = THETA(1)
  MU_2   = THETA(2) + V2WT
  MU_3   = THETA(3) + CLWT
  MU_4   = THETA(4) + V3WT
  MU_5   = THETA(5) + QWT

  ;" CALL EXTRASEND()

  KA     = EXP(MU_1 + ETA(1))
  V2     = EXP(MU_2 + ETA(2))
  CL     = EXP(MU_3 + ETA(3))
  V3     = EXP(MU_4 + ETA(4))
  Q      = EXP(MU_5 + ETA(5))

  S2     = V2/1000 ; dose in mcg, conc in mcg/mL

$ERROR

  IPRED = F
  Y     = IPRED * (1 + EPS(1))

$THETA
; log values
  (0.5)         ; 1 KA (1/hr) - 1.5
  (3.5)         ; 2 V2 (L) - 60
  (1)           ; 3 CL (L/hr) - 3.5
  (4)           ; 4 V3 (L) - 70
  (2)           ; 5 Q  (L/hr) - 4

$OMEGA BLOCK(3)
  0.2           ; ETA(KA)
  0.01 0.2      ; ETA(V2)
  0.01 0.01 0.2 ; ETA(CL)
$OMEGA
  0.025 FIX    ; ETA(V3)
  0.025 FIX    ; ETA(Q)

$SIGMA
  0.05          ; 1 pro error

$PRIOR NWPRI

$THETAP
  (0.5) FIX        ; 1 KA (1/hr) - 1.5
  (3.5) FIX        ; 2 V2 (L) - 60
  (1)   FIX        ; 3 CL (L/hr) - 3.5
  (4)   FIX        ; 4 V3 (L) - 70
  (2)   FIX        ; 5 Q  (L/hr) - 4
$THETAPV BLOCK(5) VALUES(10, 0) FIX

$OMEGAP BLOCK(3) VALUES(0.2, 0.01) FIX

$OMEGAPD (3 FIX)

$SIGMAP
  0.05 FIX           ; 1 pro error

$SIGMAPD (1 FIX)

$EST METHOD=CHAIN FILE=../init.chn NSAMPLE=0 ISAMPLE=3 SEED=1 CTYPE=0 IACCEPT=0.3 DF=10 DFS=0
$EST METHOD=BAYES SEED=3 NBURN=500 NITER=1000 PRINT=10 MSFO=./1000.msf RANMETHOD=P PARAFPRINT=10000 BAYES_PHI_STORE=0

$TABLE NUM CL V2 Q V3 KA ETAS(1:LAST) EPRED IPRED NPDE EWRES NOPRINT ONEHEADER FILE=1000.tab RANMETHOD=P

NM-TRAN MESSAGES
  
 WARNINGS AND ERRORS (IF ANY) FOR PROBLEM    1
             
 (WARNING  2) NM-TRAN INFERS THAT THE DATA ARE POPULATION.

 (MU_WARNING 26) DATA ITEM(S) USED IN DEFINITION OF MU_(S) SHOULD BE CONSTANT FOR INDIV. REC.:
  WT
             
 (WARNING  121) INTERACTION IS IMPLIED WITH EM/BAYES ESTIMATION METHODS

 LIM VALUES MAXLIM ASSESSED BY NMTRAN: 1,2,3,4,5,6,7,8,10,11,13,15,16        
  
Note: Analytical 2nd Derivatives are constructed in FSUBS but are never used.
      You may insert $ABBR DERIV2=NO after the first $PROB to save FSUBS construction and compilation time
  

License Registered to: Metrum Research Group
Expiration Date:    14 JUL 2024
Current Date:       12 MAY 2024
Days until program expires :  62
1NONLINEAR MIXED EFFECTS MODEL PROGRAM (NONMEM) VERSION 7.5.1
 ORIGINALLY DEVELOPED BY STUART BEAL, LEWIS SHEINER, AND ALISON BOECKMANN
 CURRENT DEVELOPERS ARE ROBERT BAUER, ICON DEVELOPMENT SOLUTIONS,
 AND ALISON BOECKMANN. IMPLEMENTATION, EFFICIENCY, AND STANDARDIZATION
 PERFORMED BY NOUS INFOSYSTEMS.

 PROBLEM NO.:         1
 1000
0DATA CHECKOUT RUN:              NO
 DATA SET LOCATED ON UNIT NO.:    2
 THIS UNIT TO BE REWOUND:        NO
 NO. OF DATA RECS IN DATA SET:     4292
 NO. OF DATA ITEMS IN DATA SET:  27
 ID DATA ITEM IS DATA ITEM NO.:   3
 DEP VARIABLE IS DATA ITEM NO.:   9
 MDV DATA ITEM IS DATA ITEM NO.: 25
0INDICES PASSED TO SUBROUTINE PRED:
   7   4   8   0   0   0   6   0   0   0   0
0LABELS FOR DATA ITEMS:
 C NUM ID TIME SEQ CMT EVID AMT DV AGE WT HT EGFR ALB BMI SEX AAG SCR AST ALT CP TAFD TAD LDOS MDV BLQ PHASE
0(NONBLANK) LABELS FOR PRED-DEFINED ITEMS:
 KA V2 CL V3 Q IPRED
0FORMAT FOR DATA:
 (2(10E7.0/),7E7.0)

 TOT. NO. OF OBS RECS:     3142
 TOT. NO. OF INDIVIDUALS:      160
0LENGTH OF THETA:  12
0DEFAULT THETA BOUNDARY TEST OMITTED:    NO
0OMEGA HAS BLOCK FORM:
  1
  1  1
  1  1  1
  0  0  0  2
  0  0  0  0  3
  0  0  0  0  0  4
  0  0  0  0  0  4  4
  0  0  0  0  0  4  4  4
  0  0  0  0  0  4  4  4  4
  0  0  0  0  0  4  4  4  4  4
  0  0  0  0  0  0  0  0  0  0  5
  0  0  0  0  0  0  0  0  0  0  5  5
  0  0  0  0  0  0  0  0  0  0  5  5  5
0DEFAULT OMEGA BOUNDARY TEST OMITTED:    NO
0SIGMA HAS BLOCK FORM:
  1
  0  2
0DEFAULT SIGMA BOUNDARY TEST OMITTED:    NO
0INITIAL ESTIMATE OF THETA:
 LOWER BOUND    INITIAL EST    UPPER BOUND
 -0.1000E+07     0.5000E+00     0.1000E+07
 -0.1000E+07     0.3500E+01     0.1000E+07
 -0.1000E+07     0.1000E+01     0.1000E+07
 -0.1000E+07     0.4000E+01     0.1000E+07
 -0.1000E+07     0.2000E+01     0.1000E+07
  0.5000E+00     0.5000E+00     0.5000E+00
  0.3500E+01     0.3500E+01     0.3500E+01
  0.1000E+01     0.1000E+01     0.1000E+01
  0.4000E+01     0.4000E+01     0.4000E+01
  0.2000E+01     0.2000E+01     0.2000E+01
  0.3000E+01     0.3000E+01     0.3000E+01
  0.1000E+01     0.1000E+01     0.1000E+01
0INITIAL ESTIMATE OF OMEGA:
 BLOCK SET NO.   BLOCK                                                                    FIXED
        1                                                                                   NO
                  0.2000E+00
                  0.1000E-01   0.2000E+00
                  0.1000E-01   0.1000E-01   0.2000E+00
        2                                                                                  YES
                  0.2500E-01
        3                                                                                  YES
                  0.2500E-01
        4                                                                                  YES
                  0.1000E+02
                  0.0000E+00   0.1000E+02
                  0.0000E+00   0.0000E+00   0.1000E+02
                  0.0000E+00   0.0000E+00   0.0000E+00   0.1000E+02
                  0.0000E+00   0.0000E+00   0.0000E+00   0.0000E+00   0.1000E+02
        5                                                                                  YES
                  0.2000E+00
                  0.1000E-01   0.2000E+00
                  0.1000E-01   0.1000E-01   0.2000E+00
0INITIAL ESTIMATE OF SIGMA:
 BLOCK SET NO.   BLOCK                                                                    FIXED
        1                                                                                   NO
                  0.5000E-01
        2                                                                                  YES
                  0.5000E-01
0TABLES STEP OMITTED:    NO
 NO. OF TABLES:           1
 SEED NUMBER (SEED):    11456
 NPDTYPE:    0
 INTERPTYPE:    0
 RANMETHOD:             3UP
 MC SAMPLES (ESAMPLE):    300
 WRES SQUARE ROOT TYPE (WRESCHOL): EIGENVALUE
0-- TABLE   1 --
0RECORDS ONLY:    ALL
04 COLUMNS APPENDED:    YES
 PRINTED:                NO
 HEADERS:               ONE
 FILE TO BE FORWARDED:   NO
 FORMAT:                S1PE11.4
 IDFORMAT:
 LFORMAT:
 RFORMAT:
 FIXED_EFFECT_ETAS:
0USER-CHOSEN ITEMS:
 NUM CL V2 Q V3 KA ETA1 ETA2 ETA3 ETA4 ETA5 EPRED IPRED NPDE EWRES
0
 PRIOR SUBROUTINE USER-SUPPLIED
1DOUBLE PRECISION PREDPP VERSION 7.5.1

 TWO COMPARTMENT MODEL WITH FIRST-ORDER ABSORPTION (ADVAN4)
0MAXIMUM NO. OF BASIC PK PARAMETERS:   5
0BASIC PK PARAMETERS (AFTER TRANSLATION):
   BASIC PK PARAMETER NO.  1: ELIMINATION RATE (K)
   BASIC PK PARAMETER NO.  2: CENTRAL-TO-PERIPH. RATE (K23)
   BASIC PK PARAMETER NO.  3: PERIPH.-TO-CENTRAL RATE (K32)
   BASIC PK PARAMETER NO.  5: ABSORPTION RATE (KA)
 TRANSLATOR WILL CONVERT PARAMETERS
 CL, V2, Q, V3 TO K, K23, K32 (TRANS4)
0COMPARTMENT ATTRIBUTES
 COMPT. NO.   FUNCTION   INITIAL    ON/OFF      DOSE      DEFAULT    DEFAULT
                         STATUS     ALLOWED    ALLOWED    FOR DOSE   FOR OBS.
    1         DEPOT        OFF        YES        YES        YES        NO
    2         CENTRAL      ON         NO         YES        NO         YES
    3         PERIPH.      ON         NO         YES        NO         NO
    4         OUTPUT       OFF        YES        NO         NO         NO
1
 ADDITIONAL PK PARAMETERS - ASSIGNMENT OF ROWS IN GG
 COMPT. NO.                             INDICES
              SCALE      BIOAVAIL.   ZERO-ORDER  ZERO-ORDER  ABSORB
                         FRACTION    RATE        DURATION    LAG
    1            *           *           *           *           *
    2            6           *           *           *           *
    3            *           *           *           *           *
    4            *           -           -           -           -
             - PARAMETER IS NOT ALLOWED FOR THIS MODEL
             * PARAMETER IS NOT SUPPLIED BY PK SUBROUTINE;
               WILL DEFAULT TO ONE IF APPLICABLE
0DATA ITEM INDICES USED BY PRED ARE:
   EVENT ID DATA ITEM IS DATA ITEM NO.:      7
   TIME DATA ITEM IS DATA ITEM NO.:          4
   DOSE AMOUNT DATA ITEM IS DATA ITEM NO.:   8
   COMPT. NO. DATA ITEM IS DATA ITEM NO.:    6

0PK SUBROUTINE CALLED WITH EVERY EVENT RECORD.
 PK SUBROUTINE NOT CALLED AT NONEVENT (ADDITIONAL OR LAGGED) DOSE TIMES.
0ERROR SUBROUTINE CALLED WITH EVERY EVENT RECORD.
1


 #TBLN:      1
 #METH: Chain Method Processing

 RANDOM GENERATION TYPE (CTYPE):     0
 RANDOM GENERATION SEED (SEED):      1
 RANDOM SAMPLE SELECTION (ISAMPLE):  3
 RANDOM SAMPLE RANGE END (ISAMPEND): -2147483647
 NUMBER OF RANDOM SAMPLES (NSAMPLE): 0
 UNIFORM FRACTIONAL RANGE (IACCEPT): 0.300000000000000
 RANDOM SELECTION TYPE (SELECT):     0
 DEG. FR. TO GENERATE OMEGAS (DF):   10
 DEG. FR. TO GENERATE SIGMAS (DFS):  0
 CHAIN FILE (FILE):                  ../init.chn
 EXCL. TITLE IN CHAIN FILE (NOTITLE):NO
 EX. COL. LBS. IN CHAIN FL.(NOLABEL):NO
 FORMAT FOR CHAIN FILE (FORMAT):     S1PE12.5
 PAR. ORDER in CHAIN FILE (ORDER):   TSOL
 RANDOM SAMPLING METHOD (RANMETHOD):3U

 THE FOLLOWING LABELS ARE EQUIVALENT
 PRED=NPRED
 RES=NRES
 WRES=NWRES
 IWRS=NIWRES
 IPRD=NIPRED
 IRS=NIRES



 FROM SAMPLE 3 OF CHAIN FILE ../init.chn
 NEW INITIAL ESTIMATES OF THETA
  0.4461E+00
  0.4338E+01
  0.9657E+00
  0.4858E+01
  0.1898E+01
 NEW INITIAL ESTIMATES OF OMEGA
  0.1837E+00
 -0.6868E-02  0.3276E+00
 -0.1598E-01 -0.3866E-01  0.5945E+00
  0.0000E+00  0.0000E+00  0.0000E+00  0.2500E-01
  0.0000E+00  0.0000E+00  0.0000E+00  0.0000E+00  0.2500E-01
 NEW INITIAL ESTIMATES OF SIGMA
  0.1532E+01

 #PARA: PARAFILE=1000-3.pnm, PROTOCOL=MPI, NODES= 4

1


 #TBLN:      1
 #METH: MCMC Bayesian Analysis

 ESTIMATION STEP OMITTED:                 NO
 ANALYSIS TYPE:                           POPULATION
 NUMBER OF SADDLE POINT RESET ITERATIONS:      0
 GRADIENT METHOD USED:               NOSLOW
 CONDITIONAL ESTIMATES USED:              YES
 CENTERED ETA:                            NO
 EPS-ETA INTERACTION:                     YES
 LAPLACIAN OBJ. FUNC.:                    NO
 NO. OF FUNCT. EVALS. ALLOWED:            3480
 NO. OF SIG. FIGURES REQUIRED:            3
 INTERMEDIATE PRINTOUT:                   YES
 ESTIMATE OUTPUT TO MSF:                  YES
 IND. OBJ. FUNC. VALUES SORTED:           NO
 NUMERICAL DERIVATIVE
       FILE REQUEST (NUMDER):               NONE
 MAP (ETAHAT) ESTIMATION METHOD (OPTMAP):   0
 ETA HESSIAN EVALUATION METHOD (ETADER):    0
 INITIAL ETA FOR MAP ESTIMATION (MCETA):    0
 SIGDIGITS FOR MAP ESTIMATION (SIGLO):      100
 GRADIENT SIGDIGITS OF
       FIXED EFFECTS PARAMETERS (SIGL):     100
 NOPRIOR SETTING (NOPRIOR):                 0
 NOCOV SETTING (NOCOV):                     OFF
 DERCONT SETTING (DERCONT):                 OFF
 FINAL ETA RE-EVALUATION (FNLETA):          1
 EXCLUDE NON-INFLUENTIAL (NON-INFL.) ETAS
       IN SHRINKAGE (ETASTYPE):             NO
 NON-INFL. ETA CORRECTION (NONINFETA):      0
 RAW OUTPUT FILE (FILE): 1000-3.ext
 EXCLUDE TITLE (NOTITLE):                   NO
 EXCLUDE COLUMN LABELS (NOLABEL):           NO
 FORMAT FOR ADDITIONAL FILES (FORMAT):      S1PE12.5
 PARAMETER ORDER FOR OUTPUTS (ORDER):       TSOL
 KNUTHSUMOFF:                               0
 INCLUDE LNTWOPI:                           NO
 INCLUDE CONSTANT TERM TO PRIOR (PRIORC):   NO
 INCLUDE CONSTANT TERM TO OMEGA (ETA) (OLNTWOPI):NO
 EM OR BAYESIAN METHOD USED:                MCMC BAYESIAN (BAYES)
 BAYES INDIVIDUAL PARAMETERS ONLY: NO
 MU MODELING PATTERN (MUM):
 GRADIENT/GIBBS PATTERN (GRD):
 AUTOMATIC SETTING FEATURE (AUTO):          0
 CONVERGENCE TYPE (CTYPE):                  0
 KEEP ITERATIONS (THIN):            1
 BURN-IN ITERATIONS (NBURN):                500
 FIRST ITERATION FOR MAP (MAPITERS):          NO
 ITERATIONS (NITER):                        1000
 ANNEAL SETTING (CONSTRAIN):                 1
 STARTING SEED FOR MC METHODS (SEED):       3
 MC SAMPLES PER SUBJECT (ISAMPLE):          1
 RANDOM SAMPLING METHOD (RANMETHOD):        3UP
 PROPOSAL DENSITY SCALING RANGE
              (ISCALE_MIN, ISCALE_MAX):     1.000000000000000E-06   ,1000000.00000000
 SAMPLE ACCEPTANCE RATE (IACCEPT):          0.400000000000000
 METROPOLIS HASTINGS SAMPLING FOR INDIVIDUAL ETAS:
 SAMPLES FOR GLOBAL SEARCH KERNEL (ISAMPLE_M1):          2
 SAMPLES FOR NEIGHBOR SEARCH KERNEL (ISAMPLE_M1A):       0
 SAMPLES FOR MASS/IMP/POST. MATRIX SEARCH (ISAMPLE_M1B): 2
 SAMPLES FOR LOCAL SEARCH KERNEL (ISAMPLE_M2):           2
 SAMPLES FOR LOCAL UNIVARIATE KERNEL (ISAMPLE_M3):       2
 PWR. WT. MASS/IMP/POST MATRIX ACCUM. FOR ETAS (IKAPPA): 1.00000000000000
 MASS/IMP./POST. MATRIX REFRESH SETTING (MASSRESET):      -1
 METROPOLIS HASTINGS POPULATION SAMPLING FOR NON-GIBBS
 SAMPLED THETAS AND SIGMAS:
 PROPOSAL DENSITY SCALING RANGE
              (PSCALE_MIN, PSCALE_MAX):   1.000000000000000E-02   ,1000.00000000000
 SAMPLE ACCEPTANCE RATE (PACCEPT):                       0.500000000000000
 SAMPLES FOR GLOBAL SEARCH KERNEL (PSAMPLE_M1):          1
 SAMPLES FOR LOCAL SEARCH KERNEL (PSAMPLE_M2):           -1
 SAMPLES FOR LOCAL UNIVARIATE KERNEL (PSAMPLE_M3):       1
 METROPOLIS HASTINGS POPULATION SAMPLING FOR NON-GIBBS
 SAMPLED OMEGAS:
 SAMPLE ACCEPTANCE RATE (OACCEPT):                       0.500000000000000
 SAMPLES FOR GLOBAL SEARCH KERNEL (OSAMPLE_M1):          -1
 SAMPLES FOR LOCAL SEARCH KERNEL (OSAMPLE_M2):           8
 SAMPLES FOR LOCAL UNIVARIATE SEARCH KERNEL (OSAMPLE_M3):8
 USER DEFINED PRIOR SETTING FOR THETAS: (TPU):        0.00000000000000
 WEIGHT FACTOR FOR STD PRIOR FOR SIGMAS (SVARF): -1.000000000000000+300


 THE FOLLOWING LABELS ARE EQUIVALENT
 PRED=PREDI
 RES=RESI
 WRES=WRESI
 IWRS=IWRESI
 IPRD=IPREDI
 IRS=IRESI

 EM/BAYES SETUP:
 THETAS THAT ARE MU MODELED:
   1   2   3   4   5
 THETAS THAT ARE GIBBS SAMPLED:
   1   2   3   4   5
 THETAS THAT ARE METROPOLIS-HASTINGS SAMPLED:
 
 SIGMAS THAT ARE GIBBS SAMPLED:
   1
 SIGMAS THAT ARE METROPOLIS-HASTINGS SAMPLED:
 
 OMEGAS ARE GIBBS SAMPLED

 MONITORING OF SEARCH:

 Burn-in Mode
 iteration         -500 MCMCOBJ=    36183.166624902129     
 iteration         -490 MCMCOBJ=    28821.552473246666     
 iteration         -480 MCMCOBJ=    28545.625930344242     
 iteration         -470 MCMCOBJ=    28512.691216354437     
 iteration         -460 MCMCOBJ=    28386.668366079546     
 iteration         -450 MCMCOBJ=    28464.639306853707     
 iteration         -440 MCMCOBJ=    28482.995335558917     
 iteration         -430 MCMCOBJ=    28382.524358787086     
 iteration         -420 MCMCOBJ=    28454.483981729958     
 iteration         -410 MCMCOBJ=    28422.809608867628     
 iteration         -400 MCMCOBJ=    28384.079503504319     
 iteration         -390 MCMCOBJ=    28410.852198793844     
 iteration         -380 MCMCOBJ=    28476.490416086872     
 iteration         -370 MCMCOBJ=    28453.897816587862     
 iteration         -360 MCMCOBJ=    28416.209062957903     
 iteration         -350 MCMCOBJ=    28419.955073603000     
 iteration         -340 MCMCOBJ=    28459.488430682657     
 iteration         -330 MCMCOBJ=    28325.611735277795     
 iteration         -320 MCMCOBJ=    28443.553973780661     
 iteration         -310 MCMCOBJ=    28487.243704015731     
 iteration         -300 MCMCOBJ=    28434.209628887831     
 iteration         -290 MCMCOBJ=    28449.887736722139     
 iteration         -280 MCMCOBJ=    28463.871315266031     
 iteration         -270 MCMCOBJ=    28439.632070783297     
 iteration         -260 MCMCOBJ=    28437.570280399366     
 iteration         -250 MCMCOBJ=    28374.146810037539     
 iteration         -240 MCMCOBJ=    28450.679445068647     
 iteration         -230 MCMCOBJ=    28536.398516413414     
 iteration         -220 MCMCOBJ=    28411.369756105429     
 iteration         -210 MCMCOBJ=    28427.232332437397     
 iteration         -200 MCMCOBJ=    28517.780536019873     
 iteration         -190 MCMCOBJ=    28417.614012387825     
 iteration         -180 MCMCOBJ=    28476.731146781476     
 iteration         -170 MCMCOBJ=    28428.276615588609     
 iteration         -160 MCMCOBJ=    28467.657498240005     
 iteration         -150 MCMCOBJ=    28473.503412519778     
 iteration         -140 MCMCOBJ=    28427.747560434320     
 iteration         -130 MCMCOBJ=    28412.051728075596     
 iteration         -120 MCMCOBJ=    28536.331761379861     
 iteration         -110 MCMCOBJ=    28444.614017114785     
 iteration         -100 MCMCOBJ=    28595.502482873588     
 iteration          -90 MCMCOBJ=    28540.501540157711     
 iteration          -80 MCMCOBJ=    28448.872460336810     
 iteration          -70 MCMCOBJ=    28418.713770469480     
 iteration          -60 MCMCOBJ=    28405.097080599247     
 iteration          -50 MCMCOBJ=    28488.909787829718     
 iteration          -40 MCMCOBJ=    28457.993574377982     
 iteration          -30 MCMCOBJ=    28384.871171574752     
 iteration          -20 MCMCOBJ=    28456.108384721036     
 iteration          -10 MCMCOBJ=    28474.381459528613     
 Sampling Mode
 iteration            0 MCMCOBJ=    28374.201150910583     
 iteration           10 MCMCOBJ=    28390.372477517863     
 iteration           20 MCMCOBJ=    28401.687174265615     
 iteration           30 MCMCOBJ=    28489.197000071283     
 iteration           40 MCMCOBJ=    28417.854538561762     
 iteration           50 MCMCOBJ=    28456.157944878189     
 iteration           60 MCMCOBJ=    28315.891071716229     
 iteration           70 MCMCOBJ=    28440.257033389324     
 iteration           80 MCMCOBJ=    28511.357759541908     
 iteration           90 MCMCOBJ=    28486.151135069558     
 iteration          100 MCMCOBJ=    28443.693169138369     
 iteration          110 MCMCOBJ=    28485.719161747711     
 iteration          120 MCMCOBJ=    28413.476564803834     
 iteration          130 MCMCOBJ=    28431.859481577874     
 iteration          140 MCMCOBJ=    28476.891527830943     
 iteration          150 MCMCOBJ=    28443.741208711624     
 iteration          160 MCMCOBJ=    28456.544461592872     
 iteration          170 MCMCOBJ=    28454.678288981977     
 iteration          180 MCMCOBJ=    28513.166174991671     
 iteration          190 MCMCOBJ=    28558.787547821747     
 iteration          200 MCMCOBJ=    28468.266204973315     
 iteration          210 MCMCOBJ=    28473.771778027567     
 iteration          220 MCMCOBJ=    28423.573896046833     
 iteration          230 MCMCOBJ=    28478.796713425028     
 iteration          240 MCMCOBJ=    28490.328050829550     
 iteration          250 MCMCOBJ=    28521.590177909009     
 iteration          260 MCMCOBJ=    28444.194307944355     
 iteration          270 MCMCOBJ=    28444.659955533763     
 iteration          280 MCMCOBJ=    28415.654677823248     
 iteration          290 MCMCOBJ=    28509.754808021149     
 iteration          300 MCMCOBJ=    28526.423240221808     
 iteration          310 MCMCOBJ=    28485.290466592262     
 iteration          320 MCMCOBJ=    28417.005139154946     
 iteration          330 MCMCOBJ=    28441.344183835452     
 iteration          340 MCMCOBJ=    28484.653776243664     
 iteration          350 MCMCOBJ=    28443.824266491101     
 iteration          360 MCMCOBJ=    28470.023996051277     
 iteration          370 MCMCOBJ=    28482.688349958029     
 iteration          380 MCMCOBJ=    28409.858674496878     
 iteration          390 MCMCOBJ=    28483.876523459036     
 iteration          400 MCMCOBJ=    28458.240308944209     
 iteration          410 MCMCOBJ=    28492.987797362679     
 iteration          420 MCMCOBJ=    28457.931183410157     
 iteration          430 MCMCOBJ=    28521.401700721068     
 iteration          440 MCMCOBJ=    28470.235804333584     
 iteration          450 MCMCOBJ=    28564.959043011168     
 iteration          460 MCMCOBJ=    28537.371952091722     
 iteration          470 MCMCOBJ=    28524.362275946227     
 iteration          480 MCMCOBJ=    28412.706106537727     
 iteration          490 MCMCOBJ=    28423.006570076297     
 iteration          500 MCMCOBJ=    28389.988024959250     
 iteration          510 MCMCOBJ=    28567.629460855998     
 iteration          520 MCMCOBJ=    28434.052588392529     
 iteration          530 MCMCOBJ=    28336.009707616799     
 iteration          540 MCMCOBJ=    28397.781188389992     
 iteration          550 MCMCOBJ=    28445.157098655291     
 iteration          560 MCMCOBJ=    28443.123582511133     
 iteration          570 MCMCOBJ=    28519.410463051081     
 iteration          580 MCMCOBJ=    28483.598646589198     
 iteration          590 MCMCOBJ=    28450.535883922683     
 iteration          600 MCMCOBJ=    28469.841917223235     
 iteration          610 MCMCOBJ=    28432.617193507718     
 iteration          620 MCMCOBJ=    28441.037680140962     
 iteration          630 MCMCOBJ=    28442.787620786676     
 iteration          640 MCMCOBJ=    28394.013519819655     
 iteration          650 MCMCOBJ=    28523.962297843616     
 iteration          660 MCMCOBJ=    28521.371568905943     
 iteration          670 MCMCOBJ=    28445.405856132165     
 iteration          680 MCMCOBJ=    28397.726921830010     
 iteration          690 MCMCOBJ=    28358.298573685301     
 iteration          700 MCMCOBJ=    28384.024250062041     
 iteration          710 MCMCOBJ=    28344.078721529819     
 iteration          720 MCMCOBJ=    28445.377406422253     
 iteration          730 MCMCOBJ=    28410.789141081394     
 iteration          740 MCMCOBJ=    28545.593499446200     
 iteration          750 MCMCOBJ=    28483.438428454359     
 iteration          760 MCMCOBJ=    28556.920070013806     
 iteration          770 MCMCOBJ=    28483.324062652420     
 iteration          780 MCMCOBJ=    28451.156339165285     
 iteration          790 MCMCOBJ=    28457.803724541031     
 iteration          800 MCMCOBJ=    28369.391422295666     
 iteration          810 MCMCOBJ=    28429.515500618869     
 iteration          820 MCMCOBJ=    28418.755604033158     
 iteration          830 MCMCOBJ=    28384.788039067847     
 iteration          840 MCMCOBJ=    28451.028087726114     
 iteration          850 MCMCOBJ=    28481.232509649537     
 iteration          860 MCMCOBJ=    28441.260499843389     
 iteration          870 MCMCOBJ=    28470.317359206128     
 iteration          880 MCMCOBJ=    28508.133284933418     
 iteration          890 MCMCOBJ=    28474.742202189467     
 iteration          900 MCMCOBJ=    28428.968410344303     
 iteration          910 MCMCOBJ=    28455.927592763037     
 iteration          920 MCMCOBJ=    28507.879228112495     
 iteration          930 MCMCOBJ=    28390.257075013520     
 iteration          940 MCMCOBJ=    28421.701887328371     
 iteration          950 MCMCOBJ=    28480.282602616629     
 iteration          960 MCMCOBJ=    28387.019927718662     
 iteration          970 MCMCOBJ=    28441.978242984216     
 iteration          980 MCMCOBJ=    28445.528857572393     
 iteration          990 MCMCOBJ=    28393.895144438226     
 iteration         1000 MCMCOBJ=    28418.725004092030     

 #TERM:
 BURN-IN WAS NOT TESTED FOR CONVERGENCE
 STATISTICAL PORTION WAS COMPLETED

 ETABAR IS THE ARITHMETIC MEAN OF THE ETA-ESTIMATES,
 AND THE P-VALUE IS GIVEN FOR THE NULL HYPOTHESIS THAT THE TRUE MEAN IS 0.

 ETABAR:         2.6641E-04 -4.3220E-04 -6.7152E-05  1.0993E-04  5.1685E-04
 SE:             3.1376E-02  2.1370E-02  3.2223E-02  4.8486E-03  4.0631E-03
 N:                     160         160         160         160         160

 P VAL.:         9.9323E-01  9.8386E-01  9.9834E-01  9.8191E-01  8.9878E-01

 ETASHRINKSD(%)  2.1625E+01  9.8425E+00  2.8061E+00  6.1211E+01  6.7496E+01
 ETASHRINKVR(%)  3.8574E+01  1.8716E+01  5.5334E+00  8.4954E+01  8.9435E+01
 EBVSHRINKSD(%)  2.0736E+01  7.1440E+00  1.0195E+00  4.9520E+01  6.9707E+01
 EBVSHRINKVR(%)  3.7172E+01  1.3778E+01  2.0287E+00  7.4518E+01  9.0823E+01
 RELATIVEINF(%)  1.9873E+01  4.8271E+01  8.6371E+01  1.9354E+01  3.9639E+00
 EPSSHRINKSD(%)  7.2147E+00
 EPSSHRINKVR(%)  1.3909E+01

  
 TOTAL DATA POINTS NORMALLY DISTRIBUTED (N):         3142
 N*LOG(2PI) CONSTANT TO OBJECTIVE FUNCTION:    5774.6097426581628     
 OBJECTIVE FUNCTION VALUE WITHOUT CONSTANT:    28456.041981948107     
 OBJECTIVE FUNCTION VALUE WITH CONSTANT:       34230.651724606272     
 REPORTED OBJECTIVE FUNCTION DOES NOT CONTAIN CONSTANT
  
 TOTAL EFFECTIVE ETAS (NIND*NETA):                           800
 NIND*NETA*LOG(2PI) CONSTANT TO OBJECTIVE FUNCTION:    1470.3016531274764     
 OBJECTIVE FUNCTION VALUE WITHOUT CONSTANT:    28456.041981948107     
 OBJECTIVE FUNCTION VALUE WITH CONSTANT:       29926.343635075584     
 REPORTED OBJECTIVE FUNCTION DOES NOT CONTAIN CONSTANT
  
 PRIOR CONSTANT TO OBJECTIVE FUNCTION:    40.730859670953315     
 OBJECTIVE FUNCTION VALUE WITHOUT CONSTANT:    28456.041981948107     
 OBJECTIVE FUNCTION VALUE WITH CONSTANT:       28496.772841619058     
 REPORTED OBJECTIVE FUNCTION DOES NOT CONTAIN CONSTANT
  
 #TERE:
 Elapsed estimation  time in seconds:    70.79
 Elapsed covariance  time in seconds:     0.00
1
 
 
 
 
 
 
 
 
 
 
 
 
 
 
 
 
 
 
 
 
 ************************************************************************************************************************
 ********************                                                                                ********************
 ********************                              MCMC BAYESIAN ANALYSIS                            ********************
 #OBJT:**************                       AVERAGE VALUE OF LIKELIHOOD FUNCTION                     ********************
 ********************                                                                                ********************
 ************************************************************************************************************************
 





 #OBJV:********************************************    28456.042       **************************************************
 #OBJS:********************************************       50.899 (STD) **************************************************
1
 ************************************************************************************************************************
 ********************                                                                                ********************
 ********************                              MCMC BAYESIAN ANALYSIS                            ********************
 ********************                             FINAL PARAMETER ESTIMATE                           ********************
 ********************                                                                                ********************
 ************************************************************************************************************************
 


 THETA - VECTOR OF FIXED EFFECTS PARAMETERS   *********


         TH 1      TH 2      TH 3      TH 4      TH 5     
 
         4.75E-01  4.10E+00  1.10E+00  4.23E+00  1.30E+00
 


 OMEGA - COV MATRIX FOR RANDOM EFFECTS - ETAS  ********


         ETA1      ETA2      ETA3      ETA4      ETA5     
 
 ETA1
+        2.56E-01
 
 ETA2
+        7.62E-02  8.99E-02
 
 ETA3
+        1.38E-01  7.46E-02  1.76E-01
 
 ETA4
+        0.00E+00  0.00E+00  0.00E+00  2.50E-02
 
 ETA5
+        0.00E+00  0.00E+00  0.00E+00  0.00E+00  2.50E-02
 


 SIGMA - COV MATRIX FOR RANDOM EFFECTS - EPSILONS  ****


         EPS1     
 
 EPS1
+        3.94E-02
 
1


 OMEGA - CORR MATRIX FOR RANDOM EFFECTS - ETAS  *******


         ETA1      ETA2      ETA3      ETA4      ETA5     
 
 ETA1
+        5.03E-01
 
 ETA2
+        4.98E-01  2.99E-01
 
 ETA3
+        6.51E-01  5.92E-01  4.19E-01
 
 ETA4
+        0.00E+00  0.00E+00  0.00E+00  1.58E-01
 
 ETA5
+        0.00E+00  0.00E+00  0.00E+00  0.00E+00  1.58E-01
 


 SIGMA - CORR MATRIX FOR RANDOM EFFECTS - EPSILONS  ***


         EPS1     
 
 EPS1
+        1.98E-01
 
1
 ************************************************************************************************************************
 ********************                                                                                ********************
 ********************                              MCMC BAYESIAN ANALYSIS                            ********************
 ********************                STANDARD ERROR OF ESTIMATE (From Sample Variance)               ********************
 ********************                                                                                ********************
 ************************************************************************************************************************
 


 THETA - VECTOR OF FIXED EFFECTS PARAMETERS   *********


         TH 1      TH 2      TH 3      TH 4      TH 5     
 
         6.46E-02  2.95E-02  3.38E-02  2.52E-02  3.83E-02
 


 OMEGA - COV MATRIX FOR RANDOM EFFECTS - ETAS  ********


         ETA1      ETA2      ETA3      ETA4      ETA5     
 
 ETA1
+        5.95E-02
 
 ETA2
+        2.23E-02  1.26E-02
 
 ETA3
+        2.81E-02  1.35E-02  2.03E-02
 
 ETA4
+        0.00E+00  0.00E+00  0.00E+00  0.00E+00
 
 ETA5
+        0.00E+00  0.00E+00  0.00E+00  0.00E+00  0.00E+00
 


 SIGMA - COV MATRIX FOR RANDOM EFFECTS - EPSILONS  ****


         EPS1     
 
 EPS1
+        1.12E-03
 
1


 OMEGA - CORR MATRIX FOR RANDOM EFFECTS - ETAS  *******


         ETA1      ETA2      ETA3      ETA4      ETA5     
 
 ETA1
+        5.81E-02
 
 ETA2
+        9.22E-02  2.09E-02
 
 ETA3
+        7.95E-02  6.30E-02  2.41E-02
 
 ETA4
+        0.00E+00  0.00E+00  0.00E+00  2.66E-08
 
 ETA5
+        0.00E+00  0.00E+00  0.00E+00  0.00E+00  2.66E-08
 


 SIGMA - CORR MATRIX FOR RANDOM EFFECTS - EPSILONS  ***


         EPS1     
 
 EPS1
+        2.82E-03
 
1
 ************************************************************************************************************************
 ********************                                                                                ********************
 ********************                              MCMC BAYESIAN ANALYSIS                            ********************
 ********************               COVARIANCE MATRIX OF ESTIMATE (From Sample Variance)             ********************
 ********************                                                                                ********************
 ************************************************************************************************************************
 

            TH 1      TH 2      TH 3      TH 4      TH 5      OM11      OM12      OM13      OM14      OM15      OM22      OM23  
             OM24      OM25      OM33      OM34      OM35      OM44      OM45      OM55      SG11  
 
 TH 1
+        4.17E-03
 
 TH 2
+        9.96E-04  8.72E-04
 
 TH 3
+        8.03E-04  5.02E-04  1.14E-03
 
 TH 4
+       -3.92E-04 -2.13E-04 -4.14E-05  6.33E-04
 
 TH 5
+       -8.12E-04 -4.25E-04  3.07E-05  2.88E-04  1.47E-03
 
 OM11
+        9.75E-04 -2.69E-04 -4.05E-05  9.16E-05  3.63E-04  3.54E-03
 
 OM12
+        5.40E-05 -1.58E-04 -1.20E-05  1.01E-04  2.30E-04  9.45E-04  4.96E-04
 
 OM13
+        2.30E-04 -9.45E-05  1.03E-06  3.48E-05  1.29E-04  1.14E-03  4.31E-04  7.88E-04
 
 OM14
+       ......... ......... ......... ......... ......... ......... ......... ......... .........
 
 OM15
+       ......... ......... ......... ......... ......... ......... ......... ......... ......... .........
 
 OM22
+       -1.19E-04 -7.01E-05 -8.80E-06  3.91E-05  8.72E-05  2.23E-04  1.82E-04  1.46E-04  0.00E+00  0.00E+00  1.59E-04
 
 OM23
+       -8.86E-05 -5.68E-05  1.27E-06  3.38E-05  7.85E-05  2.69E-04  1.88E-04  2.43E-04  0.00E+00  0.00E+00  1.24E-04  1.82E-04
 
 OM24
+       ......... ......... ......... ......... ......... ......... ......... ......... ......... ......... ......... .........
         .........
 
 OM25
+       ......... ......... ......... ......... ......... ......... ......... ......... ......... ......... ......... .........
         ......... .........
 
 OM33
+       -4.97E-05 -1.46E-05 -1.30E-05 -8.87E-06 -2.83E-05  2.33E-04  1.37E-04  3.26E-04  0.00E+00  0.00E+00  8.59E-05  1.79E-04
          0.00E+00  0.00E+00  4.11E-04
 
 OM34
+       ......... ......... ......... ......... ......... ......... ......... ......... ......... ......... ......... .........
         ......... ......... ......... .........
 
 OM35
+       ......... ......... ......... ......... ......... ......... ......... ......... ......... ......... ......... .........
         ......... ......... ......... ......... .........
 
 OM44
+       ......... ......... ......... ......... ......... ......... ......... ......... ......... ......... ......... .........
         ......... ......... ......... ......... ......... .........
 
 OM45
+       ......... ......... ......... ......... ......... ......... ......... ......... ......... ......... ......... .........
         ......... ......... ......... ......... ......... ......... .........
 
1

            TH 1      TH 2      TH 3      TH 4      TH 5      OM11      OM12      OM13      OM14      OM15      OM22      OM23  
             OM24      OM25      OM33      OM34      OM35      OM44      OM45      OM55      SG11  
 
 OM55
+       ......... ......... ......... ......... ......... ......... ......... ......... ......... ......... ......... .........
         ......... ......... ......... ......... ......... ......... ......... .........
 
 SG11
+       -9.33E-07  1.92E-06  4.65E-07  1.02E-06 -2.78E-07 -4.80E-06 -2.02E-06 -1.81E-06  0.00E+00  0.00E+00 -8.97E-07 -5.96E-07
          0.00E+00  0.00E+00 -1.94E-06  0.00E+00  0.00E+00  0.00E+00  0.00E+00  0.00E+00  1.26E-06
 
1
 ************************************************************************************************************************
 ********************                                                                                ********************
 ********************                              MCMC BAYESIAN ANALYSIS                            ********************
 ********************              CORRELATION MATRIX OF ESTIMATE (From Sample Variance)             ********************
 ********************                                                                                ********************
 ************************************************************************************************************************
 

            TH 1      TH 2      TH 3      TH 4      TH 5      OM11      OM12      OM13      OM14      OM15      OM22      OM23  
             OM24      OM25      OM33      OM34      OM35      OM44      OM45      OM55      SG11  
 
 TH 1
+        6.46E-02
 
 TH 2
+        5.23E-01  2.95E-02
 
 TH 3
+        3.68E-01  5.04E-01  3.38E-02
 
 TH 4
+       -2.41E-01 -2.86E-01 -4.87E-02  2.52E-02
 
 TH 5
+       -3.28E-01 -3.76E-01  2.37E-02  2.99E-01  3.83E-02
 
 OM11
+        2.54E-01 -1.53E-01 -2.02E-02  6.12E-02  1.59E-01  5.95E-02
 
 OM12
+        3.76E-02 -2.41E-01 -1.59E-02  1.81E-01  2.69E-01  7.13E-01  2.23E-02
 
 OM13
+        1.27E-01 -1.14E-01  1.09E-03  4.92E-02  1.20E-01  6.80E-01  6.90E-01  2.81E-02
 
 OM14
+       ......... ......... ......... ......... ......... ......... ......... ......... .........
 
 OM15
+       ......... ......... ......... ......... ......... ......... ......... ......... ......... .........
 
 OM22
+       -1.47E-01 -1.88E-01 -2.06E-02  1.23E-01  1.80E-01  2.97E-01  6.47E-01  4.12E-01  0.00E+00  0.00E+00  1.26E-02
 
 OM23
+       -1.02E-01 -1.43E-01  2.80E-03  9.97E-02  1.52E-01  3.35E-01  6.25E-01  6.41E-01  0.00E+00  0.00E+00  7.29E-01  1.35E-02
 
 OM24
+       ......... ......... ......... ......... ......... ......... ......... ......... ......... ......... ......... .........
         .........
 
 OM25
+       ......... ......... ......... ......... ......... ......... ......... ......... ......... ......... ......... .........
         ......... .........
 
 OM33
+       -3.80E-02 -2.44E-02 -1.91E-02 -1.74E-02 -3.64E-02  1.94E-01  3.04E-01  5.72E-01  0.00E+00  0.00E+00  3.36E-01  6.54E-01
          0.00E+00  0.00E+00  2.03E-02
 
 OM34
+       ......... ......... ......... ......... ......... ......... ......... ......... ......... ......... ......... .........
         ......... ......... ......... .........
 
 OM35
+       ......... ......... ......... ......... ......... ......... ......... ......... ......... ......... ......... .........
         ......... ......... ......... ......... .........
 
 OM44
+       ......... ......... ......... ......... ......... ......... ......... ......... ......... ......... ......... .........
         ......... ......... ......... ......... ......... .........
 
 OM45
+       ......... ......... ......... ......... ......... ......... ......... ......... ......... ......... ......... .........
         ......... ......... ......... ......... ......... ......... .........
 
1

            TH 1      TH 2      TH 3      TH 4      TH 5      OM11      OM12      OM13      OM14      OM15      OM22      OM23  
             OM24      OM25      OM33      OM34      OM35      OM44      OM45      OM55      SG11  
 
 OM55
+       ......... ......... ......... ......... ......... ......... ......... ......... ......... ......... ......... .........
         ......... ......... ......... ......... ......... ......... ......... .........
 
 SG11
+       -1.29E-02  5.81E-02  1.23E-02  3.60E-02 -6.48E-03 -7.20E-02 -8.07E-02 -5.73E-02  0.00E+00  0.00E+00 -6.34E-02 -3.94E-02
          0.00E+00  0.00E+00 -8.53E-02  0.00E+00  0.00E+00  0.00E+00  0.00E+00  0.00E+00  1.12E-03
 
1
 ************************************************************************************************************************
 ********************                                                                                ********************
 ********************                              MCMC BAYESIAN ANALYSIS                            ********************
 ********************           INVERSE COVARIANCE MATRIX OF ESTIMATE (From Sample Variance)         ********************
 ********************                                                                                ********************
 ************************************************************************************************************************
 

            TH 1      TH 2      TH 3      TH 4      TH 5      OM11      OM12      OM13      OM14      OM15      OM22      OM23  
             OM24      OM25      OM33      OM34      OM35      OM44      OM45      OM55      SG11  
 
 TH 1
+        4.56E+02
 
 TH 2
+       -3.60E+02  2.35E+03
 
 TH 3
+       -1.68E+02 -7.71E+02  1.34E+03
 
 TH 4
+        8.73E+01  2.90E+02 -1.16E+02  1.87E+03
 
 TH 5
+        1.71E+02  3.55E+02 -3.10E+02 -1.86E+02  9.85E+02
 
 OM11
+       -1.73E+02  1.55E+02  7.86E+01  4.61E+01 -5.44E+01  8.77E+02
 
 OM12
+       -6.11E+01  3.09E+02 -8.23E+01 -4.61E+02 -2.96E+02 -1.30E+03  8.51E+03
 
 OM13
+       -5.82E+01 -1.17E+01 -3.89E+00  8.92E+01 -5.05E+00 -8.47E+02 -1.49E+03  4.61E+03
 
 OM14
+       ......... ......... ......... ......... ......... ......... ......... ......... .........
 
 OM15
+       ......... ......... ......... ......... ......... ......... ......... ......... ......... .........
 
 OM22
+        2.64E+02 -3.78E+00 -6.15E+01  2.17E+02  2.07E+02  3.10E+02 -5.00E+03  1.76E+03  0.00E+00  0.00E+00  1.80E+04
 
 OM23
+        1.39E+02 -6.48E+01 -2.31E+02 -7.84E+01 -2.05E+02  7.34E+02 -2.24E+03 -2.81E+03  0.00E+00  0.00E+00 -1.11E+04  2.34E+04
 
 OM24
+       ......... ......... ......... ......... ......... ......... ......... ......... ......... ......... ......... .........
         .........
 
 OM25
+       ......... ......... ......... ......... ......... ......... ......... ......... ......... ......... ......... .........
         ......... .........
 
 OM33
+        1.02E+02 -1.20E+02  7.36E+01  8.07E+01  2.66E+02  2.09E+02  1.08E+03 -1.84E+03  0.00E+00  0.00E+00  1.25E+03 -5.37E+03
          0.00E+00  0.00E+00  5.55E+03
 
 OM34
+       ......... ......... ......... ......... ......... ......... ......... ......... ......... ......... ......... .........
         ......... ......... ......... .........
 
 OM35
+       ......... ......... ......... ......... ......... ......... ......... ......... ......... ......... ......... .........
         ......... ......... ......... ......... .........
 
 OM44
+       ......... ......... ......... ......... ......... ......... ......... ......... ......... ......... ......... .........
         ......... ......... ......... ......... ......... .........
 
 OM45
+       ......... ......... ......... ......... ......... ......... ......... ......... ......... ......... ......... .........
         ......... ......... ......... ......... ......... ......... .........
 
1

            TH 1      TH 2      TH 3      TH 4      TH 5      OM11      OM12      OM13      OM14      OM15      OM22      OM23  
             OM24      OM25      OM33      OM34      OM35      OM44      OM45      OM55      SG11  
 
 OM55
+       ......... ......... ......... ......... ......... ......... ......... ......... ......... ......... ......... .........
         ......... ......... ......... ......... ......... ......... ......... .........
 
 SG11
+        4.87E+02 -2.88E+03  7.07E+02 -2.08E+03 -1.62E+02  5.01E+02  3.41E+03 -2.01E+03  0.00E+00  0.00E+00  5.26E+03 -9.60E+03
          0.00E+00  0.00E+00  7.01E+03  0.00E+00  0.00E+00  0.00E+00  0.00E+00  0.00E+00  8.15E+05
 
 Elapsed postprocess time in seconds:     2.97
 Elapsed finaloutput time in seconds:     0.29
 #CPUT: Total CPU Time in Seconds,      215.025
Stop Time:
Sun May 12 08:32:15 EDT 2024
