Sun May 12 08:31:14 EDT 2024
$PROBLEM From bbr: see 1100.yaml for details

$INPUT C NUM ID TIME SEQ CMT EVID AMT DV AGE WT HT EGFR ALB BMI SEX AAG
  SCR AST ALT CP TAFD TAD LDOS MDV BLQ PHASE

$DATA ../../../../data/derived/pk.csv IGNORE=(C='C', BLQ=1)

$SUBROUTINE ADVAN4 TRANS4

$PK

;log transformed PK parms

  CLEGFR = LOG(EGFR/90) * THETA(6)
  CLAGE  = LOG(AGE/35) * THETA(7)
  CLALB  = LOG(ALB/4.5) * THETA(8)

  V2WT   = LOG(WT/70)
  CLWT   = LOG(WT/70) * 0.75
  V3WT   = LOG(WT/70)
  QWT    = LOG(WT/70) * 0.75

  MU_1   = THETA(1)
  MU_2   = THETA(2) + V2WT
  MU_3   = THETA(3) + CLWT + CLEGFR + CLAGE + CLALB
  MU_4   = THETA(4) + V3WT
  MU_5   = THETA(5) + QWT

  KA     = EXP(MU_1 + ETA(1))
  V2     = EXP(MU_2 + ETA(2))
  CL     = EXP(MU_3 + ETA(3))
  V3     = EXP(MU_4 + ETA(4))
  Q      = EXP(MU_5 + ETA(5))

  S2     = V2/1000 ; dose in mcg, conc in mcg/mL

$ERROR

  IPRED = F
  Y     = IPRED * (1 + EPS(1))

$THETA
; log values
  (0.5)   ; 1 KA (1/hr) - 1.5
  (3.5)   ; 2 V2 (L) - 60
  (1)     ; 3 CL (L/hr) - 3.5
  (4)     ; 4 V3 (L) - 70
  (2)     ; 5 Q  (L/hr) - 4
  (1)     ; 6 CLEGFR~CL ()
  (1)     ; 7 AGE~CL ()
  (0.5)   ; 8 ALB~CL ()

$OMEGA BLOCK(3)
  0.2           ; ETA(KA)
  0.01 0.2      ; ETA(V2)
  0.01 0.01 0.2 ; ETA(CL)
$OMEGA
  0.025 FIX    ; ETA(V3)
  0.025 FIX    ; ETA(Q)

$SIGMA
  0.05          ; 1 pro error

$PRIOR NWPRI

$THETAP
  (0.5) FIX      ; 1 KA (1/hr) - 1.5
  (3.5) FIX      ; 2 V2 (L) - 60
  (1)   FIX      ; 3 CL (L/hr) - 3.5
  (4)   FIX      ; 4 V3 (L) - 70
  (2)   FIX      ; 5 Q  (L/hr) - 4
  (1)   FIX   ; 6 CLEGFR~CL ()
  (1)   FIX   ; 7 AGE~CL ()
  (0.5) FIX   ; 8 ALB~CL ()
$THETAPV BLOCK(8) VALUES(10, 0) FIX

$OMEGAP BLOCK(3) VALUES(0.2, 0.01) FIX

$OMEGAPD (3 FIX)

$SIGMAP
  0.05 FIX           ; 1 pro error

$SIGMAPD (1 FIX)

$EST METHOD=CHAIN FILE=../init.chn NSAMPLE=0 ISAMPLE=1 SEED=1 CTYPE=0 IACCEPT=0.3 DF=10 DFS=0
$EST METHOD=NUTS AUTO=2 CTYPE=0 OLKJDF=2 OVARF=1 SEED=1 NBURN=250 NITER=500 NUTS_DELTA=0.95 PRINT=10 MSFO=./1100.msf RANMETHOD=P PARAFPRINT=10000 BAYES_PHI_STORE=1

$TABLE NUM CL V2 Q V3 KA ETAS(1:LAST) EPRED IPRED NPDE EWRES NOPRINT ONEHEADER FILE=1100.tab RANMETHOD=P

NM-TRAN MESSAGES
  
 WARNINGS AND ERRORS (IF ANY) FOR PROBLEM    1
             
 (WARNING  2) NM-TRAN INFERS THAT THE DATA ARE POPULATION.

 (MU_WARNING 26) DATA ITEM(S) USED IN DEFINITION OF MU_(S) SHOULD BE CONSTANT FOR INDIV. REC.:
  WT EGFR AGE ALB
             
 (WARNING  121) INTERACTION IS IMPLIED WITH EM/BAYES ESTIMATION METHODS

 LIM VALUES MAXLIM ASSESSED BY NMTRAN: 1,2,3,4,5,6,7,8,10,11,13,15,16        
  
Note: Analytical 2nd Derivatives are constructed in FSUBS but are never used.
      You may insert $ABBR DERIV2=NO after the first $PROB to save FSUBS construction and compilation time
  

License Registered to: Metrum Research Group
Expiration Date:    14 JUL 2024
Current Date:       12 MAY 2024
Days until program expires :  62
1NONLINEAR MIXED EFFECTS MODEL PROGRAM (NONMEM) VERSION 7.5.1
 ORIGINALLY DEVELOPED BY STUART BEAL, LEWIS SHEINER, AND ALISON BOECKMANN
 CURRENT DEVELOPERS ARE ROBERT BAUER, ICON DEVELOPMENT SOLUTIONS,
 AND ALISON BOECKMANN. IMPLEMENTATION, EFFICIENCY, AND STANDARDIZATION
 PERFORMED BY NOUS INFOSYSTEMS.

 PROBLEM NO.:         1
 From bbr: see 1100.yaml for details
0DATA CHECKOUT RUN:              NO
 DATA SET LOCATED ON UNIT NO.:    2
 THIS UNIT TO BE REWOUND:        NO
 NO. OF DATA RECS IN DATA SET:     4292
 NO. OF DATA ITEMS IN DATA SET:  27
 ID DATA ITEM IS DATA ITEM NO.:   3
 DEP VARIABLE IS DATA ITEM NO.:   9
 MDV DATA ITEM IS DATA ITEM NO.: 25
0INDICES PASSED TO SUBROUTINE PRED:
   7   4   8   0   0   0   6   0   0   0   0
0LABELS FOR DATA ITEMS:
 C NUM ID TIME SEQ CMT EVID AMT DV AGE WT HT EGFR ALB BMI SEX AAG SCR AST ALT CP TAFD TAD LDOS MDV BLQ PHASE
0(NONBLANK) LABELS FOR PRED-DEFINED ITEMS:
 KA V2 CL V3 Q IPRED
0FORMAT FOR DATA:
 (2(10E7.0/),7E7.0)

 TOT. NO. OF OBS RECS:     3142
 TOT. NO. OF INDIVIDUALS:      160
0LENGTH OF THETA:  18
0DEFAULT THETA BOUNDARY TEST OMITTED:    NO
0OMEGA HAS BLOCK FORM:
  1
  1  1
  1  1  1
  0  0  0  2
  0  0  0  0  3
  0  0  0  0  0  4
  0  0  0  0  0  4  4
  0  0  0  0  0  4  4  4
  0  0  0  0  0  4  4  4  4
  0  0  0  0  0  4  4  4  4  4
  0  0  0  0  0  4  4  4  4  4  4
  0  0  0  0  0  4  4  4  4  4  4  4
  0  0  0  0  0  4  4  4  4  4  4  4  4
  0  0  0  0  0  0  0  0  0  0  0  0  0  5
  0  0  0  0  0  0  0  0  0  0  0  0  0  5  5
  0  0  0  0  0  0  0  0  0  0  0  0  0  5  5  5
0DEFAULT OMEGA BOUNDARY TEST OMITTED:    NO
0SIGMA HAS BLOCK FORM:
  1
  0  2
0DEFAULT SIGMA BOUNDARY TEST OMITTED:    NO
0INITIAL ESTIMATE OF THETA:
 LOWER BOUND    INITIAL EST    UPPER BOUND
 -0.1000E+07     0.5000E+00     0.1000E+07
 -0.1000E+07     0.3500E+01     0.1000E+07
 -0.1000E+07     0.1000E+01     0.1000E+07
 -0.1000E+07     0.4000E+01     0.1000E+07
 -0.1000E+07     0.2000E+01     0.1000E+07
 -0.1000E+07     0.1000E+01     0.1000E+07
 -0.1000E+07     0.1000E+01     0.1000E+07
 -0.1000E+07     0.5000E+00     0.1000E+07
  0.5000E+00     0.5000E+00     0.5000E+00
  0.3500E+01     0.3500E+01     0.3500E+01
  0.1000E+01     0.1000E+01     0.1000E+01
  0.4000E+01     0.4000E+01     0.4000E+01
  0.2000E+01     0.2000E+01     0.2000E+01
  0.1000E+01     0.1000E+01     0.1000E+01
  0.1000E+01     0.1000E+01     0.1000E+01
  0.5000E+00     0.5000E+00     0.5000E+00
  0.3000E+01     0.3000E+01     0.3000E+01
  0.1000E+01     0.1000E+01     0.1000E+01
0INITIAL ESTIMATE OF OMEGA:
 BLOCK SET NO.   BLOCK                                                                    FIXED
        1                                                                                   NO
                  0.2000E+00
                  0.1000E-01   0.2000E+00
                  0.1000E-01   0.1000E-01   0.2000E+00
        2                                                                                  YES
                  0.2500E-01
        3                                                                                  YES
                  0.2500E-01
        4                                                                                  YES
                  0.1000E+02
                  0.0000E+00   0.1000E+02
                  0.0000E+00   0.0000E+00   0.1000E+02
                  0.0000E+00   0.0000E+00   0.0000E+00   0.1000E+02
                  0.0000E+00   0.0000E+00   0.0000E+00   0.0000E+00   0.1000E+02
                  0.0000E+00   0.0000E+00   0.0000E+00   0.0000E+00   0.0000E+00   0.1000E+02
                  0.0000E+00   0.0000E+00   0.0000E+00   0.0000E+00   0.0000E+00   0.0000E+00   0.1000E+02
                  0.0000E+00   0.0000E+00   0.0000E+00   0.0000E+00   0.0000E+00   0.0000E+00   0.0000E+00   0.1000E+02
        5                                                                                  YES
                  0.2000E+00
                  0.1000E-01   0.2000E+00
                  0.1000E-01   0.1000E-01   0.2000E+00
0INITIAL ESTIMATE OF SIGMA:
 BLOCK SET NO.   BLOCK                                                                    FIXED
        1                                                                                   NO
                  0.5000E-01
        2                                                                                  YES
                  0.5000E-01
0TABLES STEP OMITTED:    NO
 NO. OF TABLES:           1
 SEED NUMBER (SEED):    11456
 NPDTYPE:    0
 INTERPTYPE:    0
 RANMETHOD:             3UP
 MC SAMPLES (ESAMPLE):    300
 WRES SQUARE ROOT TYPE (WRESCHOL): EIGENVALUE
0-- TABLE   1 --
0RECORDS ONLY:    ALL
04 COLUMNS APPENDED:    YES
 PRINTED:                NO
 HEADERS:               ONE
 FILE TO BE FORWARDED:   NO
 FORMAT:                S1PE11.4
 IDFORMAT:
 LFORMAT:
 RFORMAT:
 FIXED_EFFECT_ETAS:
0USER-CHOSEN ITEMS:
 NUM CL V2 Q V3 KA ETA1 ETA2 ETA3 ETA4 ETA5 EPRED IPRED NPDE EWRES
0
 PRIOR SUBROUTINE USER-SUPPLIED
1DOUBLE PRECISION PREDPP VERSION 7.5.1

 TWO COMPARTMENT MODEL WITH FIRST-ORDER ABSORPTION (ADVAN4)
0MAXIMUM NO. OF BASIC PK PARAMETERS:   5
0BASIC PK PARAMETERS (AFTER TRANSLATION):
   BASIC PK PARAMETER NO.  1: ELIMINATION RATE (K)
   BASIC PK PARAMETER NO.  2: CENTRAL-TO-PERIPH. RATE (K23)
   BASIC PK PARAMETER NO.  3: PERIPH.-TO-CENTRAL RATE (K32)
   BASIC PK PARAMETER NO.  5: ABSORPTION RATE (KA)
 TRANSLATOR WILL CONVERT PARAMETERS
 CL, V2, Q, V3 TO K, K23, K32 (TRANS4)
0COMPARTMENT ATTRIBUTES
 COMPT. NO.   FUNCTION   INITIAL    ON/OFF      DOSE      DEFAULT    DEFAULT
                         STATUS     ALLOWED    ALLOWED    FOR DOSE   FOR OBS.
    1         DEPOT        OFF        YES        YES        YES        NO
    2         CENTRAL      ON         NO         YES        NO         YES
    3         PERIPH.      ON         NO         YES        NO         NO
    4         OUTPUT       OFF        YES        NO         NO         NO
1
 ADDITIONAL PK PARAMETERS - ASSIGNMENT OF ROWS IN GG
 COMPT. NO.                             INDICES
              SCALE      BIOAVAIL.   ZERO-ORDER  ZERO-ORDER  ABSORB
                         FRACTION    RATE        DURATION    LAG
    1            *           *           *           *           *
    2            6           *           *           *           *
    3            *           *           *           *           *
    4            *           -           -           -           -
             - PARAMETER IS NOT ALLOWED FOR THIS MODEL
             * PARAMETER IS NOT SUPPLIED BY PK SUBROUTINE;
               WILL DEFAULT TO ONE IF APPLICABLE
0DATA ITEM INDICES USED BY PRED ARE:
   EVENT ID DATA ITEM IS DATA ITEM NO.:      7
   TIME DATA ITEM IS DATA ITEM NO.:          4
   DOSE AMOUNT DATA ITEM IS DATA ITEM NO.:   8
   COMPT. NO. DATA ITEM IS DATA ITEM NO.:    6

0PK SUBROUTINE CALLED WITH EVERY EVENT RECORD.
 PK SUBROUTINE NOT CALLED AT NONEVENT (ADDITIONAL OR LAGGED) DOSE TIMES.
0ERROR SUBROUTINE CALLED WITH EVERY EVENT RECORD.
1


 #TBLN:      1
 #METH: Chain Method Processing

 RANDOM GENERATION TYPE (CTYPE):     0
 RANDOM GENERATION SEED (SEED):      1
 RANDOM SAMPLE SELECTION (ISAMPLE):  1
 RANDOM SAMPLE RANGE END (ISAMPEND): -2147483647
 NUMBER OF RANDOM SAMPLES (NSAMPLE): 0
 UNIFORM FRACTIONAL RANGE (IACCEPT): 0.300000000000000
 RANDOM SELECTION TYPE (SELECT):     0
 DEG. FR. TO GENERATE OMEGAS (DF):   10
 DEG. FR. TO GENERATE SIGMAS (DFS):  0
 CHAIN FILE (FILE):                  ../init.chn
 EXCL. TITLE IN CHAIN FILE (NOTITLE):NO
 EX. COL. LBS. IN CHAIN FL.(NOLABEL):NO
 FORMAT FOR CHAIN FILE (FORMAT):     S1PE12.5
 PAR. ORDER in CHAIN FILE (ORDER):   TSOL
 RANDOM SAMPLING METHOD (RANMETHOD):3U

 THE FOLLOWING LABELS ARE EQUIVALENT
 PRED=NPRED
 RES=NRES
 WRES=NWRES
 IWRS=NIWRES
 IPRD=NIPRED
 IRS=NIRES



 FROM SAMPLE 1 OF CHAIN FILE ../init.chn
 NEW INITIAL ESTIMATES OF THETA
  0.4395E+00
  0.3952E+01
  0.7198E+00
  0.4899E+01
  0.2041E+01
  0.1079E+01
  0.1235E+01
  0.4273E+00
 NEW INITIAL ESTIMATES OF OMEGA
  0.6267E+00
  0.2257E+00  0.3758E+00
 -0.5063E-01  0.1085E+00  0.3958E+00
  0.0000E+00  0.0000E+00  0.0000E+00  0.2500E-01
  0.0000E+00  0.0000E+00  0.0000E+00  0.0000E+00  0.2500E-01
 NEW INITIAL ESTIMATES OF SIGMA
  0.8931E+00

 #PARA: PARAFILE=1100-1.pnm, PROTOCOL=MPI, NODES= 4

1


 #TBLN:      1
 #METH: NUTS Bayesian Analysis

 ESTIMATION STEP OMITTED:                 NO
 ANALYSIS TYPE:                           POPULATION
 NUMBER OF SADDLE POINT RESET ITERATIONS:      0
 GRADIENT METHOD USED:               NOSLOW
 CONDITIONAL ESTIMATES USED:              YES
 CENTERED ETA:                            NO
 EPS-ETA INTERACTION:                     YES
 LAPLACIAN OBJ. FUNC.:                    NO
 NO. OF FUNCT. EVALS. ALLOWED:            5928
 NO. OF SIG. FIGURES REQUIRED:            3
 INTERMEDIATE PRINTOUT:                   YES
 ESTIMATE OUTPUT TO MSF:                  YES
 IND. OBJ. FUNC. VALUES SORTED:           NO
 NUMERICAL DERIVATIVE
       FILE REQUEST (NUMDER):               NONE
 MAP (ETAHAT) ESTIMATION METHOD (OPTMAP):   0
 ETA HESSIAN EVALUATION METHOD (ETADER):    0
 INITIAL ETA FOR MAP ESTIMATION (MCETA):    0
 SIGDIGITS FOR MAP ESTIMATION (SIGLO):      100
 GRADIENT SIGDIGITS OF
       FIXED EFFECTS PARAMETERS (SIGL):     100
 NOPRIOR SETTING (NOPRIOR):                 0
 NOCOV SETTING (NOCOV):                     OFF
 DERCONT SETTING (DERCONT):                 OFF
 FINAL ETA RE-EVALUATION (FNLETA):          1
 EXCLUDE NON-INFLUENTIAL (NON-INFL.) ETAS
       IN SHRINKAGE (ETASTYPE):             NO
 NON-INFL. ETA CORRECTION (NONINFETA):      0
 RAW OUTPUT FILE (FILE): 1100-1.ext
 EXCLUDE TITLE (NOTITLE):                   NO
 EXCLUDE COLUMN LABELS (NOLABEL):           NO
 FORMAT FOR ADDITIONAL FILES (FORMAT):      S1PE12.5
 PARAMETER ORDER FOR OUTPUTS (ORDER):       TSOL
 KNUTHSUMOFF:                               0
 INCLUDE LNTWOPI:                           NO
 INCLUDE CONSTANT TERM TO PRIOR (PRIORC):   NO
 INCLUDE CONSTANT TERM TO OMEGA (ETA) (OLNTWOPI):NO
 EM OR BAYESIAN METHOD USED:                MCMC BAYESIAN (BAYES)
 BAYES INDIVIDUAL PARAMETERS ONLY: NO
 MU MODELING PATTERN (MUM):
 GRADIENT/GIBBS PATTERN (GRD):
 AUTOMATIC SETTING FEATURE (AUTO):          2
 CONVERGENCE TYPE (CTYPE):                  0
 KEEP ITERATIONS (THIN):            1
 BURN-IN ITERATIONS (NBURN):                250
 FIRST ITERATION FOR MAP (MAPITERS):          NO
 ITERATIONS (NITER):                        500
 ANNEAL SETTING (CONSTRAIN):                 1
 STARTING SEED FOR MC METHODS (SEED):       1
 MC SAMPLES PER SUBJECT (ISAMPLE):          1
 RANDOM SAMPLING METHOD (RANMETHOD):        3UP
 PROPOSAL DENSITY SCALING RANGE
              (ISCALE_MIN, ISCALE_MAX):     1.000000000000000E-06   ,1000000.00000000
 SAMPLE ACCEPTANCE RATE (IACCEPT):          0.400000000000000
 METROPOLIS HASTINGS POPULATION SAMPLING FOR NON-GIBBS
 SAMPLED THETAS AND SIGMAS:
 PROPOSAL DENSITY SCALING RANGE
              (PSCALE_MIN, PSCALE_MAX):   1.000000000000000E-02   ,1000.00000000000
 SAMPLE ACCEPTANCE RATE (PACCEPT):                       0.500000000000000
 SAMPLES FOR GLOBAL SEARCH KERNEL (PSAMPLE_M1):          1
 SAMPLES FOR LOCAL SEARCH KERNEL (PSAMPLE_M2):           -1
 SAMPLES FOR LOCAL UNIVARIATE KERNEL (PSAMPLE_M3):       1
 METROPOLIS HASTINGS POPULATION SAMPLING FOR NON-GIBBS
 SAMPLED OMEGAS:
 SAMPLE ACCEPTANCE RATE (OACCEPT):                       0.500000000000000
 SAMPLES FOR GLOBAL SEARCH KERNEL (OSAMPLE_M1):          -1
 SAMPLES FOR LOCAL SEARCH KERNEL (OSAMPLE_M2):           -1
 SAMPLES FOR LOCAL UNIVARIATE SEARCH KERNEL (OSAMPLE_M3):-1
 MASS/IMP./POST. MATRIX REFRESH SETTING (MASSREST):      -1
 MASS MATRIX ACCUMULATION ITERATIONS (MADAPT):          -1
 MASS MATRIX BLOCKING TYPE (NUTS_MASS):                 BD
 MODEL PARAMETERS TRANSFORMED BY MASS MATRIX (NUTS_TRANSFORM=0)
 POWER TERM WEIGHTING FOR MASS MATRIX ACCUM. (KAPPA):   1.00000000000000
 NUTS SAMPLE ACCEPTANCE RATE (NUTS_DELTA):                   0.950000000000000
 NUTS GAMMA SETTING (NUTS_GAMMA):                            5.000000000000000E-02
 USER DEFINED PRIOR SETTING FOR THETAS: (TPU):        0.00000000000000
 DEG. FR. FOR LKJ CORRELATION PRIOR FOR OMEGAS (OLKJDF): 2.00000000000000
 WEIGHT FACTOR FOR STD PRIOR FOR OMEGAS (OVARF): 1.00000000000000
 WEIGHT FACTOR FOR STD PRIOR FOR SIGMAS (SVARF): -1.000000000000000+300
 NUTS WARMUP METHOD (NUTS_TEST):       0
 NUTS MAXIMAL DEPTH SEARCH (NUTS_MAXDEPTH):       10
 NUTS STAGE I WARMUP ITERATIONS (NUTS_INIT):       75.0000000000000
 NUTS STAGE II BASE WARMUP ITERATIONS (NUTS_BASE): -3.00000000000000
 NUTS STAGE III FINAL ITERATIONS (NUTS_TERM): 50.0000000000000
 INITIAL ITERATIONS FOR STEP NUTS SIZE ASSESSMENT (NUTS_STEPITER): 1
 INTERVAL ITERATIONS FOR STEP NUTS SIZE ASSESSMENT (NUTS_STEPINTER):0
 ETA PARAMETERIZATION (NUTS_EPARAM):2
 OMEGA PARAMETERIZATION (NUTS_OPARAM):1
 SIGMA PARAMETERIZATION (NUTS_SPARAM):1
 NUTS REGULARIZING METHOD (NUTS_REG): 0.00000000000000


 THE FOLLOWING LABELS ARE EQUIVALENT
 PRED=PREDI
 RES=RESI
 WRES=WRESI
 IWRS=IWRESI
 IPRD=IPREDI
 IRS=IRESI

 EM/BAYES SETUP:
 THETAS THAT ARE MU MODELED:
   1   2   3   4   5   6   7   8
 THETAS THAT ARE GIBBS SAMPLED:
   1   2   3   4   5   6   7   8
 THETAS THAT ARE METROPOLIS-HASTINGS SAMPLED:
 
 SIGMAS THAT ARE GIBBS SAMPLED:
   1
 SIGMAS THAT ARE METROPOLIS-HASTINGS SAMPLED:
 
 OMEGAS ARE GIBBS SAMPLED

 MONITORING OF SEARCH:

 Burn-in Mode
 iteration         -250 MCMCOBJ=    36743.131739917735     
 iteration         -240 MCMCOBJ=    31061.261556137164     
 iteration         -230 MCMCOBJ=    30755.932597629973     
 iteration         -220 MCMCOBJ=    30686.935828930655     
 iteration         -210 MCMCOBJ=    30794.126699081611     
 iteration         -200 MCMCOBJ=    30697.088024461820     
 iteration         -190 MCMCOBJ=    30703.445378489108     
 iteration         -180 MCMCOBJ=    30682.645579768749     
 iteration         -170 MCMCOBJ=    30760.983162372540     
 iteration         -160 MCMCOBJ=    30639.560867720069     
 iteration         -150 MCMCOBJ=    30654.524293189774     
 iteration         -140 MCMCOBJ=    30694.459832426994     
 iteration         -130 MCMCOBJ=    30718.407651527898     
 iteration         -120 MCMCOBJ=    30726.607176773083     
 iteration         -110 MCMCOBJ=    30718.386200236844     
 iteration         -100 MCMCOBJ=    30705.231025401070     
 iteration          -90 MCMCOBJ=    30612.504950431405     
 iteration          -80 MCMCOBJ=    30665.807354288791     
 iteration          -70 MCMCOBJ=    30653.395752931461     
 iteration          -60 MCMCOBJ=    30702.229381965382     
 iteration          -50 MCMCOBJ=    30660.101156430130     
 iteration          -40 MCMCOBJ=    30722.958410296345     
 iteration          -30 MCMCOBJ=    30709.788628941627     
 iteration          -20 MCMCOBJ=    30721.645018222203     
 iteration          -10 MCMCOBJ=    30699.241891883568     
 Sampling Mode
 iteration            0 MCMCOBJ=    30692.805967569191     
 iteration           10 MCMCOBJ=    30582.849155856642     
 iteration           20 MCMCOBJ=    30712.068154767043     
 iteration           30 MCMCOBJ=    30712.026944913141     
 iteration           40 MCMCOBJ=    30686.917605999573     
 iteration           50 MCMCOBJ=    30728.002096455482     
 iteration           60 MCMCOBJ=    30736.996327703415     
 iteration           70 MCMCOBJ=    30807.612167657157     
 iteration           80 MCMCOBJ=    30611.598951701886     
 iteration           90 MCMCOBJ=    30788.983845311785     
 iteration          100 MCMCOBJ=    30646.571628158541     
 iteration          110 MCMCOBJ=    30703.422918491484     
 iteration          120 MCMCOBJ=    30602.788231555380     
 iteration          130 MCMCOBJ=    30630.495063419461     
 iteration          140 MCMCOBJ=    30746.255774155612     
 iteration          150 MCMCOBJ=    30733.456592116854     
 iteration          160 MCMCOBJ=    30595.150223706296     
 iteration          170 MCMCOBJ=    30624.015280192598     
 iteration          180 MCMCOBJ=    30693.880567216500     
 iteration          190 MCMCOBJ=    30790.217167215193     
 iteration          200 MCMCOBJ=    30726.481721714892     
 iteration          210 MCMCOBJ=    30697.705097587939     
 iteration          220 MCMCOBJ=    30687.228085051967     
 iteration          230 MCMCOBJ=    30591.746709534556     
 iteration          240 MCMCOBJ=    30684.311559988229     
 iteration          250 MCMCOBJ=    30691.270235256296     
 iteration          260 MCMCOBJ=    30716.279262660188     
 iteration          270 MCMCOBJ=    30664.864761532979     
 iteration          280 MCMCOBJ=    30585.055748605537     
 iteration          290 MCMCOBJ=    30712.169370140036     
 iteration          300 MCMCOBJ=    30675.678447391780     
 iteration          310 MCMCOBJ=    30636.818645212679     
 iteration          320 MCMCOBJ=    30636.093308095951     
 iteration          330 MCMCOBJ=    30708.247293276403     
 iteration          340 MCMCOBJ=    30745.218699823890     
 iteration          350 MCMCOBJ=    30618.003247501849     
 iteration          360 MCMCOBJ=    30584.818887375593     
 iteration          370 MCMCOBJ=    30685.522319100248     
 iteration          380 MCMCOBJ=    30589.840911568568     
 iteration          390 MCMCOBJ=    30796.340636784520     
 iteration          400 MCMCOBJ=    30714.345808275059     
 iteration          410 MCMCOBJ=    30589.137323707590     
 iteration          420 MCMCOBJ=    30669.277956523882     
 iteration          430 MCMCOBJ=    30699.518068379366     
 iteration          440 MCMCOBJ=    30659.892110515208     
 iteration          450 MCMCOBJ=    30658.896754079487     
 iteration          460 MCMCOBJ=    30783.650381099949     
 iteration          470 MCMCOBJ=    30604.810793931156     
 iteration          480 MCMCOBJ=    30676.761141887677     
 iteration          490 MCMCOBJ=    30712.129434631188     
 iteration          500 MCMCOBJ=    30690.788992623318     

 #TERM:
 BURN-IN WAS NOT TESTED FOR CONVERGENCE
 STATISTICAL PORTION WAS COMPLETED

 ETABAR IS THE ARITHMETIC MEAN OF THE ETA-ESTIMATES,
 AND THE P-VALUE IS GIVEN FOR THE NULL HYPOTHESIS THAT THE TRUE MEAN IS 0.

 ETABAR:         1.7691E-03  1.1206E-03  1.1539E-03 -4.7058E-04 -7.6135E-04
 SE:             3.1598E-02  2.1404E-02  2.6363E-02  4.8894E-03  4.0844E-03
 N:                     160         160         160         160         160

 P VAL.:         9.5535E-01  9.5825E-01  9.6509E-01  9.2333E-01  8.5213E-01

 ETASHRINKSD(%)  1.6799E+01  7.0167E+00  2.1110E+00  6.0885E+01  6.7325E+01
 ETASHRINKVR(%)  3.0776E+01  1.3541E+01  4.1774E+00  8.4700E+01  8.9323E+01
 EBVSHRINKSD(%)  1.7418E+01  6.2577E+00  1.4624E+00  4.8676E+01  6.7668E+01
 EBVSHRINKVR(%)  3.1802E+01  1.2124E+01  2.9034E+00  7.3658E+01  8.9547E+01
 RELATIVEINF(%)  1.0128E+01  2.5918E+01  6.2697E+01  2.0179E+01  3.3008E+00
 EPSSHRINKSD(%)  6.8488E+00
 EPSSHRINKVR(%)  1.3229E+01

  
 TOTAL DATA POINTS NORMALLY DISTRIBUTED (N):         3142
 N*LOG(2PI) CONSTANT TO OBJECTIVE FUNCTION:    5774.6097426581628     
 OBJECTIVE FUNCTION VALUE WITHOUT CONSTANT:    30687.304905253259     
 OBJECTIVE FUNCTION VALUE WITH CONSTANT:       36461.914647911421     
 REPORTED OBJECTIVE FUNCTION DOES NOT CONTAIN CONSTANT
  
 TOTAL EFFECTIVE ETAS (NIND*NETA):                           800
 NIND*NETA*LOG(2PI) CONSTANT TO OBJECTIVE FUNCTION:    1470.3016531274764     
 OBJECTIVE FUNCTION VALUE WITHOUT CONSTANT:    30687.304905253259     
 OBJECTIVE FUNCTION VALUE WITH CONSTANT:       32157.606558380736     
 REPORTED OBJECTIVE FUNCTION DOES NOT CONTAIN CONSTANT
  
 PRIOR CONSTANT TO OBJECTIVE FUNCTION:    44.701904490672852     
 OBJECTIVE FUNCTION VALUE WITHOUT CONSTANT:    30687.304905253259     
 OBJECTIVE FUNCTION VALUE WITH CONSTANT:       30732.006809743933     
 REPORTED OBJECTIVE FUNCTION DOES NOT CONTAIN CONSTANT
  
 #TERE:
 Elapsed estimation  time in seconds:  5413.75
 Elapsed covariance  time in seconds:     0.00
1
 
 
 
 
 
 
 
 
 
 
 
 
 
 
 
 
 
 
 
 
 ************************************************************************************************************************
 ********************                                                                                ********************
 ********************                              NUTS BAYESIAN ANALYSIS                            ********************
 #OBJT:**************                       AVERAGE VALUE OF LIKELIHOOD FUNCTION                     ********************
 ********************                                                                                ********************
 ************************************************************************************************************************
 





 #OBJV:********************************************    30687.305       **************************************************
 #OBJS:********************************************       51.971 (STD) **************************************************
1
 ************************************************************************************************************************
 ********************                                                                                ********************
 ********************                              NUTS BAYESIAN ANALYSIS                            ********************
 ********************                             FINAL PARAMETER ESTIMATE                           ********************
 ********************                                                                                ********************
 ************************************************************************************************************************
 


 THETA - VECTOR OF FIXED EFFECTS PARAMETERS   *********


         TH 1      TH 2      TH 3      TH 4      TH 5      TH 6      TH 7      TH 8     
 
         4.78E-01  4.10E+00  1.16E+00  4.23E+00  1.29E+00  4.87E-01 -4.17E-02  4.21E-01
 


 OMEGA - COV MATRIX FOR RANDOM EFFECTS - ETAS  ********


         ETA1      ETA2      ETA3      ETA4      ETA5     
 
 ETA1
+        2.31E-01
 
 ETA2
+        6.56E-02  8.48E-02
 
 ETA3
+        1.21E-01  6.96E-02  1.16E-01
 
 ETA4
+        0.00E+00  0.00E+00  0.00E+00  2.50E-02
 
 ETA5
+        0.00E+00  0.00E+00  0.00E+00  0.00E+00  2.50E-02
 


 SIGMA - COV MATRIX FOR RANDOM EFFECTS - EPSILONS  ****


         EPS1     
 
 EPS1
+        3.95E-02
 
1


 OMEGA - CORR MATRIX FOR RANDOM EFFECTS - ETAS  *******


         ETA1      ETA2      ETA3      ETA4      ETA5     
 
 ETA1
+        4.77E-01
 
 ETA2
+        4.67E-01  2.91E-01
 
 ETA3
+        7.41E-01  7.01E-01  3.40E-01
 
 ETA4
+        0.00E+00  0.00E+00  0.00E+00  1.58E-01
 
 ETA5
+        0.00E+00  0.00E+00  0.00E+00  0.00E+00  1.58E-01
 


 SIGMA - CORR MATRIX FOR RANDOM EFFECTS - EPSILONS  ***


         EPS1     
 
 EPS1
+        1.99E-01
 
1
 ************************************************************************************************************************
 ********************                                                                                ********************
 ********************                              NUTS BAYESIAN ANALYSIS                            ********************
 ********************                STANDARD ERROR OF ESTIMATE (From Sample Variance)               ********************
 ********************                                                                                ********************
 ************************************************************************************************************************
 


 THETA - VECTOR OF FIXED EFFECTS PARAMETERS   *********


         TH 1      TH 2      TH 3      TH 4      TH 5      TH 6      TH 7      TH 8     
 
         6.51E-02  2.95E-02  2.99E-02  2.49E-02  3.69E-02  4.58E-02  7.34E-02  8.75E-02
 


 OMEGA - COV MATRIX FOR RANDOM EFFECTS - ETAS  ********


         ETA1      ETA2      ETA3      ETA4      ETA5     
 
 ETA1
+        5.59E-02
 
 ETA2
+        1.93E-02  1.14E-02
 
 ETA3
+        2.38E-02  1.04E-02  1.47E-02
 
 ETA4
+        0.00E+00  0.00E+00  0.00E+00  0.00E+00
 
 ETA5
+        0.00E+00  0.00E+00  0.00E+00  0.00E+00  0.00E+00
 


 SIGMA - COV MATRIX FOR RANDOM EFFECTS - EPSILONS  ****


         EPS1     
 
 EPS1
+        1.10E-03
 
1


 OMEGA - CORR MATRIX FOR RANDOM EFFECTS - ETAS  *******


         ETA1      ETA2      ETA3      ETA4      ETA5     
 
 ETA1
+        5.70E-02
 
 ETA2
+        9.23E-02  1.95E-02
 
 ETA3
+        7.71E-02  4.80E-02  2.13E-02
 
 ETA4
+        0.00E+00  0.00E+00  0.00E+00  9.61E-09
 
 ETA5
+        0.00E+00  0.00E+00  0.00E+00  0.00E+00  9.61E-09
 


 SIGMA - CORR MATRIX FOR RANDOM EFFECTS - EPSILONS  ***


         EPS1     
 
 EPS1
+        2.78E-03
 
1
 ************************************************************************************************************************
 ********************                                                                                ********************
 ********************                              NUTS BAYESIAN ANALYSIS                            ********************
 ********************               COVARIANCE MATRIX OF ESTIMATE (From Sample Variance)             ********************
 ********************                                                                                ********************
 ************************************************************************************************************************
 

            TH 1      TH 2      TH 3      TH 4      TH 5      TH 6      TH 7      TH 8      OM11      OM12      OM13      OM14  
             OM15      OM22      OM23      OM24      OM25      OM33      OM34      OM35      OM44      OM45      OM55      SG11  

 
 TH 1
+        4.24E-03
 
 TH 2
+        9.97E-04  8.70E-04
 
 TH 3
+        7.53E-04  4.79E-04  8.93E-04
 
 TH 4
+       -3.11E-04 -1.98E-04 -5.18E-05  6.21E-04
 
 TH 5
+       -8.89E-04 -4.34E-04  4.51E-05  1.89E-04  1.36E-03
 
 TH 6
+        2.72E-05  7.13E-05  1.57E-04  7.54E-05 -4.38E-05  2.10E-03
 
 TH 7
+       -1.24E-04  2.14E-04  4.50E-04 -9.85E-05  5.27E-05  1.07E-04  5.39E-03
 
 TH 8
+        1.35E-04 -3.69E-05  6.57E-04 -3.05E-05 -1.06E-04  3.33E-04 -5.12E-04  7.66E-03
 
 OM11
+        1.33E-03  6.88E-05 -5.44E-05 -1.75E-04 -1.49E-04 -1.38E-04 -4.13E-04 -4.66E-04  3.12E-03
 
 OM12
+        1.77E-04 -5.65E-05 -3.33E-05 -1.83E-05  4.26E-05 -1.79E-05 -1.58E-04  1.10E-04  7.09E-04  3.74E-04
 
 OM13
+        3.85E-04  3.12E-05 -4.19E-05 -7.36E-05 -8.20E-05 -1.16E-04 -2.50E-04 -5.28E-05  1.02E-03  3.46E-04  5.68E-04
 
 OM14
+       ......... ......... ......... ......... ......... ......... ......... ......... ......... ......... ......... .........
 
 OM15
+       ......... ......... ......... ......... ......... ......... ......... ......... ......... ......... ......... .........
         .........
 
 OM22
+       -1.44E-05 -2.52E-06  2.04E-05 -5.05E-06  2.25E-05 -1.57E-05 -7.39E-05  1.35E-04  1.53E-04  1.33E-04  9.99E-05  0.00E+00
          0.00E+00  1.30E-04
 
 OM23
+       -2.08E-05  1.80E-06  1.30E-05 -1.90E-05  2.10E-05 -5.34E-05 -5.15E-05  4.44E-05  1.86E-04  1.32E-04  1.46E-04  0.00E+00
          0.00E+00  9.14E-05  1.09E-04
 
 OM24
+       ......... ......... ......... ......... ......... ......... ......... ......... ......... ......... ......... .........
         ......... ......... ......... .........
 
 OM25
+       ......... ......... ......... ......... ......... ......... ......... ......... ......... ......... ......... .........
         ......... ......... ......... ......... .........
 
 OM33
+        2.92E-05  3.71E-05  2.69E-05 -4.65E-05 -1.64E-05 -8.35E-05 -5.80E-05  1.48E-05  2.60E-04  1.32E-04  2.14E-04  0.00E+00
          0.00E+00  6.27E-05  1.14E-04  0.00E+00  0.00E+00  2.17E-04
 
 OM34
+       ......... ......... ......... ......... ......... ......... ......... ......... ......... ......... ......... .........
         ......... ......... ......... ......... ......... ......... .........
 
1

            TH 1      TH 2      TH 3      TH 4      TH 5      TH 6      TH 7      TH 8      OM11      OM12      OM13      OM14  
             OM15      OM22      OM23      OM24      OM25      OM33      OM34      OM35      OM44      OM45      OM55      SG11  

 
 OM35
+       ......... ......... ......... ......... ......... ......... ......... ......... ......... ......... ......... .........
         ......... ......... ......... ......... ......... ......... ......... .........
 
 OM44
+       ......... ......... ......... ......... ......... ......... ......... ......... ......... ......... ......... .........
         ......... ......... ......... ......... ......... ......... ......... ......... .........
 
 OM45
+       ......... ......... ......... ......... ......... ......... ......... ......... ......... ......... ......... .........
         ......... ......... ......... ......... ......... ......... ......... ......... ......... .........
 
 OM55
+       ......... ......... ......... ......... ......... ......... ......... ......... ......... ......... ......... .........
         ......... ......... ......... ......... ......... ......... ......... ......... ......... ......... .........
 
 SG11
+       -6.74E-06 -1.45E-06 -9.46E-08  3.35E-06  3.17E-06 -4.30E-06 -8.48E-07 -4.02E-06 -2.61E-07 -1.08E-06  1.19E-06  0.00E+00
          0.00E+00 -7.96E-08  1.10E-06  0.00E+00  0.00E+00  1.30E-06  0.00E+00  0.00E+00  0.00E+00  0.00E+00  0.00E+00  1.22E-06
 
1
 ************************************************************************************************************************
 ********************                                                                                ********************
 ********************                              NUTS BAYESIAN ANALYSIS                            ********************
 ********************              CORRELATION MATRIX OF ESTIMATE (From Sample Variance)             ********************
 ********************                                                                                ********************
 ************************************************************************************************************************
 

            TH 1      TH 2      TH 3      TH 4      TH 5      TH 6      TH 7      TH 8      OM11      OM12      OM13      OM14  
             OM15      OM22      OM23      OM24      OM25      OM33      OM34      OM35      OM44      OM45      OM55      SG11  

 
 TH 1
+        6.51E-02
 
 TH 2
+        5.19E-01  2.95E-02
 
 TH 3
+        3.87E-01  5.43E-01  2.99E-02
 
 TH 4
+       -1.91E-01 -2.69E-01 -6.96E-02  2.49E-02
 
 TH 5
+       -3.70E-01 -3.98E-01  4.09E-02  2.05E-01  3.69E-02
 
 TH 6
+        9.10E-03  5.28E-02  1.14E-01  6.61E-02 -2.59E-02  4.58E-02
 
 TH 7
+       -2.59E-02  9.90E-02  2.05E-01 -5.38E-02  1.95E-02  3.17E-02  7.34E-02
 
 TH 8
+        2.37E-02 -1.43E-02  2.51E-01 -1.40E-02 -3.28E-02  8.30E-02 -7.96E-02  8.75E-02
 
 OM11
+        3.66E-01  4.18E-02 -3.26E-02 -1.26E-01 -7.22E-02 -5.40E-02 -1.01E-01 -9.53E-02  5.59E-02
 
 OM12
+        1.40E-01 -9.89E-02 -5.75E-02 -3.80E-02  5.96E-02 -2.02E-02 -1.12E-01  6.47E-02  6.56E-01  1.93E-02
 
 OM13
+        2.48E-01  4.44E-02 -5.88E-02 -1.24E-01 -9.32E-02 -1.06E-01 -1.43E-01 -2.53E-02  7.64E-01  7.49E-01  2.38E-02
 
 OM14
+       ......... ......... ......... ......... ......... ......... ......... ......... ......... ......... ......... .........
 
 OM15
+       ......... ......... ......... ......... ......... ......... ......... ......... ......... ......... ......... .........
         .........
 
 OM22
+       -1.94E-02 -7.47E-03  5.97E-02 -1.77E-02  5.32E-02 -2.99E-02 -8.82E-02  1.35E-01  2.40E-01  6.00E-01  3.67E-01  0.00E+00
          0.00E+00  1.14E-02
 
 OM23
+       -3.06E-02  5.86E-03  4.15E-02 -7.28E-02  5.45E-02 -1.12E-01 -6.71E-02  4.86E-02  3.18E-01  6.53E-01  5.86E-01  0.00E+00
          0.00E+00  7.66E-01  1.04E-02
 
 OM24
+       ......... ......... ......... ......... ......... ......... ......... ......... ......... ......... ......... .........
         ......... ......... ......... .........
 
 OM25
+       ......... ......... ......... ......... ......... ......... ......... ......... ......... ......... ......... .........
         ......... ......... ......... ......... .........
 
 OM33
+        3.05E-02  8.54E-02  6.11E-02 -1.27E-01 -3.01E-02 -1.24E-01 -5.37E-02  1.15E-02  3.17E-01  4.64E-01  6.09E-01  0.00E+00
          0.00E+00  3.73E-01  7.41E-01  0.00E+00  0.00E+00  1.47E-02
 
 OM34
+       ......... ......... ......... ......... ......... ......... ......... ......... ......... ......... ......... .........
         ......... ......... ......... ......... ......... ......... .........
 
1

            TH 1      TH 2      TH 3      TH 4      TH 5      TH 6      TH 7      TH 8      OM11      OM12      OM13      OM14  
             OM15      OM22      OM23      OM24      OM25      OM33      OM34      OM35      OM44      OM45      OM55      SG11  

 
 OM35
+       ......... ......... ......... ......... ......... ......... ......... ......... ......... ......... ......... .........
         ......... ......... ......... ......... ......... ......... ......... .........
 
 OM44
+       ......... ......... ......... ......... ......... ......... ......... ......... ......... ......... ......... .........
         ......... ......... ......... ......... ......... ......... ......... ......... .........
 
 OM45
+       ......... ......... ......... ......... ......... ......... ......... ......... ......... ......... ......... .........
         ......... ......... ......... ......... ......... ......... ......... ......... ......... .........
 
 OM55
+       ......... ......... ......... ......... ......... ......... ......... ......... ......... ......... ......... .........
         ......... ......... ......... ......... ......... ......... ......... ......... ......... ......... .........
 
 SG11
+       -9.38E-02 -4.46E-02 -2.87E-03  1.22E-01  7.77E-02 -8.51E-02 -1.05E-02 -4.16E-02 -4.23E-03 -5.05E-02  4.52E-02  0.00E+00
          0.00E+00 -6.31E-03  9.50E-02  0.00E+00  0.00E+00  7.98E-02  0.00E+00  0.00E+00  0.00E+00  0.00E+00  0.00E+00  1.10E-03
 
1
 ************************************************************************************************************************
 ********************                                                                                ********************
 ********************                              NUTS BAYESIAN ANALYSIS                            ********************
 ********************           INVERSE COVARIANCE MATRIX OF ESTIMATE (From Sample Variance)         ********************
 ********************                                                                                ********************
 ************************************************************************************************************************
 

            TH 1      TH 2      TH 3      TH 4      TH 5      TH 6      TH 7      TH 8      OM11      OM12      OM13      OM14  
             OM15      OM22      OM23      OM24      OM25      OM33      OM34      OM35      OM44      OM45      OM55      SG11  

 
 TH 1
+        4.68E+02
 
 TH 2
+       -2.61E+02  2.61E+03
 
 TH 3
+       -3.28E+02 -1.26E+03  2.41E+03
 
 TH 4
+        2.42E+01  4.07E+02 -1.74E+02  1.85E+03
 
 TH 5
+        2.05E+02  6.30E+02 -6.60E+02 -7.76E+01  1.13E+03
 
 TH 6
+        3.17E+01 -3.27E+01 -1.07E+02 -6.56E+01  4.56E+01  5.08E+02
 
 TH 7
+        3.42E+01  1.43E+01 -1.60E+02  4.22E+01  2.71E+01  1.14E-01  2.06E+02
 
 TH 8
+        9.89E+00  1.41E+02 -2.17E+02  3.59E+01  7.17E+01 -1.00E+01  2.64E+01  1.61E+02
 
 OM11
+       -1.66E+02  1.05E+02 -1.84E+01  1.08E+02 -4.96E+01 -1.52E+00 -6.33E+00  6.39E+01  1.03E+03
 
 OM12
+       -1.67E+02  6.62E+02  2.71E+02 -2.27E+02 -4.03E+02 -2.42E+02 -6.75E+01 -1.40E+02 -8.98E+02  1.06E+04
 
 OM13
+       -6.80E+01 -3.39E+02  4.43E+02 -1.37E+01  2.59E+02  1.16E+02  1.06E+02 -4.59E+01 -1.58E+03 -3.49E+03  8.53E+03
 
 OM14
+       ......... ......... ......... ......... ......... ......... ......... ......... ......... ......... ......... .........
 
 OM15
+       ......... ......... ......... ......... ......... ......... ......... ......... ......... ......... ......... .........
         .........
 
 OM22
+        1.40E+02 -4.65E+02 -2.82E+02 -1.92E+02  2.73E+02 -3.05E+01  1.80E+02 -2.11E+02 -2.28E+02 -4.18E+03  2.69E+03  0.00E+00
          0.00E+00  2.64E+04
 
 OM23
+        3.77E+02  1.99E+01 -4.28E+02  4.39E+02 -2.76E+02  3.51E+02 -1.22E+02  2.91E+02  1.36E+03 -4.88E+03 -3.16E+03  0.00E+00
          0.00E+00 -2.78E+04  6.07E+04
 
 OM24
+       ......... ......... ......... ......... ......... ......... ......... ......... ......... ......... ......... .........
         ......... ......... ......... .........
 
 OM25
+       ......... ......... ......... ......... ......... ......... ......... ......... ......... ......... ......... .........
         ......... ......... ......... ......... .........
 
 OM33
+        1.86E+02 -2.13E+02 -4.60E+02  2.02E+02  1.57E+02  5.26E+01  3.24E+01 -3.16E+01  2.48E+02  1.46E+03 -3.36E+03  0.00E+00
          0.00E+00  7.17E+03 -1.91E+04  0.00E+00  0.00E+00  1.48E+04
 
 OM34
+       ......... ......... ......... ......... ......... ......... ......... ......... ......... ......... ......... .........
         ......... ......... ......... ......... ......... ......... .........
 
1

            TH 1      TH 2      TH 3      TH 4      TH 5      TH 6      TH 7      TH 8      OM11      OM12      OM13      OM14  
             OM15      OM22      OM23      OM24      OM25      OM33      OM34      OM35      OM44      OM45      OM55      SG11  

 
 OM35
+       ......... ......... ......... ......... ......... ......... ......... ......... ......... ......... ......... .........
         ......... ......... ......... ......... ......... ......... ......... .........
 
 OM44
+       ......... ......... ......... ......... ......... ......... ......... ......... ......... ......... ......... .........
         ......... ......... ......... ......... ......... ......... ......... ......... .........
 
 OM45
+       ......... ......... ......... ......... ......... ......... ......... ......... ......... ......... ......... .........
         ......... ......... ......... ......... ......... ......... ......... ......... ......... .........
 
 OM55
+       ......... ......... ......... ......... ......... ......... ......... ......... ......... ......... ......... .........
         ......... ......... ......... ......... ......... ......... ......... ......... ......... ......... .........
 
 SG11
+        1.18E+03  2.91E+02 -1.48E+03 -5.16E+03 -1.00E+03  1.25E+03  1.61E+02  1.28E+02 -1.29E+03  1.53E+04 -6.21E+03  0.00E+00
          0.00E+00  1.20E+04 -3.33E+04  0.00E+00  0.00E+00  6.35E+03  0.00E+00  0.00E+00  0.00E+00  0.00E+00  0.00E+00  8.92E+05
 
 Elapsed postprocess time in seconds:     2.21
 Elapsed finaloutput time in seconds:     0.30
 #CPUT: Total CPU Time in Seconds,     8909.299
Stop Time:
Sun May 12 10:01:45 EDT 2024
