Sun May 12 08:32:15 EDT 2024
$PROBLEM From bbr: see 1100.yaml for details

$INPUT C NUM ID TIME SEQ CMT EVID AMT DV AGE WT HT EGFR ALB BMI SEX AAG
  SCR AST ALT CP TAFD TAD LDOS MDV BLQ PHASE

$DATA ../../../../data/derived/pk.csv IGNORE=(C='C', BLQ=1)

$SUBROUTINE ADVAN4 TRANS4

$PK

;log transformed PK parms

  CLEGFR = LOG(EGFR/90) * THETA(6)
  CLAGE  = LOG(AGE/35) * THETA(7)
  CLALB  = LOG(ALB/4.5) * THETA(8)

  V2WT   = LOG(WT/70)
  CLWT   = LOG(WT/70) * 0.75
  V3WT   = LOG(WT/70)
  QWT    = LOG(WT/70) * 0.75

  MU_1   = THETA(1)
  MU_2   = THETA(2) + V2WT
  MU_3   = THETA(3) + CLWT + CLEGFR + CLAGE + CLALB
  MU_4   = THETA(4) + V3WT
  MU_5   = THETA(5) + QWT

  KA     = EXP(MU_1 + ETA(1))
  V2     = EXP(MU_2 + ETA(2))
  CL     = EXP(MU_3 + ETA(3))
  V3     = EXP(MU_4 + ETA(4))
  Q      = EXP(MU_5 + ETA(5))

  S2     = V2/1000 ; dose in mcg, conc in mcg/mL

$ERROR

  IPRED = F
  Y     = IPRED * (1 + EPS(1))

$THETA
; log values
  (0.5)   ; 1 KA (1/hr) - 1.5
  (3.5)   ; 2 V2 (L) - 60
  (1)     ; 3 CL (L/hr) - 3.5
  (4)     ; 4 V3 (L) - 70
  (2)     ; 5 Q  (L/hr) - 4
  (1)     ; 6 CLEGFR~CL ()
  (1)     ; 7 AGE~CL ()
  (0.5)   ; 8 ALB~CL ()

$OMEGA BLOCK(3)
  0.2           ; ETA(KA)
  0.01 0.2      ; ETA(V2)
  0.01 0.01 0.2 ; ETA(CL)
$OMEGA
  0.025 FIX    ; ETA(V3)
  0.025 FIX    ; ETA(Q)

$SIGMA
  0.05          ; 1 pro error

$PRIOR NWPRI

$THETAP
  (0.5) FIX      ; 1 KA (1/hr) - 1.5
  (3.5) FIX      ; 2 V2 (L) - 60
  (1)   FIX      ; 3 CL (L/hr) - 3.5
  (4)   FIX      ; 4 V3 (L) - 70
  (2)   FIX      ; 5 Q  (L/hr) - 4
  (1)   FIX   ; 6 CLEGFR~CL ()
  (1)   FIX   ; 7 AGE~CL ()
  (0.5) FIX   ; 8 ALB~CL ()
$THETAPV BLOCK(8) VALUES(10, 0) FIX

$OMEGAP BLOCK(3) VALUES(0.2, 0.01) FIX

$OMEGAPD (3 FIX)

$SIGMAP
  0.05 FIX           ; 1 pro error

$SIGMAPD (1 FIX)

$EST METHOD=CHAIN FILE=../init.chn NSAMPLE=0 ISAMPLE=4 SEED=1 CTYPE=0 IACCEPT=0.3 DF=10 DFS=0
$EST METHOD=NUTS AUTO=2 CTYPE=0 OLKJDF=2 OVARF=1 SEED=4 NBURN=250 NITER=500 NUTS_DELTA=0.95 PRINT=10 MSFO=./1100.msf RANMETHOD=P PARAFPRINT=10000 BAYES_PHI_STORE=1

$TABLE NUM CL V2 Q V3 KA ETAS(1:LAST) EPRED IPRED NPDE EWRES NOPRINT ONEHEADER FILE=1100.tab RANMETHOD=P

NM-TRAN MESSAGES
  
 WARNINGS AND ERRORS (IF ANY) FOR PROBLEM    1
             
 (WARNING  2) NM-TRAN INFERS THAT THE DATA ARE POPULATION.

 (MU_WARNING 26) DATA ITEM(S) USED IN DEFINITION OF MU_(S) SHOULD BE CONSTANT FOR INDIV. REC.:
  WT EGFR AGE ALB
             
 (WARNING  121) INTERACTION IS IMPLIED WITH EM/BAYES ESTIMATION METHODS

 LIM VALUES MAXLIM ASSESSED BY NMTRAN: 1,2,3,4,5,6,7,8,10,11,13,15,16        
  
Note: Analytical 2nd Derivatives are constructed in FSUBS but are never used.
      You may insert $ABBR DERIV2=NO after the first $PROB to save FSUBS construction and compilation time
  

License Registered to: Metrum Research Group
Expiration Date:    14 JUL 2024
Current Date:       12 MAY 2024
Days until program expires :  62
1NONLINEAR MIXED EFFECTS MODEL PROGRAM (NONMEM) VERSION 7.5.1
 ORIGINALLY DEVELOPED BY STUART BEAL, LEWIS SHEINER, AND ALISON BOECKMANN
 CURRENT DEVELOPERS ARE ROBERT BAUER, ICON DEVELOPMENT SOLUTIONS,
 AND ALISON BOECKMANN. IMPLEMENTATION, EFFICIENCY, AND STANDARDIZATION
 PERFORMED BY NOUS INFOSYSTEMS.

 PROBLEM NO.:         1
 From bbr: see 1100.yaml for details
0DATA CHECKOUT RUN:              NO
 DATA SET LOCATED ON UNIT NO.:    2
 THIS UNIT TO BE REWOUND:        NO
 NO. OF DATA RECS IN DATA SET:     4292
 NO. OF DATA ITEMS IN DATA SET:  27
 ID DATA ITEM IS DATA ITEM NO.:   3
 DEP VARIABLE IS DATA ITEM NO.:   9
 MDV DATA ITEM IS DATA ITEM NO.: 25
0INDICES PASSED TO SUBROUTINE PRED:
   7   4   8   0   0   0   6   0   0   0   0
0LABELS FOR DATA ITEMS:
 C NUM ID TIME SEQ CMT EVID AMT DV AGE WT HT EGFR ALB BMI SEX AAG SCR AST ALT CP TAFD TAD LDOS MDV BLQ PHASE
0(NONBLANK) LABELS FOR PRED-DEFINED ITEMS:
 KA V2 CL V3 Q IPRED
0FORMAT FOR DATA:
 (2(10E7.0/),7E7.0)

 TOT. NO. OF OBS RECS:     3142
 TOT. NO. OF INDIVIDUALS:      160
0LENGTH OF THETA:  18
0DEFAULT THETA BOUNDARY TEST OMITTED:    NO
0OMEGA HAS BLOCK FORM:
  1
  1  1
  1  1  1
  0  0  0  2
  0  0  0  0  3
  0  0  0  0  0  4
  0  0  0  0  0  4  4
  0  0  0  0  0  4  4  4
  0  0  0  0  0  4  4  4  4
  0  0  0  0  0  4  4  4  4  4
  0  0  0  0  0  4  4  4  4  4  4
  0  0  0  0  0  4  4  4  4  4  4  4
  0  0  0  0  0  4  4  4  4  4  4  4  4
  0  0  0  0  0  0  0  0  0  0  0  0  0  5
  0  0  0  0  0  0  0  0  0  0  0  0  0  5  5
  0  0  0  0  0  0  0  0  0  0  0  0  0  5  5  5
0DEFAULT OMEGA BOUNDARY TEST OMITTED:    NO
0SIGMA HAS BLOCK FORM:
  1
  0  2
0DEFAULT SIGMA BOUNDARY TEST OMITTED:    NO
0INITIAL ESTIMATE OF THETA:
 LOWER BOUND    INITIAL EST    UPPER BOUND
 -0.1000E+07     0.5000E+00     0.1000E+07
 -0.1000E+07     0.3500E+01     0.1000E+07
 -0.1000E+07     0.1000E+01     0.1000E+07
 -0.1000E+07     0.4000E+01     0.1000E+07
 -0.1000E+07     0.2000E+01     0.1000E+07
 -0.1000E+07     0.1000E+01     0.1000E+07
 -0.1000E+07     0.1000E+01     0.1000E+07
 -0.1000E+07     0.5000E+00     0.1000E+07
  0.5000E+00     0.5000E+00     0.5000E+00
  0.3500E+01     0.3500E+01     0.3500E+01
  0.1000E+01     0.1000E+01     0.1000E+01
  0.4000E+01     0.4000E+01     0.4000E+01
  0.2000E+01     0.2000E+01     0.2000E+01
  0.1000E+01     0.1000E+01     0.1000E+01
  0.1000E+01     0.1000E+01     0.1000E+01
  0.5000E+00     0.5000E+00     0.5000E+00
  0.3000E+01     0.3000E+01     0.3000E+01
  0.1000E+01     0.1000E+01     0.1000E+01
0INITIAL ESTIMATE OF OMEGA:
 BLOCK SET NO.   BLOCK                                                                    FIXED
        1                                                                                   NO
                  0.2000E+00
                  0.1000E-01   0.2000E+00
                  0.1000E-01   0.1000E-01   0.2000E+00
        2                                                                                  YES
                  0.2500E-01
        3                                                                                  YES
                  0.2500E-01
        4                                                                                  YES
                  0.1000E+02
                  0.0000E+00   0.1000E+02
                  0.0000E+00   0.0000E+00   0.1000E+02
                  0.0000E+00   0.0000E+00   0.0000E+00   0.1000E+02
                  0.0000E+00   0.0000E+00   0.0000E+00   0.0000E+00   0.1000E+02
                  0.0000E+00   0.0000E+00   0.0000E+00   0.0000E+00   0.0000E+00   0.1000E+02
                  0.0000E+00   0.0000E+00   0.0000E+00   0.0000E+00   0.0000E+00   0.0000E+00   0.1000E+02
                  0.0000E+00   0.0000E+00   0.0000E+00   0.0000E+00   0.0000E+00   0.0000E+00   0.0000E+00   0.1000E+02
        5                                                                                  YES
                  0.2000E+00
                  0.1000E-01   0.2000E+00
                  0.1000E-01   0.1000E-01   0.2000E+00
0INITIAL ESTIMATE OF SIGMA:
 BLOCK SET NO.   BLOCK                                                                    FIXED
        1                                                                                   NO
                  0.5000E-01
        2                                                                                  YES
                  0.5000E-01
0TABLES STEP OMITTED:    NO
 NO. OF TABLES:           1
 SEED NUMBER (SEED):    11456
 NPDTYPE:    0
 INTERPTYPE:    0
 RANMETHOD:             3UP
 MC SAMPLES (ESAMPLE):    300
 WRES SQUARE ROOT TYPE (WRESCHOL): EIGENVALUE
0-- TABLE   1 --
0RECORDS ONLY:    ALL
04 COLUMNS APPENDED:    YES
 PRINTED:                NO
 HEADERS:               ONE
 FILE TO BE FORWARDED:   NO
 FORMAT:                S1PE11.4
 IDFORMAT:
 LFORMAT:
 RFORMAT:
 FIXED_EFFECT_ETAS:
0USER-CHOSEN ITEMS:
 NUM CL V2 Q V3 KA ETA1 ETA2 ETA3 ETA4 ETA5 EPRED IPRED NPDE EWRES
0
 PRIOR SUBROUTINE USER-SUPPLIED
1DOUBLE PRECISION PREDPP VERSION 7.5.1

 TWO COMPARTMENT MODEL WITH FIRST-ORDER ABSORPTION (ADVAN4)
0MAXIMUM NO. OF BASIC PK PARAMETERS:   5
0BASIC PK PARAMETERS (AFTER TRANSLATION):
   BASIC PK PARAMETER NO.  1: ELIMINATION RATE (K)
   BASIC PK PARAMETER NO.  2: CENTRAL-TO-PERIPH. RATE (K23)
   BASIC PK PARAMETER NO.  3: PERIPH.-TO-CENTRAL RATE (K32)
   BASIC PK PARAMETER NO.  5: ABSORPTION RATE (KA)
 TRANSLATOR WILL CONVERT PARAMETERS
 CL, V2, Q, V3 TO K, K23, K32 (TRANS4)
0COMPARTMENT ATTRIBUTES
 COMPT. NO.   FUNCTION   INITIAL    ON/OFF      DOSE      DEFAULT    DEFAULT
                         STATUS     ALLOWED    ALLOWED    FOR DOSE   FOR OBS.
    1         DEPOT        OFF        YES        YES        YES        NO
    2         CENTRAL      ON         NO         YES        NO         YES
    3         PERIPH.      ON         NO         YES        NO         NO
    4         OUTPUT       OFF        YES        NO         NO         NO
1
 ADDITIONAL PK PARAMETERS - ASSIGNMENT OF ROWS IN GG
 COMPT. NO.                             INDICES
              SCALE      BIOAVAIL.   ZERO-ORDER  ZERO-ORDER  ABSORB
                         FRACTION    RATE        DURATION    LAG
    1            *           *           *           *           *
    2            6           *           *           *           *
    3            *           *           *           *           *
    4            *           -           -           -           -
             - PARAMETER IS NOT ALLOWED FOR THIS MODEL
             * PARAMETER IS NOT SUPPLIED BY PK SUBROUTINE;
               WILL DEFAULT TO ONE IF APPLICABLE
0DATA ITEM INDICES USED BY PRED ARE:
   EVENT ID DATA ITEM IS DATA ITEM NO.:      7
   TIME DATA ITEM IS DATA ITEM NO.:          4
   DOSE AMOUNT DATA ITEM IS DATA ITEM NO.:   8
   COMPT. NO. DATA ITEM IS DATA ITEM NO.:    6

0PK SUBROUTINE CALLED WITH EVERY EVENT RECORD.
 PK SUBROUTINE NOT CALLED AT NONEVENT (ADDITIONAL OR LAGGED) DOSE TIMES.
0ERROR SUBROUTINE CALLED WITH EVERY EVENT RECORD.
1


 #TBLN:      1
 #METH: Chain Method Processing

 RANDOM GENERATION TYPE (CTYPE):     0
 RANDOM GENERATION SEED (SEED):      1
 RANDOM SAMPLE SELECTION (ISAMPLE):  4
 RANDOM SAMPLE RANGE END (ISAMPEND): -2147483647
 NUMBER OF RANDOM SAMPLES (NSAMPLE): 0
 UNIFORM FRACTIONAL RANGE (IACCEPT): 0.300000000000000
 RANDOM SELECTION TYPE (SELECT):     0
 DEG. FR. TO GENERATE OMEGAS (DF):   10
 DEG. FR. TO GENERATE SIGMAS (DFS):  0
 CHAIN FILE (FILE):                  ../init.chn
 EXCL. TITLE IN CHAIN FILE (NOTITLE):NO
 EX. COL. LBS. IN CHAIN FL.(NOLABEL):NO
 FORMAT FOR CHAIN FILE (FORMAT):     S1PE12.5
 PAR. ORDER in CHAIN FILE (ORDER):   TSOL
 RANDOM SAMPLING METHOD (RANMETHOD):3U

 THE FOLLOWING LABELS ARE EQUIVALENT
 PRED=NPRED
 RES=NRES
 WRES=NWRES
 IWRS=NIWRES
 IPRD=NIPRED
 IRS=NIRES



 FROM SAMPLE 4 OF CHAIN FILE ../init.chn
 NEW INITIAL ESTIMATES OF THETA
  0.3738E+00
  0.4013E+01
  0.7654E+00
  0.3359E+01
  0.1664E+01
  0.7947E+00
  0.7265E+00
  0.5801E+00
 NEW INITIAL ESTIMATES OF OMEGA
  0.4334E+00
 -0.2779E-01  0.2946E+00
  0.4698E-01  0.1366E-01  0.4567E+00
  0.0000E+00  0.0000E+00  0.0000E+00  0.2500E-01
  0.0000E+00  0.0000E+00  0.0000E+00  0.0000E+00  0.2500E-01
 NEW INITIAL ESTIMATES OF SIGMA
  0.5475E-01

 #PARA: PARAFILE=1100-4.pnm, PROTOCOL=MPI, NODES= 4

1


 #TBLN:      1
 #METH: NUTS Bayesian Analysis

 ESTIMATION STEP OMITTED:                 NO
 ANALYSIS TYPE:                           POPULATION
 NUMBER OF SADDLE POINT RESET ITERATIONS:      0
 GRADIENT METHOD USED:               NOSLOW
 CONDITIONAL ESTIMATES USED:              YES
 CENTERED ETA:                            NO
 EPS-ETA INTERACTION:                     YES
 LAPLACIAN OBJ. FUNC.:                    NO
 NO. OF FUNCT. EVALS. ALLOWED:            5928
 NO. OF SIG. FIGURES REQUIRED:            3
 INTERMEDIATE PRINTOUT:                   YES
 ESTIMATE OUTPUT TO MSF:                  YES
 IND. OBJ. FUNC. VALUES SORTED:           NO
 NUMERICAL DERIVATIVE
       FILE REQUEST (NUMDER):               NONE
 MAP (ETAHAT) ESTIMATION METHOD (OPTMAP):   0
 ETA HESSIAN EVALUATION METHOD (ETADER):    0
 INITIAL ETA FOR MAP ESTIMATION (MCETA):    0
 SIGDIGITS FOR MAP ESTIMATION (SIGLO):      100
 GRADIENT SIGDIGITS OF
       FIXED EFFECTS PARAMETERS (SIGL):     100
 NOPRIOR SETTING (NOPRIOR):                 0
 NOCOV SETTING (NOCOV):                     OFF
 DERCONT SETTING (DERCONT):                 OFF
 FINAL ETA RE-EVALUATION (FNLETA):          1
 EXCLUDE NON-INFLUENTIAL (NON-INFL.) ETAS
       IN SHRINKAGE (ETASTYPE):             NO
 NON-INFL. ETA CORRECTION (NONINFETA):      0
 RAW OUTPUT FILE (FILE): 1100-4.ext
 EXCLUDE TITLE (NOTITLE):                   NO
 EXCLUDE COLUMN LABELS (NOLABEL):           NO
 FORMAT FOR ADDITIONAL FILES (FORMAT):      S1PE12.5
 PARAMETER ORDER FOR OUTPUTS (ORDER):       TSOL
 KNUTHSUMOFF:                               0
 INCLUDE LNTWOPI:                           NO
 INCLUDE CONSTANT TERM TO PRIOR (PRIORC):   NO
 INCLUDE CONSTANT TERM TO OMEGA (ETA) (OLNTWOPI):NO
 EM OR BAYESIAN METHOD USED:                MCMC BAYESIAN (BAYES)
 BAYES INDIVIDUAL PARAMETERS ONLY: NO
 MU MODELING PATTERN (MUM):
 GRADIENT/GIBBS PATTERN (GRD):
 AUTOMATIC SETTING FEATURE (AUTO):          2
 CONVERGENCE TYPE (CTYPE):                  0
 KEEP ITERATIONS (THIN):            1
 BURN-IN ITERATIONS (NBURN):                250
 FIRST ITERATION FOR MAP (MAPITERS):          NO
 ITERATIONS (NITER):                        500
 ANNEAL SETTING (CONSTRAIN):                 1
 STARTING SEED FOR MC METHODS (SEED):       4
 MC SAMPLES PER SUBJECT (ISAMPLE):          1
 RANDOM SAMPLING METHOD (RANMETHOD):        3UP
 PROPOSAL DENSITY SCALING RANGE
              (ISCALE_MIN, ISCALE_MAX):     1.000000000000000E-06   ,1000000.00000000
 SAMPLE ACCEPTANCE RATE (IACCEPT):          0.400000000000000
 METROPOLIS HASTINGS POPULATION SAMPLING FOR NON-GIBBS
 SAMPLED THETAS AND SIGMAS:
 PROPOSAL DENSITY SCALING RANGE
              (PSCALE_MIN, PSCALE_MAX):   1.000000000000000E-02   ,1000.00000000000
 SAMPLE ACCEPTANCE RATE (PACCEPT):                       0.500000000000000
 SAMPLES FOR GLOBAL SEARCH KERNEL (PSAMPLE_M1):          1
 SAMPLES FOR LOCAL SEARCH KERNEL (PSAMPLE_M2):           -1
 SAMPLES FOR LOCAL UNIVARIATE KERNEL (PSAMPLE_M3):       1
 METROPOLIS HASTINGS POPULATION SAMPLING FOR NON-GIBBS
 SAMPLED OMEGAS:
 SAMPLE ACCEPTANCE RATE (OACCEPT):                       0.500000000000000
 SAMPLES FOR GLOBAL SEARCH KERNEL (OSAMPLE_M1):          -1
 SAMPLES FOR LOCAL SEARCH KERNEL (OSAMPLE_M2):           -1
 SAMPLES FOR LOCAL UNIVARIATE SEARCH KERNEL (OSAMPLE_M3):-1
 MASS/IMP./POST. MATRIX REFRESH SETTING (MASSREST):      -1
 MASS MATRIX ACCUMULATION ITERATIONS (MADAPT):          -1
 MASS MATRIX BLOCKING TYPE (NUTS_MASS):                 BD
 MODEL PARAMETERS TRANSFORMED BY MASS MATRIX (NUTS_TRANSFORM=0)
 POWER TERM WEIGHTING FOR MASS MATRIX ACCUM. (KAPPA):   1.00000000000000
 NUTS SAMPLE ACCEPTANCE RATE (NUTS_DELTA):                   0.950000000000000
 NUTS GAMMA SETTING (NUTS_GAMMA):                            5.000000000000000E-02
 USER DEFINED PRIOR SETTING FOR THETAS: (TPU):        0.00000000000000
 DEG. FR. FOR LKJ CORRELATION PRIOR FOR OMEGAS (OLKJDF): 2.00000000000000
 WEIGHT FACTOR FOR STD PRIOR FOR OMEGAS (OVARF): 1.00000000000000
 WEIGHT FACTOR FOR STD PRIOR FOR SIGMAS (SVARF): -1.000000000000000+300
 NUTS WARMUP METHOD (NUTS_TEST):       0
 NUTS MAXIMAL DEPTH SEARCH (NUTS_MAXDEPTH):       10
 NUTS STAGE I WARMUP ITERATIONS (NUTS_INIT):       75.0000000000000
 NUTS STAGE II BASE WARMUP ITERATIONS (NUTS_BASE): -3.00000000000000
 NUTS STAGE III FINAL ITERATIONS (NUTS_TERM): 50.0000000000000
 INITIAL ITERATIONS FOR STEP NUTS SIZE ASSESSMENT (NUTS_STEPITER): 1
 INTERVAL ITERATIONS FOR STEP NUTS SIZE ASSESSMENT (NUTS_STEPINTER):0
 ETA PARAMETERIZATION (NUTS_EPARAM):2
 OMEGA PARAMETERIZATION (NUTS_OPARAM):1
 SIGMA PARAMETERIZATION (NUTS_SPARAM):1
 NUTS REGULARIZING METHOD (NUTS_REG): 0.00000000000000


 THE FOLLOWING LABELS ARE EQUIVALENT
 PRED=PREDI
 RES=RESI
 WRES=WRESI
 IWRS=IWRESI
 IPRD=IPREDI
 IRS=IRESI

 EM/BAYES SETUP:
 THETAS THAT ARE MU MODELED:
   1   2   3   4   5   6   7   8
 THETAS THAT ARE GIBBS SAMPLED:
   1   2   3   4   5   6   7   8
 THETAS THAT ARE METROPOLIS-HASTINGS SAMPLED:
 
 SIGMAS THAT ARE GIBBS SAMPLED:
   1
 SIGMAS THAT ARE METROPOLIS-HASTINGS SAMPLED:
 
 OMEGAS ARE GIBBS SAMPLED

 MONITORING OF SEARCH:

 Burn-in Mode
 iteration         -250 MCMCOBJ=    41201.697908229784     
 iteration         -240 MCMCOBJ=    30897.039284871022     
 iteration         -230 MCMCOBJ=    30620.739170769131     
 iteration         -220 MCMCOBJ=    30713.782218478929     
 iteration         -210 MCMCOBJ=    30600.626606703267     
 iteration         -200 MCMCOBJ=    30665.137681347205     
 iteration         -190 MCMCOBJ=    30681.220186234961     
 iteration         -180 MCMCOBJ=    30731.225665153019     
 iteration         -170 MCMCOBJ=    30581.157795594077     
 iteration         -160 MCMCOBJ=    30662.458006092835     
 iteration         -150 MCMCOBJ=    30608.946446898372     
 iteration         -140 MCMCOBJ=    30682.447925152996     
 iteration         -130 MCMCOBJ=    30649.574002882953     
 iteration         -120 MCMCOBJ=    30681.293881407408     
 iteration         -110 MCMCOBJ=    30747.920787729945     
 iteration         -100 MCMCOBJ=    30662.149918086954     
 iteration          -90 MCMCOBJ=    30733.679726580704     
 iteration          -80 MCMCOBJ=    30641.885252261145     
 iteration          -70 MCMCOBJ=    30734.421829456747     
 iteration          -60 MCMCOBJ=    30710.356046305347     
 iteration          -50 MCMCOBJ=    30688.334587862217     
 iteration          -40 MCMCOBJ=    30733.627776295976     
 iteration          -30 MCMCOBJ=    30667.667838903635     
 iteration          -20 MCMCOBJ=    30608.295066397193     
 iteration          -10 MCMCOBJ=    30637.761127531867     
 Sampling Mode
 iteration            0 MCMCOBJ=    30734.193972836627     
 iteration           10 MCMCOBJ=    30682.518905830209     
 iteration           20 MCMCOBJ=    30689.775724505940     
 iteration           30 MCMCOBJ=    30716.809150475874     
 iteration           40 MCMCOBJ=    30669.422461416358     
 iteration           50 MCMCOBJ=    30713.867658136853     
 iteration           60 MCMCOBJ=    30638.158858947139     
 iteration           70 MCMCOBJ=    30761.512156104334     
 iteration           80 MCMCOBJ=    30676.265036579010     
 iteration           90 MCMCOBJ=    30727.354926256645     
 iteration          100 MCMCOBJ=    30669.799124053188     
 iteration          110 MCMCOBJ=    30609.409832108711     
 iteration          120 MCMCOBJ=    30693.926893363314     
 iteration          130 MCMCOBJ=    30717.511478854998     
 iteration          140 MCMCOBJ=    30705.084725411500     
 iteration          150 MCMCOBJ=    30692.978492910494     
 iteration          160 MCMCOBJ=    30708.825331940017     
 iteration          170 MCMCOBJ=    30730.289181165783     
 iteration          180 MCMCOBJ=    30735.021913818211     
 iteration          190 MCMCOBJ=    30604.816048691042     
 iteration          200 MCMCOBJ=    30688.440172706152     
 iteration          210 MCMCOBJ=    30710.844511478961     
 iteration          220 MCMCOBJ=    30702.350683215016     
 iteration          230 MCMCOBJ=    30711.700087329562     
 iteration          240 MCMCOBJ=    30679.203748112279     
 iteration          250 MCMCOBJ=    30602.728694306043     
 iteration          260 MCMCOBJ=    30648.735570270852     
 iteration          270 MCMCOBJ=    30579.495380759377     
 iteration          280 MCMCOBJ=    30623.876171917807     
 iteration          290 MCMCOBJ=    30711.008719546357     
 iteration          300 MCMCOBJ=    30689.515415424154     
 iteration          310 MCMCOBJ=    30662.132108198526     
 iteration          320 MCMCOBJ=    30772.120203166163     
 iteration          330 MCMCOBJ=    30601.571736780104     
 iteration          340 MCMCOBJ=    30683.495345480431     
 iteration          350 MCMCOBJ=    30692.311330715416     
 iteration          360 MCMCOBJ=    30717.112495758065     
 iteration          370 MCMCOBJ=    30733.670075564569     
 iteration          380 MCMCOBJ=    30680.437276333032     
 iteration          390 MCMCOBJ=    30704.974374005506     
 iteration          400 MCMCOBJ=    30663.391352500803     
 iteration          410 MCMCOBJ=    30593.927577556824     
 iteration          420 MCMCOBJ=    30643.202639098010     
 iteration          430 MCMCOBJ=    30616.852029324422     
 iteration          440 MCMCOBJ=    30650.672253877383     
 iteration          450 MCMCOBJ=    30682.448617039187     
 iteration          460 MCMCOBJ=    30548.084647810585     
 iteration          470 MCMCOBJ=    30710.893772089592     
 iteration          480 MCMCOBJ=    30685.332587165081     
 iteration          490 MCMCOBJ=    30725.229480301739     
 iteration          500 MCMCOBJ=    30704.470072935670     

 #TERM:
 BURN-IN WAS NOT TESTED FOR CONVERGENCE
 STATISTICAL PORTION WAS COMPLETED

 ETABAR IS THE ARITHMETIC MEAN OF THE ETA-ESTIMATES,
 AND THE P-VALUE IS GIVEN FOR THE NULL HYPOTHESIS THAT THE TRUE MEAN IS 0.

 ETABAR:         8.5641E-05 -9.3096E-04  1.8936E-04  6.9515E-04 -6.3316E-05
 SE:             3.1536E-02  2.1223E-02  2.6354E-02  4.9175E-03  4.0550E-03
 N:                     160         160         160         160         160

 P VAL.:         9.9783E-01  9.6501E-01  9.9427E-01  8.8758E-01  9.8754E-01

 ETASHRINKSD(%)  1.7959E+01  6.3739E+00  1.7855E+00  6.0660E+01  6.7560E+01
 ETASHRINKVR(%)  3.2693E+01  1.2342E+01  3.5391E+00  8.4524E+01  8.9476E+01
 EBVSHRINKSD(%)  1.8004E+01  6.6106E+00  1.4485E+00  4.9568E+01  6.6709E+01
 EBVSHRINKVR(%)  3.2767E+01  1.2784E+01  2.8761E+00  7.4566E+01  8.8917E+01
 RELATIVEINF(%)  1.4829E+01  3.2732E+01  7.2481E+01  2.1250E+01  4.6240E+00
 EPSSHRINKSD(%)  6.8586E+00
 EPSSHRINKVR(%)  1.3247E+01

  
 TOTAL DATA POINTS NORMALLY DISTRIBUTED (N):         3142
 N*LOG(2PI) CONSTANT TO OBJECTIVE FUNCTION:    5774.6097426581628     
 OBJECTIVE FUNCTION VALUE WITHOUT CONSTANT:    30682.627797585981     
 OBJECTIVE FUNCTION VALUE WITH CONSTANT:       36457.237540244147     
 REPORTED OBJECTIVE FUNCTION DOES NOT CONTAIN CONSTANT
  
 TOTAL EFFECTIVE ETAS (NIND*NETA):                           800
 NIND*NETA*LOG(2PI) CONSTANT TO OBJECTIVE FUNCTION:    1470.3016531274764     
 OBJECTIVE FUNCTION VALUE WITHOUT CONSTANT:    30682.627797585981     
 OBJECTIVE FUNCTION VALUE WITH CONSTANT:       32152.929450713458     
 REPORTED OBJECTIVE FUNCTION DOES NOT CONTAIN CONSTANT
  
 PRIOR CONSTANT TO OBJECTIVE FUNCTION:    44.701904490672852     
 OBJECTIVE FUNCTION VALUE WITHOUT CONSTANT:    30682.627797585981     
 OBJECTIVE FUNCTION VALUE WITH CONSTANT:       30727.329702076655     
 REPORTED OBJECTIVE FUNCTION DOES NOT CONTAIN CONSTANT
  
 #TERE:
 Elapsed estimation  time in seconds:  5347.26
 Elapsed covariance  time in seconds:     0.00
1
 
 
 
 
 
 
 
 
 
 
 
 
 
 
 
 
 
 
 
 
 ************************************************************************************************************************
 ********************                                                                                ********************
 ********************                              NUTS BAYESIAN ANALYSIS                            ********************
 #OBJT:**************                       AVERAGE VALUE OF LIKELIHOOD FUNCTION                     ********************
 ********************                                                                                ********************
 ************************************************************************************************************************
 





 #OBJV:********************************************    30682.628       **************************************************
 #OBJS:********************************************       50.625 (STD) **************************************************
1
 ************************************************************************************************************************
 ********************                                                                                ********************
 ********************                              NUTS BAYESIAN ANALYSIS                            ********************
 ********************                             FINAL PARAMETER ESTIMATE                           ********************
 ********************                                                                                ********************
 ************************************************************************************************************************
 


 THETA - VECTOR OF FIXED EFFECTS PARAMETERS   *********


         TH 1      TH 2      TH 3      TH 4      TH 5      TH 6      TH 7      TH 8     
 
         4.80E-01  4.11E+00  1.16E+00  4.23E+00  1.29E+00  4.88E-01 -4.38E-02  4.20E-01
 


 OMEGA - COV MATRIX FOR RANDOM EFFECTS - ETAS  ********


         ETA1      ETA2      ETA3      ETA4      ETA5     
 
 ETA1
+        2.36E-01
 
 ETA2
+        6.28E-02  8.22E-02
 
 ETA3
+        1.18E-01  6.76E-02  1.15E-01
 
 ETA4
+        0.00E+00  0.00E+00  0.00E+00  2.50E-02
 
 ETA5
+        0.00E+00  0.00E+00  0.00E+00  0.00E+00  2.50E-02
 


 SIGMA - COV MATRIX FOR RANDOM EFFECTS - EPSILONS  ****


         EPS1     
 
 EPS1
+        3.94E-02
 
1


 OMEGA - CORR MATRIX FOR RANDOM EFFECTS - ETAS  *******


         ETA1      ETA2      ETA3      ETA4      ETA5     
 
 ETA1
+        4.83E-01
 
 ETA2
+        4.48E-01  2.86E-01
 
 ETA3
+        7.16E-01  6.94E-01  3.39E-01
 
 ETA4
+        0.00E+00  0.00E+00  0.00E+00  1.58E-01
 
 ETA5
+        0.00E+00  0.00E+00  0.00E+00  0.00E+00  1.58E-01
 


 SIGMA - CORR MATRIX FOR RANDOM EFFECTS - EPSILONS  ***


         EPS1     
 
 EPS1
+        1.98E-01
 
1
 ************************************************************************************************************************
 ********************                                                                                ********************
 ********************                              NUTS BAYESIAN ANALYSIS                            ********************
 ********************                STANDARD ERROR OF ESTIMATE (From Sample Variance)               ********************
 ********************                                                                                ********************
 ************************************************************************************************************************
 


 THETA - VECTOR OF FIXED EFFECTS PARAMETERS   *********


         TH 1      TH 2      TH 3      TH 4      TH 5      TH 6      TH 7      TH 8     
 
         5.87E-02  2.72E-02  3.01E-02  2.48E-02  3.82E-02  4.96E-02  7.45E-02  8.51E-02
 


 OMEGA - COV MATRIX FOR RANDOM EFFECTS - ETAS  ********


         ETA1      ETA2      ETA3      ETA4      ETA5     
 
 ETA1
+        5.35E-02
 
 ETA2
+        1.92E-02  1.12E-02
 
 ETA3
+        2.19E-02  1.00E-02  1.34E-02
 
 ETA4
+        0.00E+00  0.00E+00  0.00E+00  0.00E+00
 
 ETA5
+        0.00E+00  0.00E+00  0.00E+00  0.00E+00  0.00E+00
 


 SIGMA - COV MATRIX FOR RANDOM EFFECTS - EPSILONS  ****


         EPS1     
 
 EPS1
+        1.12E-03
 
1


 OMEGA - CORR MATRIX FOR RANDOM EFFECTS - ETAS  *******


         ETA1      ETA2      ETA3      ETA4      ETA5     
 
 ETA1
+        5.43E-02
 
 ETA2
+        9.66E-02  1.94E-02
 
 ETA3
+        7.41E-02  5.11E-02  1.96E-02
 
 ETA4
+        0.00E+00  0.00E+00  0.00E+00  9.61E-09
 
 ETA5
+        0.00E+00  0.00E+00  0.00E+00  0.00E+00  9.61E-09
 


 SIGMA - CORR MATRIX FOR RANDOM EFFECTS - EPSILONS  ***


         EPS1     
 
 EPS1
+        2.83E-03
 
1
 ************************************************************************************************************************
 ********************                                                                                ********************
 ********************                              NUTS BAYESIAN ANALYSIS                            ********************
 ********************               COVARIANCE MATRIX OF ESTIMATE (From Sample Variance)             ********************
 ********************                                                                                ********************
 ************************************************************************************************************************
 

            TH 1      TH 2      TH 3      TH 4      TH 5      TH 6      TH 7      TH 8      OM11      OM12      OM13      OM14  
             OM15      OM22      OM23      OM24      OM25      OM33      OM34      OM35      OM44      OM45      OM55      SG11  

 
 TH 1
+        3.45E-03
 
 TH 2
+        7.51E-04  7.38E-04
 
 TH 3
+        6.94E-04  4.44E-04  9.05E-04
 
 TH 4
+       -2.94E-04 -1.78E-04 -6.02E-05  6.13E-04
 
 TH 5
+       -5.51E-04 -3.89E-04  7.68E-05  2.01E-04  1.46E-03
 
 TH 6
+        2.67E-05 -3.22E-05  2.97E-04  7.92E-05 -1.15E-05  2.46E-03
 
 TH 7
+       -3.58E-04 -2.44E-04  7.10E-05  1.42E-04 -9.91E-06  5.33E-04  5.55E-03
 
 TH 8
+        1.55E-04  1.07E-04  7.49E-04 -2.26E-05 -1.91E-04  8.96E-04 -5.66E-04  7.25E-03
 
 OM11
+        6.53E-04 -2.63E-04 -1.25E-04  2.09E-04  3.59E-04  6.44E-05 -9.80E-05  4.56E-05  2.86E-03
 
 OM12
+        4.47E-05 -7.76E-05 -6.50E-06  6.34E-05  1.32E-04 -1.01E-05 -6.41E-05  7.95E-05  6.54E-04  3.69E-04
 
 OM13
+        1.80E-04 -3.15E-05 -2.97E-05  8.63E-05  5.31E-05 -2.83E-05 -7.99E-05 -3.45E-05  8.60E-04  2.85E-04  4.78E-04
 
 OM14
+       ......... ......... ......... ......... ......... ......... ......... ......... ......... ......... ......... .........
 
 OM15
+       ......... ......... ......... ......... ......... ......... ......... ......... ......... ......... ......... .........
         .........
 
 OM22
+       -5.52E-05 -2.82E-05  1.04E-05  8.71E-06  7.72E-05 -5.58E-05 -1.93E-05  2.28E-05  1.13E-04  1.21E-04  7.83E-05  0.00E+00
          0.00E+00  1.24E-04
 
 OM23
+       -4.82E-05 -4.96E-06  7.91E-06  1.84E-05  3.37E-05 -2.66E-05 -4.24E-05  2.03E-05  1.61E-04  1.09E-04  1.15E-04  0.00E+00
          0.00E+00  8.33E-05  1.00E-04
 
 OM24
+       ......... ......... ......... ......... ......... ......... ......... ......... ......... ......... ......... .........
         ......... ......... ......... .........
 
 OM25
+       ......... ......... ......... ......... ......... ......... ......... ......... ......... ......... ......... .........
         ......... ......... ......... ......... .........
 
 OM33
+       -2.62E-05  2.22E-05 -1.67E-05  2.73E-05 -5.72E-05  1.29E-05 -2.04E-05  2.49E-05  1.89E-04  8.44E-05  1.69E-04  0.00E+00
          0.00E+00  5.63E-05  9.68E-05  0.00E+00  0.00E+00  1.81E-04
 
 OM34
+       ......... ......... ......... ......... ......... ......... ......... ......... ......... ......... ......... .........
         ......... ......... ......... ......... ......... ......... .........
 
1

            TH 1      TH 2      TH 3      TH 4      TH 5      TH 6      TH 7      TH 8      OM11      OM12      OM13      OM14  
             OM15      OM22      OM23      OM24      OM25      OM33      OM34      OM35      OM44      OM45      OM55      SG11  

 
 OM35
+       ......... ......... ......... ......... ......... ......... ......... ......... ......... ......... ......... .........
         ......... ......... ......... ......... ......... ......... ......... .........
 
 OM44
+       ......... ......... ......... ......... ......... ......... ......... ......... ......... ......... ......... .........
         ......... ......... ......... ......... ......... ......... ......... ......... .........
 
 OM45
+       ......... ......... ......... ......... ......... ......... ......... ......... ......... ......... ......... .........
         ......... ......... ......... ......... ......... ......... ......... ......... ......... .........
 
 OM55
+       ......... ......... ......... ......... ......... ......... ......... ......... ......... ......... ......... .........
         ......... ......... ......... ......... ......... ......... ......... ......... ......... ......... .........
 
 SG11
+       -6.56E-07  1.42E-06 -1.46E-06  2.00E-06 -1.68E-06 -1.57E-06  3.92E-06 -4.55E-06 -5.85E-06 -7.48E-07 -6.46E-07  0.00E+00
          0.00E+00  1.53E-07  2.80E-07  0.00E+00  0.00E+00 -8.00E-08  0.00E+00  0.00E+00  0.00E+00  0.00E+00  0.00E+00  1.27E-06
 
1
 ************************************************************************************************************************
 ********************                                                                                ********************
 ********************                              NUTS BAYESIAN ANALYSIS                            ********************
 ********************              CORRELATION MATRIX OF ESTIMATE (From Sample Variance)             ********************
 ********************                                                                                ********************
 ************************************************************************************************************************
 

            TH 1      TH 2      TH 3      TH 4      TH 5      TH 6      TH 7      TH 8      OM11      OM12      OM13      OM14  
             OM15      OM22      OM23      OM24      OM25      OM33      OM34      OM35      OM44      OM45      OM55      SG11  

 
 TH 1
+        5.87E-02
 
 TH 2
+        4.71E-01  2.72E-02
 
 TH 3
+        3.93E-01  5.43E-01  3.01E-02
 
 TH 4
+       -2.02E-01 -2.64E-01 -8.09E-02  2.48E-02
 
 TH 5
+       -2.45E-01 -3.74E-01  6.69E-02  2.13E-01  3.82E-02
 
 TH 6
+        9.15E-03 -2.39E-02  1.99E-01  6.45E-02 -6.05E-03  4.96E-02
 
 TH 7
+       -8.18E-02 -1.20E-01  3.17E-02  7.72E-02 -3.48E-03  1.44E-01  7.45E-02
 
 TH 8
+        3.10E-02  4.62E-02  2.93E-01 -1.07E-02 -5.87E-02  2.12E-01 -8.93E-02  8.51E-02
 
 OM11
+        2.08E-01 -1.81E-01 -7.79E-02  1.58E-01  1.76E-01  2.43E-02 -2.46E-02  1.00E-02  5.35E-02
 
 OM12
+        3.96E-02 -1.49E-01 -1.12E-02  1.33E-01  1.80E-01 -1.06E-02 -4.48E-02  4.86E-02  6.37E-01  1.92E-02
 
 OM13
+        1.40E-01 -5.31E-02 -4.51E-02  1.59E-01  6.36E-02 -2.61E-02 -4.90E-02 -1.85E-02  7.35E-01  6.79E-01  2.19E-02
 
 OM14
+       ......... ......... ......... ......... ......... ......... ......... ......... ......... ......... ......... .........
 
 OM15
+       ......... ......... ......... ......... ......... ......... ......... ......... ......... ......... ......... .........
         .........
 
 OM22
+       -8.42E-02 -9.32E-02  3.11E-02  3.16E-02  1.81E-01 -1.01E-01 -2.32E-02  2.40E-02  1.90E-01  5.64E-01  3.21E-01  0.00E+00
          0.00E+00  1.12E-02
 
 OM23
+       -8.21E-02 -1.83E-02  2.63E-02  7.44E-02  8.82E-02 -5.36E-02 -5.69E-02  2.38E-02  3.02E-01  5.68E-01  5.24E-01  0.00E+00
          0.00E+00  7.47E-01  1.00E-02
 
 OM24
+       ......... ......... ......... ......... ......... ......... ......... ......... ......... ......... ......... .........
         ......... ......... ......... .........
 
 OM25
+       ......... ......... ......... ......... ......... ......... ......... ......... ......... ......... ......... .........
         ......... ......... ......... ......... .........
 
 OM33
+       -3.32E-02  6.09E-02 -4.12E-02  8.20E-02 -1.11E-01  1.94E-02 -2.04E-02  2.18E-02  2.62E-01  3.27E-01  5.74E-01  0.00E+00
          0.00E+00  3.75E-01  7.21E-01  0.00E+00  0.00E+00  1.34E-02
 
 OM34
+       ......... ......... ......... ......... ......... ......... ......... ......... ......... ......... ......... .........
         ......... ......... ......... ......... ......... ......... .........
 
1

            TH 1      TH 2      TH 3      TH 4      TH 5      TH 6      TH 7      TH 8      OM11      OM12      OM13      OM14  
             OM15      OM22      OM23      OM24      OM25      OM33      OM34      OM35      OM44      OM45      OM55      SG11  

 
 OM35
+       ......... ......... ......... ......... ......... ......... ......... ......... ......... ......... ......... .........
         ......... ......... ......... ......... ......... ......... ......... .........
 
 OM44
+       ......... ......... ......... ......... ......... ......... ......... ......... ......... ......... ......... .........
         ......... ......... ......... ......... ......... ......... ......... ......... .........
 
 OM45
+       ......... ......... ......... ......... ......... ......... ......... ......... ......... ......... ......... .........
         ......... ......... ......... ......... ......... ......... ......... ......... ......... .........
 
 OM55
+       ......... ......... ......... ......... ......... ......... ......... ......... ......... ......... ......... .........
         ......... ......... ......... ......... ......... ......... ......... ......... ......... ......... .........
 
 SG11
+       -9.93E-03  4.64E-02 -4.33E-02  7.19E-02 -3.90E-02 -2.81E-02  4.68E-02 -4.75E-02 -9.72E-02 -3.46E-02 -2.63E-02  0.00E+00
          0.00E+00  1.22E-02  2.49E-02  0.00E+00  0.00E+00 -5.30E-03  0.00E+00  0.00E+00  0.00E+00  0.00E+00  0.00E+00  1.12E-03
 
1
 ************************************************************************************************************************
 ********************                                                                                ********************
 ********************                              NUTS BAYESIAN ANALYSIS                            ********************
 ********************           INVERSE COVARIANCE MATRIX OF ESTIMATE (From Sample Variance)         ********************
 ********************                                                                                ********************
 ************************************************************************************************************************
 

            TH 1      TH 2      TH 3      TH 4      TH 5      TH 6      TH 7      TH 8      OM11      OM12      OM13      OM14  
             OM15      OM22      OM23      OM24      OM25      OM33      OM34      OM35      OM44      OM45      OM55      SG11  

 
 TH 1
+        5.02E+02
 
 TH 2
+       -2.66E+02  3.16E+03
 
 TH 3
+       -3.26E+02 -1.54E+03  2.48E+03
 
 TH 4
+        1.26E+02  3.43E+02 -1.56E+02  1.90E+03
 
 TH 5
+        1.71E+02  6.81E+02 -6.54E+02 -1.23E+02  1.08E+03
 
 TH 6
+        1.65E+01  1.51E+02 -2.24E+02 -3.26E+01  4.30E+01  4.71E+02
 
 TH 7
+        2.43E+01  1.35E+02 -1.26E+02 -2.04E+01  5.60E+01 -3.59E+01  1.99E+02
 
 TH 8
+        2.95E+01  1.23E+02 -2.23E+02  1.00E+01  8.10E+01 -3.77E+01  3.14E+01  1.69E+02
 
 OM11
+       -2.20E+02  2.25E+02  2.05E+02 -5.34E+01 -1.70E+02 -3.94E+01 -1.75E+01 -2.69E+01  1.06E+03
 
 OM12
+        1.21E+02  1.44E+02 -1.07E+02 -5.68E+01  9.31E+01 -1.01E+02  2.70E+01 -6.40E+01 -8.53E+02  8.37E+03
 
 OM13
+       -8.27E+01 -2.12E+02 -5.93E+01 -2.53E+02  2.28E+01  1.54E+02  3.49E+01  8.70E+01 -1.51E+03 -3.03E+03  8.25E+03
 
 OM14
+       ......... ......... ......... ......... ......... ......... ......... ......... ......... ......... ......... .........
 
 OM15
+       ......... ......... ......... ......... ......... ......... ......... ......... ......... ......... ......... .........
         .........
 
 OM22
+       -2.19E+02  5.83E+02 -1.63E+01  3.35E+02 -4.28E+02  3.05E+02 -1.19E+02 -3.64E+01  7.99E+02 -4.51E+03  1.22E+03  0.00E+00
          0.00E+00  2.39E+04
 
 OM23
+        5.67E+02 -2.90E+02 -1.05E+03  1.69E+02 -2.36E+02  1.67E+02  2.42E+02  1.18E+02 -2.99E+02 -3.51E+03  4.39E+02  0.00E+00
          0.00E+00 -2.14E+04  5.06E+04
 
 OM24
+       ......... ......... ......... ......... ......... ......... ......... ......... ......... ......... ......... .........
         ......... ......... ......... .........
 
 OM25
+       ......... ......... ......... ......... ......... ......... ......... ......... ......... ......... ......... .........
         ......... ......... ......... ......... .........
 
 OM33
+        1.22E+02 -5.50E+02  6.83E+02 -2.43E+02  6.05E+02 -2.91E+02 -1.03E+02 -9.97E+01  5.33E+02  3.15E+03 -5.29E+03  0.00E+00
          0.00E+00  3.82E+03 -1.90E+04  0.00E+00  0.00E+00  1.79E+04
 
 OM34
+       ......... ......... ......... ......... ......... ......... ......... ......... ......... ......... ......... .........
         ......... ......... ......... ......... ......... ......... .........
 
1

            TH 1      TH 2      TH 3      TH 4      TH 5      TH 6      TH 7      TH 8      OM11      OM12      OM13      OM14  
             OM15      OM22      OM23      OM24      OM25      OM33      OM34      OM35      OM44      OM45      OM55      SG11  

 
 OM35
+       ......... ......... ......... ......... ......... ......... ......... ......... ......... ......... ......... .........
         ......... ......... ......... ......... ......... ......... ......... .........
 
 OM44
+       ......... ......... ......... ......... ......... ......... ......... ......... ......... ......... ......... .........
         ......... ......... ......... ......... ......... ......... ......... ......... .........
 
 OM45
+       ......... ......... ......... ......... ......... ......... ......... ......... ......... ......... ......... .........
         ......... ......... ......... ......... ......... ......... ......... ......... ......... .........
 
 OM55
+       ......... ......... ......... ......... ......... ......... ......... ......... ......... ......... ......... .........
         ......... ......... ......... ......... ......... ......... ......... ......... ......... ......... .........
 
 SG11
+       -8.18E+02 -3.90E+03  4.24E+03 -4.11E+03 -2.12E+02 -7.51E+00 -8.18E+02  2.92E+01  3.27E+03  5.29E+02 -4.19E+03  0.00E+00
          0.00E+00  2.46E+03 -1.43E+04  0.00E+00  0.00E+00  8.75E+03  0.00E+00  0.00E+00  0.00E+00  0.00E+00  0.00E+00  8.25E+05
 
 Elapsed postprocess time in seconds:     2.23
 Elapsed finaloutput time in seconds:     0.29
 #CPUT: Total CPU Time in Seconds,     8777.025
Stop Time:
Sun May 12 10:01:37 EDT 2024
