Sun May 12 08:30:45 EDT 2024
$PROBLEM 1000

$INPUT C NUM ID TIME SEQ CMT EVID AMT DV AGE WT HT EGFR ALB BMI SEX AAG
  SCR AST ALT CP TAFD TAD LDOS MDV BLQ PHASE

$DATA ../../../../data/derived/pk.csv IGNORE=(C='C', BLQ=1)

$SUBROUTINE ADVAN4 TRANS4

$PK

;log transformed PK parms

  V2WT   = LOG(WT/70)
  CLWT   = LOG(WT/70) * 0.75
  V3WT   = LOG(WT/70)
  QWT    = LOG(WT/70) * 0.75

  MU_1   = THETA(1)
  MU_2   = THETA(2) + V2WT
  MU_3   = THETA(3) + CLWT
  MU_4   = THETA(4) + V3WT
  MU_5   = THETA(5) + QWT

  ;" CALL EXTRASEND()

  KA     = EXP(MU_1 + ETA(1))
  V2     = EXP(MU_2 + ETA(2))
  CL     = EXP(MU_3 + ETA(3))
  V3     = EXP(MU_4 + ETA(4))
  Q      = EXP(MU_5 + ETA(5))

  S2     = V2/1000 ; dose in mcg, conc in mcg/mL

$ERROR

  IPRED = F
  Y     = IPRED * (1 + EPS(1))

$THETA
; log values
  (0.5)         ; 1 KA (1/hr) - 1.5
  (3.5)         ; 2 V2 (L) - 60
  (1)           ; 3 CL (L/hr) - 3.5
  (4)           ; 4 V3 (L) - 70
  (2)           ; 5 Q  (L/hr) - 4

$OMEGA BLOCK(3)
  0.2           ; ETA(KA)
  0.01 0.2      ; ETA(V2)
  0.01 0.01 0.2 ; ETA(CL)
$OMEGA
  0.025 FIX    ; ETA(V3)
  0.025 FIX    ; ETA(Q)

$SIGMA
  0.05          ; 1 pro error

$PRIOR NWPRI

$THETAP
  (0.5) FIX        ; 1 KA (1/hr) - 1.5
  (3.5) FIX        ; 2 V2 (L) - 60
  (1)   FIX        ; 3 CL (L/hr) - 3.5
  (4)   FIX        ; 4 V3 (L) - 70
  (2)   FIX        ; 5 Q  (L/hr) - 4
$THETAPV BLOCK(5) VALUES(10, 0) FIX

$OMEGAP BLOCK(3) VALUES(0.2, 0.01) FIX

$OMEGAPD (3 FIX)

$SIGMAP
  0.05 FIX           ; 1 pro error

$SIGMAPD (1 FIX)

$EST METHOD=CHAIN FILE=../init.chn NSAMPLE=0 ISAMPLE=2 SEED=1 CTYPE=0 IACCEPT=0.3 DF=10 DFS=0
$EST METHOD=BAYES SEED=2 NBURN=500 NITER=1000 PRINT=10 MSFO=./1000.msf RANMETHOD=P PARAFPRINT=10000 BAYES_PHI_STORE=0

$TABLE NUM CL V2 Q V3 KA ETAS(1:LAST) EPRED IPRED NPDE EWRES NOPRINT ONEHEADER FILE=1000.tab RANMETHOD=P

NM-TRAN MESSAGES
  
 WARNINGS AND ERRORS (IF ANY) FOR PROBLEM    1
             
 (WARNING  2) NM-TRAN INFERS THAT THE DATA ARE POPULATION.

 (MU_WARNING 26) DATA ITEM(S) USED IN DEFINITION OF MU_(S) SHOULD BE CONSTANT FOR INDIV. REC.:
  WT
             
 (WARNING  121) INTERACTION IS IMPLIED WITH EM/BAYES ESTIMATION METHODS

 LIM VALUES MAXLIM ASSESSED BY NMTRAN: 1,2,3,4,5,6,7,8,10,11,13,15,16        
  
Note: Analytical 2nd Derivatives are constructed in FSUBS but are never used.
      You may insert $ABBR DERIV2=NO after the first $PROB to save FSUBS construction and compilation time
  

License Registered to: Metrum Research Group
Expiration Date:    14 JUL 2024
Current Date:       12 MAY 2024
Days until program expires :  62
1NONLINEAR MIXED EFFECTS MODEL PROGRAM (NONMEM) VERSION 7.5.1
 ORIGINALLY DEVELOPED BY STUART BEAL, LEWIS SHEINER, AND ALISON BOECKMANN
 CURRENT DEVELOPERS ARE ROBERT BAUER, ICON DEVELOPMENT SOLUTIONS,
 AND ALISON BOECKMANN. IMPLEMENTATION, EFFICIENCY, AND STANDARDIZATION
 PERFORMED BY NOUS INFOSYSTEMS.

 PROBLEM NO.:         1
 1000
0DATA CHECKOUT RUN:              NO
 DATA SET LOCATED ON UNIT NO.:    2
 THIS UNIT TO BE REWOUND:        NO
 NO. OF DATA RECS IN DATA SET:     4292
 NO. OF DATA ITEMS IN DATA SET:  27
 ID DATA ITEM IS DATA ITEM NO.:   3
 DEP VARIABLE IS DATA ITEM NO.:   9
 MDV DATA ITEM IS DATA ITEM NO.: 25
0INDICES PASSED TO SUBROUTINE PRED:
   7   4   8   0   0   0   6   0   0   0   0
0LABELS FOR DATA ITEMS:
 C NUM ID TIME SEQ CMT EVID AMT DV AGE WT HT EGFR ALB BMI SEX AAG SCR AST ALT CP TAFD TAD LDOS MDV BLQ PHASE
0(NONBLANK) LABELS FOR PRED-DEFINED ITEMS:
 KA V2 CL V3 Q IPRED
0FORMAT FOR DATA:
 (2(10E7.0/),7E7.0)

 TOT. NO. OF OBS RECS:     3142
 TOT. NO. OF INDIVIDUALS:      160
0LENGTH OF THETA:  12
0DEFAULT THETA BOUNDARY TEST OMITTED:    NO
0OMEGA HAS BLOCK FORM:
  1
  1  1
  1  1  1
  0  0  0  2
  0  0  0  0  3
  0  0  0  0  0  4
  0  0  0  0  0  4  4
  0  0  0  0  0  4  4  4
  0  0  0  0  0  4  4  4  4
  0  0  0  0  0  4  4  4  4  4
  0  0  0  0  0  0  0  0  0  0  5
  0  0  0  0  0  0  0  0  0  0  5  5
  0  0  0  0  0  0  0  0  0  0  5  5  5
0DEFAULT OMEGA BOUNDARY TEST OMITTED:    NO
0SIGMA HAS BLOCK FORM:
  1
  0  2
0DEFAULT SIGMA BOUNDARY TEST OMITTED:    NO
0INITIAL ESTIMATE OF THETA:
 LOWER BOUND    INITIAL EST    UPPER BOUND
 -0.1000E+07     0.5000E+00     0.1000E+07
 -0.1000E+07     0.3500E+01     0.1000E+07
 -0.1000E+07     0.1000E+01     0.1000E+07
 -0.1000E+07     0.4000E+01     0.1000E+07
 -0.1000E+07     0.2000E+01     0.1000E+07
  0.5000E+00     0.5000E+00     0.5000E+00
  0.3500E+01     0.3500E+01     0.3500E+01
  0.1000E+01     0.1000E+01     0.1000E+01
  0.4000E+01     0.4000E+01     0.4000E+01
  0.2000E+01     0.2000E+01     0.2000E+01
  0.3000E+01     0.3000E+01     0.3000E+01
  0.1000E+01     0.1000E+01     0.1000E+01
0INITIAL ESTIMATE OF OMEGA:
 BLOCK SET NO.   BLOCK                                                                    FIXED
        1                                                                                   NO
                  0.2000E+00
                  0.1000E-01   0.2000E+00
                  0.1000E-01   0.1000E-01   0.2000E+00
        2                                                                                  YES
                  0.2500E-01
        3                                                                                  YES
                  0.2500E-01
        4                                                                                  YES
                  0.1000E+02
                  0.0000E+00   0.1000E+02
                  0.0000E+00   0.0000E+00   0.1000E+02
                  0.0000E+00   0.0000E+00   0.0000E+00   0.1000E+02
                  0.0000E+00   0.0000E+00   0.0000E+00   0.0000E+00   0.1000E+02
        5                                                                                  YES
                  0.2000E+00
                  0.1000E-01   0.2000E+00
                  0.1000E-01   0.1000E-01   0.2000E+00
0INITIAL ESTIMATE OF SIGMA:
 BLOCK SET NO.   BLOCK                                                                    FIXED
        1                                                                                   NO
                  0.5000E-01
        2                                                                                  YES
                  0.5000E-01
0TABLES STEP OMITTED:    NO
 NO. OF TABLES:           1
 SEED NUMBER (SEED):    11456
 NPDTYPE:    0
 INTERPTYPE:    0
 RANMETHOD:             3UP
 MC SAMPLES (ESAMPLE):    300
 WRES SQUARE ROOT TYPE (WRESCHOL): EIGENVALUE
0-- TABLE   1 --
0RECORDS ONLY:    ALL
04 COLUMNS APPENDED:    YES
 PRINTED:                NO
 HEADERS:               ONE
 FILE TO BE FORWARDED:   NO
 FORMAT:                S1PE11.4
 IDFORMAT:
 LFORMAT:
 RFORMAT:
 FIXED_EFFECT_ETAS:
0USER-CHOSEN ITEMS:
 NUM CL V2 Q V3 KA ETA1 ETA2 ETA3 ETA4 ETA5 EPRED IPRED NPDE EWRES
0
 PRIOR SUBROUTINE USER-SUPPLIED
1DOUBLE PRECISION PREDPP VERSION 7.5.1

 TWO COMPARTMENT MODEL WITH FIRST-ORDER ABSORPTION (ADVAN4)
0MAXIMUM NO. OF BASIC PK PARAMETERS:   5
0BASIC PK PARAMETERS (AFTER TRANSLATION):
   BASIC PK PARAMETER NO.  1: ELIMINATION RATE (K)
   BASIC PK PARAMETER NO.  2: CENTRAL-TO-PERIPH. RATE (K23)
   BASIC PK PARAMETER NO.  3: PERIPH.-TO-CENTRAL RATE (K32)
   BASIC PK PARAMETER NO.  5: ABSORPTION RATE (KA)
 TRANSLATOR WILL CONVERT PARAMETERS
 CL, V2, Q, V3 TO K, K23, K32 (TRANS4)
0COMPARTMENT ATTRIBUTES
 COMPT. NO.   FUNCTION   INITIAL    ON/OFF      DOSE      DEFAULT    DEFAULT
                         STATUS     ALLOWED    ALLOWED    FOR DOSE   FOR OBS.
    1         DEPOT        OFF        YES        YES        YES        NO
    2         CENTRAL      ON         NO         YES        NO         YES
    3         PERIPH.      ON         NO         YES        NO         NO
    4         OUTPUT       OFF        YES        NO         NO         NO
1
 ADDITIONAL PK PARAMETERS - ASSIGNMENT OF ROWS IN GG
 COMPT. NO.                             INDICES
              SCALE      BIOAVAIL.   ZERO-ORDER  ZERO-ORDER  ABSORB
                         FRACTION    RATE        DURATION    LAG
    1            *           *           *           *           *
    2            6           *           *           *           *
    3            *           *           *           *           *
    4            *           -           -           -           -
             - PARAMETER IS NOT ALLOWED FOR THIS MODEL
             * PARAMETER IS NOT SUPPLIED BY PK SUBROUTINE;
               WILL DEFAULT TO ONE IF APPLICABLE
0DATA ITEM INDICES USED BY PRED ARE:
   EVENT ID DATA ITEM IS DATA ITEM NO.:      7
   TIME DATA ITEM IS DATA ITEM NO.:          4
   DOSE AMOUNT DATA ITEM IS DATA ITEM NO.:   8
   COMPT. NO. DATA ITEM IS DATA ITEM NO.:    6

0PK SUBROUTINE CALLED WITH EVERY EVENT RECORD.
 PK SUBROUTINE NOT CALLED AT NONEVENT (ADDITIONAL OR LAGGED) DOSE TIMES.
0ERROR SUBROUTINE CALLED WITH EVERY EVENT RECORD.
1


 #TBLN:      1
 #METH: Chain Method Processing

 RANDOM GENERATION TYPE (CTYPE):     0
 RANDOM GENERATION SEED (SEED):      1
 RANDOM SAMPLE SELECTION (ISAMPLE):  2
 RANDOM SAMPLE RANGE END (ISAMPEND): -2147483647
 NUMBER OF RANDOM SAMPLES (NSAMPLE): 0
 UNIFORM FRACTIONAL RANGE (IACCEPT): 0.300000000000000
 RANDOM SELECTION TYPE (SELECT):     0
 DEG. FR. TO GENERATE OMEGAS (DF):   10
 DEG. FR. TO GENERATE SIGMAS (DFS):  0
 CHAIN FILE (FILE):                  ../init.chn
 EXCL. TITLE IN CHAIN FILE (NOTITLE):NO
 EX. COL. LBS. IN CHAIN FL.(NOLABEL):NO
 FORMAT FOR CHAIN FILE (FORMAT):     S1PE12.5
 PAR. ORDER in CHAIN FILE (ORDER):   TSOL
 RANDOM SAMPLING METHOD (RANMETHOD):3U

 THE FOLLOWING LABELS ARE EQUIVALENT
 PRED=NPRED
 RES=NRES
 WRES=NWRES
 IWRS=NIWRES
 IPRD=NIPRED
 IRS=NIRES



 FROM SAMPLE 2 OF CHAIN FILE ../init.chn
 NEW INITIAL ESTIMATES OF THETA
  0.3604E+00
  0.3479E+01
  0.1131E+01
  0.2834E+01
  0.1514E+01
 NEW INITIAL ESTIMATES OF OMEGA
  0.3468E+00
  0.6951E-01  0.1758E+00
  0.2147E+00  0.1264E+00  0.5197E+00
  0.0000E+00  0.0000E+00  0.0000E+00  0.2500E-01
  0.0000E+00  0.0000E+00  0.0000E+00  0.0000E+00  0.2500E-01
 NEW INITIAL ESTIMATES OF SIGMA
  0.1862E+00

 #PARA: PARAFILE=1000-2.pnm, PROTOCOL=MPI, NODES= 4

1


 #TBLN:      1
 #METH: MCMC Bayesian Analysis

 ESTIMATION STEP OMITTED:                 NO
 ANALYSIS TYPE:                           POPULATION
 NUMBER OF SADDLE POINT RESET ITERATIONS:      0
 GRADIENT METHOD USED:               NOSLOW
 CONDITIONAL ESTIMATES USED:              YES
 CENTERED ETA:                            NO
 EPS-ETA INTERACTION:                     YES
 LAPLACIAN OBJ. FUNC.:                    NO
 NO. OF FUNCT. EVALS. ALLOWED:            3480
 NO. OF SIG. FIGURES REQUIRED:            3
 INTERMEDIATE PRINTOUT:                   YES
 ESTIMATE OUTPUT TO MSF:                  YES
 IND. OBJ. FUNC. VALUES SORTED:           NO
 NUMERICAL DERIVATIVE
       FILE REQUEST (NUMDER):               NONE
 MAP (ETAHAT) ESTIMATION METHOD (OPTMAP):   0
 ETA HESSIAN EVALUATION METHOD (ETADER):    0
 INITIAL ETA FOR MAP ESTIMATION (MCETA):    0
 SIGDIGITS FOR MAP ESTIMATION (SIGLO):      100
 GRADIENT SIGDIGITS OF
       FIXED EFFECTS PARAMETERS (SIGL):     100
 NOPRIOR SETTING (NOPRIOR):                 0
 NOCOV SETTING (NOCOV):                     OFF
 DERCONT SETTING (DERCONT):                 OFF
 FINAL ETA RE-EVALUATION (FNLETA):          1
 EXCLUDE NON-INFLUENTIAL (NON-INFL.) ETAS
       IN SHRINKAGE (ETASTYPE):             NO
 NON-INFL. ETA CORRECTION (NONINFETA):      0
 RAW OUTPUT FILE (FILE): 1000-2.ext
 EXCLUDE TITLE (NOTITLE):                   NO
 EXCLUDE COLUMN LABELS (NOLABEL):           NO
 FORMAT FOR ADDITIONAL FILES (FORMAT):      S1PE12.5
 PARAMETER ORDER FOR OUTPUTS (ORDER):       TSOL
 KNUTHSUMOFF:                               0
 INCLUDE LNTWOPI:                           NO
 INCLUDE CONSTANT TERM TO PRIOR (PRIORC):   NO
 INCLUDE CONSTANT TERM TO OMEGA (ETA) (OLNTWOPI):NO
 EM OR BAYESIAN METHOD USED:                MCMC BAYESIAN (BAYES)
 BAYES INDIVIDUAL PARAMETERS ONLY: NO
 MU MODELING PATTERN (MUM):
 GRADIENT/GIBBS PATTERN (GRD):
 AUTOMATIC SETTING FEATURE (AUTO):          0
 CONVERGENCE TYPE (CTYPE):                  0
 KEEP ITERATIONS (THIN):            1
 BURN-IN ITERATIONS (NBURN):                500
 FIRST ITERATION FOR MAP (MAPITERS):          NO
 ITERATIONS (NITER):                        1000
 ANNEAL SETTING (CONSTRAIN):                 1
 STARTING SEED FOR MC METHODS (SEED):       2
 MC SAMPLES PER SUBJECT (ISAMPLE):          1
 RANDOM SAMPLING METHOD (RANMETHOD):        3UP
 PROPOSAL DENSITY SCALING RANGE
              (ISCALE_MIN, ISCALE_MAX):     1.000000000000000E-06   ,1000000.00000000
 SAMPLE ACCEPTANCE RATE (IACCEPT):          0.400000000000000
 METROPOLIS HASTINGS SAMPLING FOR INDIVIDUAL ETAS:
 SAMPLES FOR GLOBAL SEARCH KERNEL (ISAMPLE_M1):          2
 SAMPLES FOR NEIGHBOR SEARCH KERNEL (ISAMPLE_M1A):       0
 SAMPLES FOR MASS/IMP/POST. MATRIX SEARCH (ISAMPLE_M1B): 2
 SAMPLES FOR LOCAL SEARCH KERNEL (ISAMPLE_M2):           2
 SAMPLES FOR LOCAL UNIVARIATE KERNEL (ISAMPLE_M3):       2
 PWR. WT. MASS/IMP/POST MATRIX ACCUM. FOR ETAS (IKAPPA): 1.00000000000000
 MASS/IMP./POST. MATRIX REFRESH SETTING (MASSRESET):      -1
 METROPOLIS HASTINGS POPULATION SAMPLING FOR NON-GIBBS
 SAMPLED THETAS AND SIGMAS:
 PROPOSAL DENSITY SCALING RANGE
              (PSCALE_MIN, PSCALE_MAX):   1.000000000000000E-02   ,1000.00000000000
 SAMPLE ACCEPTANCE RATE (PACCEPT):                       0.500000000000000
 SAMPLES FOR GLOBAL SEARCH KERNEL (PSAMPLE_M1):          1
 SAMPLES FOR LOCAL SEARCH KERNEL (PSAMPLE_M2):           -1
 SAMPLES FOR LOCAL UNIVARIATE KERNEL (PSAMPLE_M3):       1
 METROPOLIS HASTINGS POPULATION SAMPLING FOR NON-GIBBS
 SAMPLED OMEGAS:
 SAMPLE ACCEPTANCE RATE (OACCEPT):                       0.500000000000000
 SAMPLES FOR GLOBAL SEARCH KERNEL (OSAMPLE_M1):          -1
 SAMPLES FOR LOCAL SEARCH KERNEL (OSAMPLE_M2):           8
 SAMPLES FOR LOCAL UNIVARIATE SEARCH KERNEL (OSAMPLE_M3):8
 USER DEFINED PRIOR SETTING FOR THETAS: (TPU):        0.00000000000000
 WEIGHT FACTOR FOR STD PRIOR FOR SIGMAS (SVARF): -1.000000000000000+300


 THE FOLLOWING LABELS ARE EQUIVALENT
 PRED=PREDI
 RES=RESI
 WRES=WRESI
 IWRS=IWRESI
 IPRD=IPREDI
 IRS=IRESI

 EM/BAYES SETUP:
 THETAS THAT ARE MU MODELED:
   1   2   3   4   5
 THETAS THAT ARE GIBBS SAMPLED:
   1   2   3   4   5
 THETAS THAT ARE METROPOLIS-HASTINGS SAMPLED:
 
 SIGMAS THAT ARE GIBBS SAMPLED:
   1
 SIGMAS THAT ARE METROPOLIS-HASTINGS SAMPLED:
 
 OMEGAS ARE GIBBS SAMPLED

 MONITORING OF SEARCH:

 Burn-in Mode
 iteration         -500 MCMCOBJ=    1890850.4769905906     
 iteration         -490 MCMCOBJ=    32162.668484303340     
 iteration         -480 MCMCOBJ=    30056.295927190964     
 iteration         -470 MCMCOBJ=    29043.662748509174     
 iteration         -460 MCMCOBJ=    28617.301003650729     
 iteration         -450 MCMCOBJ=    28530.460269788178     
 iteration         -440 MCMCOBJ=    28459.709272107382     
 iteration         -430 MCMCOBJ=    28452.003792486768     
 iteration         -420 MCMCOBJ=    28485.647508175502     
 iteration         -410 MCMCOBJ=    28316.219813215528     
 iteration         -400 MCMCOBJ=    28386.762463490766     
 iteration         -390 MCMCOBJ=    28416.483623739579     
 iteration         -380 MCMCOBJ=    28477.254987219374     
 iteration         -370 MCMCOBJ=    28486.437175082563     
 iteration         -360 MCMCOBJ=    28479.363808396571     
 iteration         -350 MCMCOBJ=    28480.447492971678     
 iteration         -340 MCMCOBJ=    28463.815749814970     
 iteration         -330 MCMCOBJ=    28398.739421789523     
 iteration         -320 MCMCOBJ=    28534.001289602165     
 iteration         -310 MCMCOBJ=    28498.696811658756     
 iteration         -300 MCMCOBJ=    28515.439655731352     
 iteration         -290 MCMCOBJ=    28432.281712302123     
 iteration         -280 MCMCOBJ=    28431.723275282216     
 iteration         -270 MCMCOBJ=    28399.190296292305     
 iteration         -260 MCMCOBJ=    28362.330193538852     
 iteration         -250 MCMCOBJ=    28344.893086235901     
 iteration         -240 MCMCOBJ=    28523.197108435677     
 iteration         -230 MCMCOBJ=    28547.141786282766     
 iteration         -220 MCMCOBJ=    28428.849112376283     
 iteration         -210 MCMCOBJ=    28508.056928323895     
 iteration         -200 MCMCOBJ=    28519.134073367622     
 iteration         -190 MCMCOBJ=    28493.447581076311     
 iteration         -180 MCMCOBJ=    28452.879075892837     
 iteration         -170 MCMCOBJ=    28398.372998175935     
 iteration         -160 MCMCOBJ=    28425.171023849030     
 iteration         -150 MCMCOBJ=    28434.418286141441     
 iteration         -140 MCMCOBJ=    28506.253261160618     
 iteration         -130 MCMCOBJ=    28477.506734818275     
 iteration         -120 MCMCOBJ=    28488.161598437462     
 iteration         -110 MCMCOBJ=    28512.270768439404     
 iteration         -100 MCMCOBJ=    28524.536101077905     
 iteration          -90 MCMCOBJ=    28468.964275067610     
 iteration          -80 MCMCOBJ=    28461.283401687495     
 iteration          -70 MCMCOBJ=    28580.034550358716     
 iteration          -60 MCMCOBJ=    28434.626037209287     
 iteration          -50 MCMCOBJ=    28547.624737905549     
 iteration          -40 MCMCOBJ=    28472.194886678211     
 iteration          -30 MCMCOBJ=    28424.094073499135     
 iteration          -20 MCMCOBJ=    28308.858921080682     
 iteration          -10 MCMCOBJ=    28495.692804002512     
 Sampling Mode
 iteration            0 MCMCOBJ=    28364.229580335643     
 iteration           10 MCMCOBJ=    28471.996447651152     
 iteration           20 MCMCOBJ=    28446.906246702925     
 iteration           30 MCMCOBJ=    28461.063857333931     
 iteration           40 MCMCOBJ=    28442.841681836268     
 iteration           50 MCMCOBJ=    28502.409448725561     
 iteration           60 MCMCOBJ=    28419.986949602167     
 iteration           70 MCMCOBJ=    28452.715592933815     
 iteration           80 MCMCOBJ=    28532.368314248048     
 iteration           90 MCMCOBJ=    28520.430191645617     
 iteration          100 MCMCOBJ=    28487.379339042280     
 iteration          110 MCMCOBJ=    28412.606928117330     
 iteration          120 MCMCOBJ=    28502.556620285915     
 iteration          130 MCMCOBJ=    28466.850808722560     
 iteration          140 MCMCOBJ=    28488.229887329708     
 iteration          150 MCMCOBJ=    28437.005560334732     
 iteration          160 MCMCOBJ=    28492.799406783095     
 iteration          170 MCMCOBJ=    28370.969676672972     
 iteration          180 MCMCOBJ=    28452.393844774084     
 iteration          190 MCMCOBJ=    28466.809248421305     
 iteration          200 MCMCOBJ=    28508.934267550612     
 iteration          210 MCMCOBJ=    28549.684117200930     
 iteration          220 MCMCOBJ=    28503.285146103837     
 iteration          230 MCMCOBJ=    28543.492598041594     
 iteration          240 MCMCOBJ=    28437.108862895340     
 iteration          250 MCMCOBJ=    28453.347837348814     
 iteration          260 MCMCOBJ=    28442.063548238599     
 iteration          270 MCMCOBJ=    28418.846937207960     
 iteration          280 MCMCOBJ=    28402.351567962174     
 iteration          290 MCMCOBJ=    28496.073911171028     
 iteration          300 MCMCOBJ=    28501.306115668118     
 iteration          310 MCMCOBJ=    28466.295962347434     
 iteration          320 MCMCOBJ=    28426.449612717734     
 iteration          330 MCMCOBJ=    28404.950341262323     
 iteration          340 MCMCOBJ=    28399.097132115061     
 iteration          350 MCMCOBJ=    28451.413880187556     
 iteration          360 MCMCOBJ=    28567.440777548891     
 iteration          370 MCMCOBJ=    28437.616761888839     
 iteration          380 MCMCOBJ=    28436.650654256242     
 iteration          390 MCMCOBJ=    28538.188921988622     
 iteration          400 MCMCOBJ=    28437.499780435650     
 iteration          410 MCMCOBJ=    28627.871663424867     
 iteration          420 MCMCOBJ=    28442.145003378453     
 iteration          430 MCMCOBJ=    28518.405535852220     
 iteration          440 MCMCOBJ=    28539.170385908736     
 iteration          450 MCMCOBJ=    28532.316246450624     
 iteration          460 MCMCOBJ=    28489.549917811837     
 iteration          470 MCMCOBJ=    28439.410191474963     
 iteration          480 MCMCOBJ=    28443.794164714025     
 iteration          490 MCMCOBJ=    28450.206164327770     
 iteration          500 MCMCOBJ=    28496.401562455521     
 iteration          510 MCMCOBJ=    28571.170001208709     
 iteration          520 MCMCOBJ=    28406.579685764216     
 iteration          530 MCMCOBJ=    28424.121657340485     
 iteration          540 MCMCOBJ=    28338.046644117061     
 iteration          550 MCMCOBJ=    28491.663224584179     
 iteration          560 MCMCOBJ=    28477.991596526437     
 iteration          570 MCMCOBJ=    28472.706464988823     
 iteration          580 MCMCOBJ=    28510.599078033905     
 iteration          590 MCMCOBJ=    28435.779179861831     
 iteration          600 MCMCOBJ=    28539.969774755780     
 iteration          610 MCMCOBJ=    28542.741332317844     
 iteration          620 MCMCOBJ=    28423.737752208082     
 iteration          630 MCMCOBJ=    28467.852831633707     
 iteration          640 MCMCOBJ=    28400.979953450733     
 iteration          650 MCMCOBJ=    28471.116950854586     
 iteration          660 MCMCOBJ=    28425.033102588604     
 iteration          670 MCMCOBJ=    28398.273194607824     
 iteration          680 MCMCOBJ=    28471.783842655164     
 iteration          690 MCMCOBJ=    28407.085540098920     
 iteration          700 MCMCOBJ=    28476.171585624008     
 iteration          710 MCMCOBJ=    28446.804464699118     
 iteration          720 MCMCOBJ=    28547.424043825260     
 iteration          730 MCMCOBJ=    28487.425231919966     
 iteration          740 MCMCOBJ=    28465.394893830566     
 iteration          750 MCMCOBJ=    28442.158448890383     
 iteration          760 MCMCOBJ=    28509.816613591920     
 iteration          770 MCMCOBJ=    28545.272927304162     
 iteration          780 MCMCOBJ=    28517.499057070854     
 iteration          790 MCMCOBJ=    28517.396919654708     
 iteration          800 MCMCOBJ=    28326.658547922445     
 iteration          810 MCMCOBJ=    28398.429383059993     
 iteration          820 MCMCOBJ=    28360.706376571197     
 iteration          830 MCMCOBJ=    28371.391693214049     
 iteration          840 MCMCOBJ=    28479.540144796454     
 iteration          850 MCMCOBJ=    28497.264961617075     
 iteration          860 MCMCOBJ=    28444.282955444138     
 iteration          870 MCMCOBJ=    28452.153482179267     
 iteration          880 MCMCOBJ=    28506.660561710800     
 iteration          890 MCMCOBJ=    28390.385140291834     
 iteration          900 MCMCOBJ=    28437.221133048184     
 iteration          910 MCMCOBJ=    28405.518994238773     
 iteration          920 MCMCOBJ=    28527.651669606050     
 iteration          930 MCMCOBJ=    28412.798252655841     
 iteration          940 MCMCOBJ=    28415.464671469395     
 iteration          950 MCMCOBJ=    28487.112259336882     
 iteration          960 MCMCOBJ=    28465.094361382773     
 iteration          970 MCMCOBJ=    28500.491351502656     
 iteration          980 MCMCOBJ=    28490.682826455672     
 iteration          990 MCMCOBJ=    28474.767121176425     
 iteration         1000 MCMCOBJ=    28417.243352494213     

 #TERM:
 BURN-IN WAS NOT TESTED FOR CONVERGENCE
 STATISTICAL PORTION WAS COMPLETED

 ETABAR IS THE ARITHMETIC MEAN OF THE ETA-ESTIMATES,
 AND THE P-VALUE IS GIVEN FOR THE NULL HYPOTHESIS THAT THE TRUE MEAN IS 0.

 ETABAR:         4.9247E-05 -5.9272E-04 -8.1599E-05  1.3622E-04  5.4764E-04
 SE:             3.1810E-02  2.1421E-02  3.2237E-02  4.8753E-03  3.9781E-03
 N:                     160         160         160         160         160

 P VAL.:         9.9876E-01  9.7792E-01  9.9798E-01  9.7771E-01  8.9050E-01

 ETASHRINKSD(%)  2.1848E+01  9.8105E+00  2.8012E+00  6.0998E+01  6.8175E+01
 ETASHRINKVR(%)  3.8923E+01  1.8659E+01  5.5240E+00  8.4788E+01  8.9872E+01
 EBVSHRINKSD(%)  2.0988E+01  7.1082E+00  1.0227E+00  4.9760E+01  6.8635E+01
 EBVSHRINKVR(%)  3.7571E+01  1.3711E+01  2.0349E+00  7.4760E+01  9.0162E+01
 RELATIVEINF(%)  2.2675E+01  5.5022E+01  8.8770E+01  2.0679E+01  5.0375E+00
 EPSSHRINKSD(%)  7.2380E+00
 EPSSHRINKVR(%)  1.3952E+01

  
 TOTAL DATA POINTS NORMALLY DISTRIBUTED (N):         3142
 N*LOG(2PI) CONSTANT TO OBJECTIVE FUNCTION:    5774.6097426581628     
 OBJECTIVE FUNCTION VALUE WITHOUT CONSTANT:    28463.048932653754     
 OBJECTIVE FUNCTION VALUE WITH CONSTANT:       34237.658675311919     
 REPORTED OBJECTIVE FUNCTION DOES NOT CONTAIN CONSTANT
  
 TOTAL EFFECTIVE ETAS (NIND*NETA):                           800
 NIND*NETA*LOG(2PI) CONSTANT TO OBJECTIVE FUNCTION:    1470.3016531274764     
 OBJECTIVE FUNCTION VALUE WITHOUT CONSTANT:    28463.048932653754     
 OBJECTIVE FUNCTION VALUE WITH CONSTANT:       29933.350585781231     
 REPORTED OBJECTIVE FUNCTION DOES NOT CONTAIN CONSTANT
  
 PRIOR CONSTANT TO OBJECTIVE FUNCTION:    40.730859670953315     
 OBJECTIVE FUNCTION VALUE WITHOUT CONSTANT:    28463.048932653754     
 OBJECTIVE FUNCTION VALUE WITH CONSTANT:       28503.779792324705     
 REPORTED OBJECTIVE FUNCTION DOES NOT CONTAIN CONSTANT
  
 #TERE:
 Elapsed estimation  time in seconds:    71.40
 Elapsed covariance  time in seconds:     0.00
1
 
 
 
 
 
 
 
 
 
 
 
 
 
 
 
 
 
 
 
 
 ************************************************************************************************************************
 ********************                                                                                ********************
 ********************                              MCMC BAYESIAN ANALYSIS                            ********************
 #OBJT:**************                       AVERAGE VALUE OF LIKELIHOOD FUNCTION                     ********************
 ********************                                                                                ********************
 ************************************************************************************************************************
 





 #OBJV:********************************************    28463.049       **************************************************
 #OBJS:********************************************       53.599 (STD) **************************************************
1
 ************************************************************************************************************************
 ********************                                                                                ********************
 ********************                              MCMC BAYESIAN ANALYSIS                            ********************
 ********************                             FINAL PARAMETER ESTIMATE                           ********************
 ********************                                                                                ********************
 ************************************************************************************************************************
 


 THETA - VECTOR OF FIXED EFFECTS PARAMETERS   *********


         TH 1      TH 2      TH 3      TH 4      TH 5     
 
         4.82E-01  4.10E+00  1.10E+00  4.23E+00  1.29E+00
 


 OMEGA - COV MATRIX FOR RANDOM EFFECTS - ETAS  ********


         ETA1      ETA2      ETA3      ETA4      ETA5     
 
 ETA1
+        2.65E-01
 
 ETA2
+        7.91E-02  9.03E-02
 
 ETA3
+        1.39E-01  7.47E-02  1.76E-01
 
 ETA4
+        0.00E+00  0.00E+00  0.00E+00  2.50E-02
 
 ETA5
+        0.00E+00  0.00E+00  0.00E+00  0.00E+00  2.50E-02
 


 SIGMA - COV MATRIX FOR RANDOM EFFECTS - EPSILONS  ****


         EPS1     
 
 EPS1
+        3.94E-02
 
1


 OMEGA - CORR MATRIX FOR RANDOM EFFECTS - ETAS  *******


         ETA1      ETA2      ETA3      ETA4      ETA5     
 
 ETA1
+        5.11E-01
 
 ETA2
+        5.08E-01  3.00E-01
 
 ETA3
+        6.47E-01  5.91E-01  4.19E-01
 
 ETA4
+        0.00E+00  0.00E+00  0.00E+00  1.58E-01
 
 ETA5
+        0.00E+00  0.00E+00  0.00E+00  0.00E+00  1.58E-01
 


 SIGMA - CORR MATRIX FOR RANDOM EFFECTS - EPSILONS  ***


         EPS1     
 
 EPS1
+        1.98E-01
 
1
 ************************************************************************************************************************
 ********************                                                                                ********************
 ********************                              MCMC BAYESIAN ANALYSIS                            ********************
 ********************                STANDARD ERROR OF ESTIMATE (From Sample Variance)               ********************
 ********************                                                                                ********************
 ************************************************************************************************************************
 


 THETA - VECTOR OF FIXED EFFECTS PARAMETERS   *********


         TH 1      TH 2      TH 3      TH 4      TH 5     
 
         6.48E-02  2.91E-02  3.35E-02  2.52E-02  3.61E-02
 


 OMEGA - COV MATRIX FOR RANDOM EFFECTS - ETAS  ********


         ETA1      ETA2      ETA3      ETA4      ETA5     
 
 ETA1
+        6.39E-02
 
 ETA2
+        2.29E-02  1.26E-02
 
 ETA3
+        2.74E-02  1.32E-02  2.04E-02
 
 ETA4
+        0.00E+00  0.00E+00  0.00E+00  0.00E+00
 
 ETA5
+        0.00E+00  0.00E+00  0.00E+00  0.00E+00  0.00E+00
 


 SIGMA - COV MATRIX FOR RANDOM EFFECTS - EPSILONS  ****


         EPS1     
 
 EPS1
+        1.11E-03
 
1


 OMEGA - CORR MATRIX FOR RANDOM EFFECTS - ETAS  *******


         ETA1      ETA2      ETA3      ETA4      ETA5     
 
 ETA1
+        6.12E-02
 
 ETA2
+        8.88E-02  2.09E-02
 
 ETA3
+        7.72E-02  6.07E-02  2.43E-02
 
 ETA4
+        0.00E+00  0.00E+00  0.00E+00  2.66E-08
 
 ETA5
+        0.00E+00  0.00E+00  0.00E+00  0.00E+00  2.66E-08
 


 SIGMA - CORR MATRIX FOR RANDOM EFFECTS - EPSILONS  ***


         EPS1     
 
 EPS1
+        2.80E-03
 
1
 ************************************************************************************************************************
 ********************                                                                                ********************
 ********************                              MCMC BAYESIAN ANALYSIS                            ********************
 ********************               COVARIANCE MATRIX OF ESTIMATE (From Sample Variance)             ********************
 ********************                                                                                ********************
 ************************************************************************************************************************
 

            TH 1      TH 2      TH 3      TH 4      TH 5      OM11      OM12      OM13      OM14      OM15      OM22      OM23  
             OM24      OM25      OM33      OM34      OM35      OM44      OM45      OM55      SG11  
 
 TH 1
+        4.20E-03
 
 TH 2
+        9.52E-04  8.47E-04
 
 TH 3
+        7.83E-04  5.00E-04  1.12E-03
 
 TH 4
+       -2.90E-04 -1.42E-04 -2.02E-05  6.33E-04
 
 TH 5
+       -7.17E-04 -3.28E-04  4.91E-05  1.53E-04  1.30E-03
 
 OM11
+        1.27E-03 -2.96E-04 -8.17E-05  9.66E-05  2.75E-04  4.08E-03
 
 OM12
+        1.71E-04 -1.38E-04 -1.52E-05  7.15E-05  1.39E-04  1.10E-03  5.24E-04
 
 OM13
+        3.10E-04 -5.64E-05 -3.38E-05  2.85E-05  9.06E-06  1.15E-03  4.28E-04  7.52E-04
 
 OM14
+       ......... ......... ......... ......... ......... ......... ......... ......... .........
 
 OM15
+       ......... ......... ......... ......... ......... ......... ......... ......... ......... .........
 
 OM22
+       -5.30E-05 -5.29E-05  1.01E-06  3.15E-05  4.85E-05  2.55E-04  1.88E-04  1.40E-04  0.00E+00  0.00E+00  1.60E-04
 
 OM23
+       -5.57E-05 -4.20E-05 -3.00E-06  2.48E-05  3.39E-05  2.58E-04  1.79E-04  2.27E-04  0.00E+00  0.00E+00  1.20E-04  1.75E-04
 
 OM24
+       ......... ......... ......... ......... ......... ......... ......... ......... ......... ......... ......... .........
         .........
 
 OM25
+       ......... ......... ......... ......... ......... ......... ......... ......... ......... ......... ......... .........
         ......... .........
 
 OM33
+       -4.64E-05  4.21E-06 -8.20E-06 -1.10E-05 -4.43E-05  1.88E-04  1.26E-04  3.21E-04  0.00E+00  0.00E+00  8.57E-05  1.81E-04
          0.00E+00  0.00E+00  4.18E-04
 
 OM34
+       ......... ......... ......... ......... ......... ......... ......... ......... ......... ......... ......... .........
         ......... ......... ......... .........
 
 OM35
+       ......... ......... ......... ......... ......... ......... ......... ......... ......... ......... ......... .........
         ......... ......... ......... ......... .........
 
 OM44
+       ......... ......... ......... ......... ......... ......... ......... ......... ......... ......... ......... .........
         ......... ......... ......... ......... ......... .........
 
 OM45
+       ......... ......... ......... ......... ......... ......... ......... ......... ......... ......... ......... .........
         ......... ......... ......... ......... ......... ......... .........
 
1

            TH 1      TH 2      TH 3      TH 4      TH 5      OM11      OM12      OM13      OM14      OM15      OM22      OM23  
             OM24      OM25      OM33      OM34      OM35      OM44      OM45      OM55      SG11  
 
 OM55
+       ......... ......... ......... ......... ......... ......... ......... ......... ......... ......... ......... .........
         ......... ......... ......... ......... ......... ......... ......... .........
 
 SG11
+       -3.46E-06  1.79E-06  3.85E-07  2.43E-06  1.11E-06 -5.68E-06 -1.62E-06 -1.94E-06  0.00E+00  0.00E+00 -5.06E-07 -1.42E-09
          0.00E+00  0.00E+00 -1.39E-06  0.00E+00  0.00E+00  0.00E+00  0.00E+00  0.00E+00  1.23E-06
 
1
 ************************************************************************************************************************
 ********************                                                                                ********************
 ********************                              MCMC BAYESIAN ANALYSIS                            ********************
 ********************              CORRELATION MATRIX OF ESTIMATE (From Sample Variance)             ********************
 ********************                                                                                ********************
 ************************************************************************************************************************
 

            TH 1      TH 2      TH 3      TH 4      TH 5      OM11      OM12      OM13      OM14      OM15      OM22      OM23  
             OM24      OM25      OM33      OM34      OM35      OM44      OM45      OM55      SG11  
 
 TH 1
+        6.48E-02
 
 TH 2
+        5.05E-01  2.91E-02
 
 TH 3
+        3.61E-01  5.14E-01  3.35E-02
 
 TH 4
+       -1.78E-01 -1.94E-01 -2.40E-02  2.52E-02
 
 TH 5
+       -3.07E-01 -3.12E-01  4.07E-02  1.69E-01  3.61E-02
 
 OM11
+        3.06E-01 -1.59E-01 -3.82E-02  6.01E-02  1.19E-01  6.39E-02
 
 OM12
+        1.15E-01 -2.06E-01 -1.98E-02  1.24E-01  1.69E-01  7.53E-01  2.29E-02
 
 OM13
+        1.75E-01 -7.06E-02 -3.68E-02  4.13E-02  9.17E-03  6.56E-01  6.81E-01  2.74E-02
 
 OM14
+       ......... ......... ......... ......... ......... ......... ......... ......... .........
 
 OM15
+       ......... ......... ......... ......... ......... ......... ......... ......... ......... .........
 
 OM22
+       -6.46E-02 -1.44E-01  2.39E-03  9.91E-02  1.06E-01  3.15E-01  6.48E-01  4.05E-01  0.00E+00  0.00E+00  1.26E-02
 
 OM23
+       -6.49E-02 -1.09E-01 -6.77E-03  7.44E-02  7.11E-02  3.05E-01  5.91E-01  6.26E-01  0.00E+00  0.00E+00  7.19E-01  1.32E-02
 
 OM24
+       ......... ......... ......... ......... ......... ......... ......... ......... ......... ......... ......... .........
         .........
 
 OM25
+       ......... ......... ......... ......... ......... ......... ......... ......... ......... ......... ......... .........
         ......... .........
 
 OM33
+       -3.50E-02  7.07E-03 -1.20E-02 -2.14E-02 -6.02E-02  1.44E-01  2.70E-01  5.73E-01  0.00E+00  0.00E+00  3.32E-01  6.68E-01
          0.00E+00  0.00E+00  2.04E-02
 
 OM34
+       ......... ......... ......... ......... ......... ......... ......... ......... ......... ......... ......... .........
         ......... ......... ......... .........
 
 OM35
+       ......... ......... ......... ......... ......... ......... ......... ......... ......... ......... ......... .........
         ......... ......... ......... ......... .........
 
 OM44
+       ......... ......... ......... ......... ......... ......... ......... ......... ......... ......... ......... .........
         ......... ......... ......... ......... ......... .........
 
 OM45
+       ......... ......... ......... ......... ......... ......... ......... ......... ......... ......... ......... .........
         ......... ......... ......... ......... ......... ......... .........
 
1

            TH 1      TH 2      TH 3      TH 4      TH 5      OM11      OM12      OM13      OM14      OM15      OM22      OM23  
             OM24      OM25      OM33      OM34      OM35      OM44      OM45      OM55      SG11  
 
 OM55
+       ......... ......... ......... ......... ......... ......... ......... ......... ......... ......... ......... .........
         ......... ......... ......... ......... ......... ......... ......... .........
 
 SG11
+       -4.81E-02  5.54E-02  1.04E-02  8.69E-02  2.76E-02 -8.01E-02 -6.39E-02 -6.36E-02  0.00E+00  0.00E+00 -3.61E-02 -9.63E-05
          0.00E+00  0.00E+00 -6.12E-02  0.00E+00  0.00E+00  0.00E+00  0.00E+00  0.00E+00  1.11E-03
 
1
 ************************************************************************************************************************
 ********************                                                                                ********************
 ********************                              MCMC BAYESIAN ANALYSIS                            ********************
 ********************           INVERSE COVARIANCE MATRIX OF ESTIMATE (From Sample Variance)         ********************
 ********************                                                                                ********************
 ************************************************************************************************************************
 

            TH 1      TH 2      TH 3      TH 4      TH 5      OM11      OM12      OM13      OM14      OM15      OM22      OM23  
             OM24      OM25      OM33      OM34      OM35      OM44      OM45      OM55      SG11  
 
 TH 1
+        4.69E+02
 
 TH 2
+       -3.93E+02  2.36E+03
 
 TH 3
+       -1.75E+02 -7.73E+02  1.38E+03
 
 TH 4
+        9.20E+01  2.02E+02 -1.22E+02  1.72E+03
 
 TH 5
+        1.91E+02  3.00E+02 -3.19E+02 -6.64E+01  1.02E+03
 
 OM11
+       -2.12E+02  2.21E+02  7.78E+01  5.54E+00 -1.11E+02  8.76E+02
 
 OM12
+        5.14E+01  3.12E+02 -2.01E+02 -2.02E+02 -1.86E+02 -1.52E+03  9.00E+03
 
 OM13
+       -4.96E+01 -2.06E+02  1.61E+02 -4.14E+01  1.51E+02 -7.58E+02 -1.64E+03  4.76E+03
 
 OM14
+       ......... ......... ......... ......... ......... ......... ......... ......... .........
 
 OM15
+       ......... ......... ......... ......... ......... ......... ......... ......... ......... .........
 
 OM22
+        1.20E+02 -7.69E+01 -8.38E+01 -1.29E+01  1.89E+02  3.95E+02 -5.47E+03  1.98E+03  0.00E+00  0.00E+00  1.81E+04
 
 OM23
+        1.21E+02  1.74E+02 -1.74E+02 -4.26E+01 -1.81E+02  7.83E+02 -2.28E+03 -2.73E+03  0.00E+00  0.00E+00 -1.11E+04  2.41E+04
 
 OM24
+       ......... ......... ......... ......... ......... ......... ......... ......... ......... ......... ......... .........
         .........
 
 OM25
+       ......... ......... ......... ......... ......... ......... ......... ......... ......... ......... ......... .........
         ......... .........
 
 OM33
+        1.19E+02 -1.54E+02 -2.39E+01  1.44E+02  1.45E+02  1.92E+02  1.32E+03 -2.03E+03  0.00E+00  0.00E+00  1.11E+03 -5.78E+03
          0.00E+00  0.00E+00  5.80E+03
 
 OM34
+       ......... ......... ......... ......... ......... ......... ......... ......... ......... ......... ......... .........
         ......... ......... ......... .........
 
 OM35
+       ......... ......... ......... ......... ......... ......... ......... ......... ......... ......... ......... .........
         ......... ......... ......... ......... .........
 
 OM44
+       ......... ......... ......... ......... ......... ......... ......... ......... ......... ......... ......... .........
         ......... ......... ......... ......... ......... .........
 
 OM45
+       ......... ......... ......... ......... ......... ......... ......... ......... ......... ......... ......... .........
         ......... ......... ......... ......... ......... ......... .........
 
1

            TH 1      TH 2      TH 3      TH 4      TH 5      OM11      OM12      OM13      OM14      OM15      OM22      OM23  
             OM24      OM25      OM33      OM34      OM35      OM44      OM45      OM55      SG11  
 
 OM55
+       ......... ......... ......... ......... ......... ......... ......... ......... ......... ......... ......... .........
         ......... ......... ......... ......... ......... ......... ......... .........
 
 SG11
+        7.85E+02 -4.05E+03  1.01E+03 -3.48E+03 -8.62E+02  3.74E+02  1.83E+03  3.96E+02  0.00E+00  0.00E+00  6.71E+03 -1.44E+04
          0.00E+00  0.00E+00  6.57E+03  0.00E+00  0.00E+00  0.00E+00  0.00E+00  0.00E+00  8.42E+05
 
 Elapsed postprocess time in seconds:     2.51
 Elapsed finaloutput time in seconds:     0.30
 #CPUT: Total CPU Time in Seconds,      216.661
Stop Time:
Sun May 12 08:32:14 EDT 2024
