Sun May 12 08:30:45 EDT 2024
$PROBLEM 1000

$INPUT C NUM ID TIME SEQ CMT EVID AMT DV AGE WT HT EGFR ALB BMI SEX AAG
  SCR AST ALT CP TAFD TAD LDOS MDV BLQ PHASE

$DATA ../../../../data/derived/pk.csv IGNORE=(C='C', BLQ=1)

$SUBROUTINE ADVAN4 TRANS4

$PK

;log transformed PK parms

  V2WT   = LOG(WT/70)
  CLWT   = LOG(WT/70) * 0.75
  V3WT   = LOG(WT/70)
  QWT    = LOG(WT/70) * 0.75

  MU_1   = THETA(1)
  MU_2   = THETA(2) + V2WT
  MU_3   = THETA(3) + CLWT
  MU_4   = THETA(4) + V3WT
  MU_5   = THETA(5) + QWT

  ;" CALL EXTRASEND()

  KA     = EXP(MU_1 + ETA(1))
  V2     = EXP(MU_2 + ETA(2))
  CL     = EXP(MU_3 + ETA(3))
  V3     = EXP(MU_4 + ETA(4))
  Q      = EXP(MU_5 + ETA(5))

  S2     = V2/1000 ; dose in mcg, conc in mcg/mL

$ERROR

  IPRED = F
  Y     = IPRED * (1 + EPS(1))

$THETA
; log values
  (0.5)         ; 1 KA (1/hr) - 1.5
  (3.5)         ; 2 V2 (L) - 60
  (1)           ; 3 CL (L/hr) - 3.5
  (4)           ; 4 V3 (L) - 70
  (2)           ; 5 Q  (L/hr) - 4

$OMEGA BLOCK(3)
  0.2           ; ETA(KA)
  0.01 0.2      ; ETA(V2)
  0.01 0.01 0.2 ; ETA(CL)
$OMEGA
  0.025 FIX    ; ETA(V3)
  0.025 FIX    ; ETA(Q)

$SIGMA
  0.05          ; 1 pro error

$PRIOR NWPRI

$THETAP
  (0.5) FIX        ; 1 KA (1/hr) - 1.5
  (3.5) FIX        ; 2 V2 (L) - 60
  (1)   FIX        ; 3 CL (L/hr) - 3.5
  (4)   FIX        ; 4 V3 (L) - 70
  (2)   FIX        ; 5 Q  (L/hr) - 4
$THETAPV BLOCK(5) VALUES(10, 0) FIX

$OMEGAP BLOCK(3) VALUES(0.2, 0.01) FIX

$OMEGAPD (3 FIX)

$SIGMAP
  0.05 FIX           ; 1 pro error

$SIGMAPD (1 FIX)

$EST METHOD=CHAIN FILE=../init.chn NSAMPLE=0 ISAMPLE=1 SEED=1 CTYPE=0 IACCEPT=0.3 DF=10 DFS=0
$EST METHOD=BAYES SEED=1 NBURN=500 NITER=1000 PRINT=10 MSFO=./1000.msf RANMETHOD=P PARAFPRINT=10000 BAYES_PHI_STORE=0

$TABLE NUM CL V2 Q V3 KA ETAS(1:LAST) EPRED IPRED NPDE EWRES NOPRINT ONEHEADER FILE=1000.tab RANMETHOD=P

NM-TRAN MESSAGES
  
 WARNINGS AND ERRORS (IF ANY) FOR PROBLEM    1
             
 (WARNING  2) NM-TRAN INFERS THAT THE DATA ARE POPULATION.

 (MU_WARNING 26) DATA ITEM(S) USED IN DEFINITION OF MU_(S) SHOULD BE CONSTANT FOR INDIV. REC.:
  WT
             
 (WARNING  121) INTERACTION IS IMPLIED WITH EM/BAYES ESTIMATION METHODS

 LIM VALUES MAXLIM ASSESSED BY NMTRAN: 1,2,3,4,5,6,7,8,10,11,13,15,16        
  
Note: Analytical 2nd Derivatives are constructed in FSUBS but are never used.
      You may insert $ABBR DERIV2=NO after the first $PROB to save FSUBS construction and compilation time
  

License Registered to: Metrum Research Group
Expiration Date:    14 JUL 2024
Current Date:       12 MAY 2024
Days until program expires :  62
1NONLINEAR MIXED EFFECTS MODEL PROGRAM (NONMEM) VERSION 7.5.1
 ORIGINALLY DEVELOPED BY STUART BEAL, LEWIS SHEINER, AND ALISON BOECKMANN
 CURRENT DEVELOPERS ARE ROBERT BAUER, ICON DEVELOPMENT SOLUTIONS,
 AND ALISON BOECKMANN. IMPLEMENTATION, EFFICIENCY, AND STANDARDIZATION
 PERFORMED BY NOUS INFOSYSTEMS.

 PROBLEM NO.:         1
 1000
0DATA CHECKOUT RUN:              NO
 DATA SET LOCATED ON UNIT NO.:    2
 THIS UNIT TO BE REWOUND:        NO
 NO. OF DATA RECS IN DATA SET:     4292
 NO. OF DATA ITEMS IN DATA SET:  27
 ID DATA ITEM IS DATA ITEM NO.:   3
 DEP VARIABLE IS DATA ITEM NO.:   9
 MDV DATA ITEM IS DATA ITEM NO.: 25
0INDICES PASSED TO SUBROUTINE PRED:
   7   4   8   0   0   0   6   0   0   0   0
0LABELS FOR DATA ITEMS:
 C NUM ID TIME SEQ CMT EVID AMT DV AGE WT HT EGFR ALB BMI SEX AAG SCR AST ALT CP TAFD TAD LDOS MDV BLQ PHASE
0(NONBLANK) LABELS FOR PRED-DEFINED ITEMS:
 KA V2 CL V3 Q IPRED
0FORMAT FOR DATA:
 (2(10E7.0/),7E7.0)

 TOT. NO. OF OBS RECS:     3142
 TOT. NO. OF INDIVIDUALS:      160
0LENGTH OF THETA:  12
0DEFAULT THETA BOUNDARY TEST OMITTED:    NO
0OMEGA HAS BLOCK FORM:
  1
  1  1
  1  1  1
  0  0  0  2
  0  0  0  0  3
  0  0  0  0  0  4
  0  0  0  0  0  4  4
  0  0  0  0  0  4  4  4
  0  0  0  0  0  4  4  4  4
  0  0  0  0  0  4  4  4  4  4
  0  0  0  0  0  0  0  0  0  0  5
  0  0  0  0  0  0  0  0  0  0  5  5
  0  0  0  0  0  0  0  0  0  0  5  5  5
0DEFAULT OMEGA BOUNDARY TEST OMITTED:    NO
0SIGMA HAS BLOCK FORM:
  1
  0  2
0DEFAULT SIGMA BOUNDARY TEST OMITTED:    NO
0INITIAL ESTIMATE OF THETA:
 LOWER BOUND    INITIAL EST    UPPER BOUND
 -0.1000E+07     0.5000E+00     0.1000E+07
 -0.1000E+07     0.3500E+01     0.1000E+07
 -0.1000E+07     0.1000E+01     0.1000E+07
 -0.1000E+07     0.4000E+01     0.1000E+07
 -0.1000E+07     0.2000E+01     0.1000E+07
  0.5000E+00     0.5000E+00     0.5000E+00
  0.3500E+01     0.3500E+01     0.3500E+01
  0.1000E+01     0.1000E+01     0.1000E+01
  0.4000E+01     0.4000E+01     0.4000E+01
  0.2000E+01     0.2000E+01     0.2000E+01
  0.3000E+01     0.3000E+01     0.3000E+01
  0.1000E+01     0.1000E+01     0.1000E+01
0INITIAL ESTIMATE OF OMEGA:
 BLOCK SET NO.   BLOCK                                                                    FIXED
        1                                                                                   NO
                  0.2000E+00
                  0.1000E-01   0.2000E+00
                  0.1000E-01   0.1000E-01   0.2000E+00
        2                                                                                  YES
                  0.2500E-01
        3                                                                                  YES
                  0.2500E-01
        4                                                                                  YES
                  0.1000E+02
                  0.0000E+00   0.1000E+02
                  0.0000E+00   0.0000E+00   0.1000E+02
                  0.0000E+00   0.0000E+00   0.0000E+00   0.1000E+02
                  0.0000E+00   0.0000E+00   0.0000E+00   0.0000E+00   0.1000E+02
        5                                                                                  YES
                  0.2000E+00
                  0.1000E-01   0.2000E+00
                  0.1000E-01   0.1000E-01   0.2000E+00
0INITIAL ESTIMATE OF SIGMA:
 BLOCK SET NO.   BLOCK                                                                    FIXED
        1                                                                                   NO
                  0.5000E-01
        2                                                                                  YES
                  0.5000E-01
0TABLES STEP OMITTED:    NO
 NO. OF TABLES:           1
 SEED NUMBER (SEED):    11456
 NPDTYPE:    0
 INTERPTYPE:    0
 RANMETHOD:             3UP
 MC SAMPLES (ESAMPLE):    300
 WRES SQUARE ROOT TYPE (WRESCHOL): EIGENVALUE
0-- TABLE   1 --
0RECORDS ONLY:    ALL
04 COLUMNS APPENDED:    YES
 PRINTED:                NO
 HEADERS:               ONE
 FILE TO BE FORWARDED:   NO
 FORMAT:                S1PE11.4
 IDFORMAT:
 LFORMAT:
 RFORMAT:
 FIXED_EFFECT_ETAS:
0USER-CHOSEN ITEMS:
 NUM CL V2 Q V3 KA ETA1 ETA2 ETA3 ETA4 ETA5 EPRED IPRED NPDE EWRES
0
 PRIOR SUBROUTINE USER-SUPPLIED
1DOUBLE PRECISION PREDPP VERSION 7.5.1

 TWO COMPARTMENT MODEL WITH FIRST-ORDER ABSORPTION (ADVAN4)
0MAXIMUM NO. OF BASIC PK PARAMETERS:   5
0BASIC PK PARAMETERS (AFTER TRANSLATION):
   BASIC PK PARAMETER NO.  1: ELIMINATION RATE (K)
   BASIC PK PARAMETER NO.  2: CENTRAL-TO-PERIPH. RATE (K23)
   BASIC PK PARAMETER NO.  3: PERIPH.-TO-CENTRAL RATE (K32)
   BASIC PK PARAMETER NO.  5: ABSORPTION RATE (KA)
 TRANSLATOR WILL CONVERT PARAMETERS
 CL, V2, Q, V3 TO K, K23, K32 (TRANS4)
0COMPARTMENT ATTRIBUTES
 COMPT. NO.   FUNCTION   INITIAL    ON/OFF      DOSE      DEFAULT    DEFAULT
                         STATUS     ALLOWED    ALLOWED    FOR DOSE   FOR OBS.
    1         DEPOT        OFF        YES        YES        YES        NO
    2         CENTRAL      ON         NO         YES        NO         YES
    3         PERIPH.      ON         NO         YES        NO         NO
    4         OUTPUT       OFF        YES        NO         NO         NO
1
 ADDITIONAL PK PARAMETERS - ASSIGNMENT OF ROWS IN GG
 COMPT. NO.                             INDICES
              SCALE      BIOAVAIL.   ZERO-ORDER  ZERO-ORDER  ABSORB
                         FRACTION    RATE        DURATION    LAG
    1            *           *           *           *           *
    2            6           *           *           *           *
    3            *           *           *           *           *
    4            *           -           -           -           -
             - PARAMETER IS NOT ALLOWED FOR THIS MODEL
             * PARAMETER IS NOT SUPPLIED BY PK SUBROUTINE;
               WILL DEFAULT TO ONE IF APPLICABLE
0DATA ITEM INDICES USED BY PRED ARE:
   EVENT ID DATA ITEM IS DATA ITEM NO.:      7
   TIME DATA ITEM IS DATA ITEM NO.:          4
   DOSE AMOUNT DATA ITEM IS DATA ITEM NO.:   8
   COMPT. NO. DATA ITEM IS DATA ITEM NO.:    6

0PK SUBROUTINE CALLED WITH EVERY EVENT RECORD.
 PK SUBROUTINE NOT CALLED AT NONEVENT (ADDITIONAL OR LAGGED) DOSE TIMES.
0ERROR SUBROUTINE CALLED WITH EVERY EVENT RECORD.
1


 #TBLN:      1
 #METH: Chain Method Processing

 RANDOM GENERATION TYPE (CTYPE):     0
 RANDOM GENERATION SEED (SEED):      1
 RANDOM SAMPLE SELECTION (ISAMPLE):  1
 RANDOM SAMPLE RANGE END (ISAMPEND): -2147483647
 NUMBER OF RANDOM SAMPLES (NSAMPLE): 0
 UNIFORM FRACTIONAL RANGE (IACCEPT): 0.300000000000000
 RANDOM SELECTION TYPE (SELECT):     0
 DEG. FR. TO GENERATE OMEGAS (DF):   10
 DEG. FR. TO GENERATE SIGMAS (DFS):  0
 CHAIN FILE (FILE):                  ../init.chn
 EXCL. TITLE IN CHAIN FILE (NOTITLE):NO
 EX. COL. LBS. IN CHAIN FL.(NOLABEL):NO
 FORMAT FOR CHAIN FILE (FORMAT):     S1PE12.5
 PAR. ORDER in CHAIN FILE (ORDER):   TSOL
 RANDOM SAMPLING METHOD (RANMETHOD):3U

 THE FOLLOWING LABELS ARE EQUIVALENT
 PRED=NPRED
 RES=NRES
 WRES=NWRES
 IWRS=NIWRES
 IPRD=NIPRED
 IRS=NIRES



 FROM SAMPLE 1 OF CHAIN FILE ../init.chn
 NEW INITIAL ESTIMATES OF THETA
  0.4395E+00
  0.3952E+01
  0.7198E+00
  0.4899E+01
  0.2041E+01
 NEW INITIAL ESTIMATES OF OMEGA
  0.2255E+00
 -0.8400E-03  0.2221E+00
  0.1639E+00  0.1514E+00  0.9992E+00
  0.0000E+00  0.0000E+00  0.0000E+00  0.2500E-01
  0.0000E+00  0.0000E+00  0.0000E+00  0.0000E+00  0.2500E-01
 NEW INITIAL ESTIMATES OF SIGMA
  0.2221E+00

 #PARA: PARAFILE=1000-1.pnm, PROTOCOL=MPI, NODES= 4

1


 #TBLN:      1
 #METH: MCMC Bayesian Analysis

 ESTIMATION STEP OMITTED:                 NO
 ANALYSIS TYPE:                           POPULATION
 NUMBER OF SADDLE POINT RESET ITERATIONS:      0
 GRADIENT METHOD USED:               NOSLOW
 CONDITIONAL ESTIMATES USED:              YES
 CENTERED ETA:                            NO
 EPS-ETA INTERACTION:                     YES
 LAPLACIAN OBJ. FUNC.:                    NO
 NO. OF FUNCT. EVALS. ALLOWED:            3480
 NO. OF SIG. FIGURES REQUIRED:            3
 INTERMEDIATE PRINTOUT:                   YES
 ESTIMATE OUTPUT TO MSF:                  YES
 IND. OBJ. FUNC. VALUES SORTED:           NO
 NUMERICAL DERIVATIVE
       FILE REQUEST (NUMDER):               NONE
 MAP (ETAHAT) ESTIMATION METHOD (OPTMAP):   0
 ETA HESSIAN EVALUATION METHOD (ETADER):    0
 INITIAL ETA FOR MAP ESTIMATION (MCETA):    0
 SIGDIGITS FOR MAP ESTIMATION (SIGLO):      100
 GRADIENT SIGDIGITS OF
       FIXED EFFECTS PARAMETERS (SIGL):     100
 NOPRIOR SETTING (NOPRIOR):                 0
 NOCOV SETTING (NOCOV):                     OFF
 DERCONT SETTING (DERCONT):                 OFF
 FINAL ETA RE-EVALUATION (FNLETA):          1
 EXCLUDE NON-INFLUENTIAL (NON-INFL.) ETAS
       IN SHRINKAGE (ETASTYPE):             NO
 NON-INFL. ETA CORRECTION (NONINFETA):      0
 RAW OUTPUT FILE (FILE): 1000-1.ext
 EXCLUDE TITLE (NOTITLE):                   NO
 EXCLUDE COLUMN LABELS (NOLABEL):           NO
 FORMAT FOR ADDITIONAL FILES (FORMAT):      S1PE12.5
 PARAMETER ORDER FOR OUTPUTS (ORDER):       TSOL
 KNUTHSUMOFF:                               0
 INCLUDE LNTWOPI:                           NO
 INCLUDE CONSTANT TERM TO PRIOR (PRIORC):   NO
 INCLUDE CONSTANT TERM TO OMEGA (ETA) (OLNTWOPI):NO
 EM OR BAYESIAN METHOD USED:                MCMC BAYESIAN (BAYES)
 BAYES INDIVIDUAL PARAMETERS ONLY: NO
 MU MODELING PATTERN (MUM):
 GRADIENT/GIBBS PATTERN (GRD):
 AUTOMATIC SETTING FEATURE (AUTO):          0
 CONVERGENCE TYPE (CTYPE):                  0
 KEEP ITERATIONS (THIN):            1
 BURN-IN ITERATIONS (NBURN):                500
 FIRST ITERATION FOR MAP (MAPITERS):          NO
 ITERATIONS (NITER):                        1000
 ANNEAL SETTING (CONSTRAIN):                 1
 STARTING SEED FOR MC METHODS (SEED):       1
 MC SAMPLES PER SUBJECT (ISAMPLE):          1
 RANDOM SAMPLING METHOD (RANMETHOD):        3UP
 PROPOSAL DENSITY SCALING RANGE
              (ISCALE_MIN, ISCALE_MAX):     1.000000000000000E-06   ,1000000.00000000
 SAMPLE ACCEPTANCE RATE (IACCEPT):          0.400000000000000
 METROPOLIS HASTINGS SAMPLING FOR INDIVIDUAL ETAS:
 SAMPLES FOR GLOBAL SEARCH KERNEL (ISAMPLE_M1):          2
 SAMPLES FOR NEIGHBOR SEARCH KERNEL (ISAMPLE_M1A):       0
 SAMPLES FOR MASS/IMP/POST. MATRIX SEARCH (ISAMPLE_M1B): 2
 SAMPLES FOR LOCAL SEARCH KERNEL (ISAMPLE_M2):           2
 SAMPLES FOR LOCAL UNIVARIATE KERNEL (ISAMPLE_M3):       2
 PWR. WT. MASS/IMP/POST MATRIX ACCUM. FOR ETAS (IKAPPA): 1.00000000000000
 MASS/IMP./POST. MATRIX REFRESH SETTING (MASSRESET):      -1
 METROPOLIS HASTINGS POPULATION SAMPLING FOR NON-GIBBS
 SAMPLED THETAS AND SIGMAS:
 PROPOSAL DENSITY SCALING RANGE
              (PSCALE_MIN, PSCALE_MAX):   1.000000000000000E-02   ,1000.00000000000
 SAMPLE ACCEPTANCE RATE (PACCEPT):                       0.500000000000000
 SAMPLES FOR GLOBAL SEARCH KERNEL (PSAMPLE_M1):          1
 SAMPLES FOR LOCAL SEARCH KERNEL (PSAMPLE_M2):           -1
 SAMPLES FOR LOCAL UNIVARIATE KERNEL (PSAMPLE_M3):       1
 METROPOLIS HASTINGS POPULATION SAMPLING FOR NON-GIBBS
 SAMPLED OMEGAS:
 SAMPLE ACCEPTANCE RATE (OACCEPT):                       0.500000000000000
 SAMPLES FOR GLOBAL SEARCH KERNEL (OSAMPLE_M1):          -1
 SAMPLES FOR LOCAL SEARCH KERNEL (OSAMPLE_M2):           8
 SAMPLES FOR LOCAL UNIVARIATE SEARCH KERNEL (OSAMPLE_M3):8
 USER DEFINED PRIOR SETTING FOR THETAS: (TPU):        0.00000000000000
 WEIGHT FACTOR FOR STD PRIOR FOR SIGMAS (SVARF): -1.000000000000000+300


 THE FOLLOWING LABELS ARE EQUIVALENT
 PRED=PREDI
 RES=RESI
 WRES=WRESI
 IWRS=IWRESI
 IPRD=IPREDI
 IRS=IRESI

 EM/BAYES SETUP:
 THETAS THAT ARE MU MODELED:
   1   2   3   4   5
 THETAS THAT ARE GIBBS SAMPLED:
   1   2   3   4   5
 THETAS THAT ARE METROPOLIS-HASTINGS SAMPLED:
 
 SIGMAS THAT ARE GIBBS SAMPLED:
   1
 SIGMAS THAT ARE METROPOLIS-HASTINGS SAMPLED:
 
 OMEGAS ARE GIBBS SAMPLED

 MONITORING OF SEARCH:

 Burn-in Mode
 iteration         -500 MCMCOBJ=    33542.277785711623     
 iteration         -490 MCMCOBJ=    28808.050930343165     
 iteration         -480 MCMCOBJ=    28633.256812257074     
 iteration         -470 MCMCOBJ=    28479.680044209508     
 iteration         -460 MCMCOBJ=    28374.162791116141     
 iteration         -450 MCMCOBJ=    28454.613010046844     
 iteration         -440 MCMCOBJ=    28465.255465604703     
 iteration         -430 MCMCOBJ=    28439.845917026061     
 iteration         -420 MCMCOBJ=    28508.605565549115     
 iteration         -410 MCMCOBJ=    28401.886706353838     
 iteration         -400 MCMCOBJ=    28330.384077142284     
 iteration         -390 MCMCOBJ=    28429.277884638530     
 iteration         -380 MCMCOBJ=    28443.825772350818     
 iteration         -370 MCMCOBJ=    28501.593817974641     
 iteration         -360 MCMCOBJ=    28441.440861459421     
 iteration         -350 MCMCOBJ=    28366.408891770803     
 iteration         -340 MCMCOBJ=    28446.524552580162     
 iteration         -330 MCMCOBJ=    28457.052108072399     
 iteration         -320 MCMCOBJ=    28500.636517741572     
 iteration         -310 MCMCOBJ=    28447.514866390207     
 iteration         -300 MCMCOBJ=    28443.372943433380     
 iteration         -290 MCMCOBJ=    28435.014854714991     
 iteration         -280 MCMCOBJ=    28496.914430442310     
 iteration         -270 MCMCOBJ=    28399.231753155615     
 iteration         -260 MCMCOBJ=    28396.636416228797     
 iteration         -250 MCMCOBJ=    28426.583880326103     
 iteration         -240 MCMCOBJ=    28467.240855850618     
 iteration         -230 MCMCOBJ=    28492.292980288392     
 iteration         -220 MCMCOBJ=    28311.198712507823     
 iteration         -210 MCMCOBJ=    28388.010915523104     
 iteration         -200 MCMCOBJ=    28471.844403942108     
 iteration         -190 MCMCOBJ=    28483.150409216509     
 iteration         -180 MCMCOBJ=    28452.408752434050     
 iteration         -170 MCMCOBJ=    28410.514830279779     
 iteration         -160 MCMCOBJ=    28513.603376386469     
 iteration         -150 MCMCOBJ=    28452.603867801117     
 iteration         -140 MCMCOBJ=    28456.272660953320     
 iteration         -130 MCMCOBJ=    28406.310945329271     
 iteration         -120 MCMCOBJ=    28418.298456050670     
 iteration         -110 MCMCOBJ=    28437.707064557515     
 iteration         -100 MCMCOBJ=    28507.418015068597     
 iteration          -90 MCMCOBJ=    28469.707077709943     
 iteration          -80 MCMCOBJ=    28446.843538029545     
 iteration          -70 MCMCOBJ=    28475.944675693856     
 iteration          -60 MCMCOBJ=    28372.041624261932     
 iteration          -50 MCMCOBJ=    28496.348344268055     
 iteration          -40 MCMCOBJ=    28483.690972822380     
 iteration          -30 MCMCOBJ=    28420.992215514489     
 iteration          -20 MCMCOBJ=    28422.409737925649     
 iteration          -10 MCMCOBJ=    28493.448459847077     
 Sampling Mode
 iteration            0 MCMCOBJ=    28425.775602757807     
 iteration           10 MCMCOBJ=    28419.887689248404     
 iteration           20 MCMCOBJ=    28418.485027528146     
 iteration           30 MCMCOBJ=    28457.499842415647     
 iteration           40 MCMCOBJ=    28431.266047898986     
 iteration           50 MCMCOBJ=    28459.811489577358     
 iteration           60 MCMCOBJ=    28268.962470572169     
 iteration           70 MCMCOBJ=    28427.194452583426     
 iteration           80 MCMCOBJ=    28493.292089683589     
 iteration           90 MCMCOBJ=    28494.090475902383     
 iteration          100 MCMCOBJ=    28427.036374192987     
 iteration          110 MCMCOBJ=    28493.446202625026     
 iteration          120 MCMCOBJ=    28374.057284432412     
 iteration          130 MCMCOBJ=    28452.113828585872     
 iteration          140 MCMCOBJ=    28523.727832721350     
 iteration          150 MCMCOBJ=    28491.544672142107     
 iteration          160 MCMCOBJ=    28469.107031059772     
 iteration          170 MCMCOBJ=    28420.452475076778     
 iteration          180 MCMCOBJ=    28537.619970099950     
 iteration          190 MCMCOBJ=    28506.469828938760     
 iteration          200 MCMCOBJ=    28486.552256190909     
 iteration          210 MCMCOBJ=    28435.056664236879     
 iteration          220 MCMCOBJ=    28377.731774742904     
 iteration          230 MCMCOBJ=    28477.205984292559     
 iteration          240 MCMCOBJ=    28492.049862950291     
 iteration          250 MCMCOBJ=    28472.236326651317     
 iteration          260 MCMCOBJ=    28501.830953484317     
 iteration          270 MCMCOBJ=    28439.513325803015     
 iteration          280 MCMCOBJ=    28416.305698166769     
 iteration          290 MCMCOBJ=    28482.932944049273     
 iteration          300 MCMCOBJ=    28482.535168853505     
 iteration          310 MCMCOBJ=    28458.969422066173     
 iteration          320 MCMCOBJ=    28333.314251000196     
 iteration          330 MCMCOBJ=    28473.967683464954     
 iteration          340 MCMCOBJ=    28427.029507558585     
 iteration          350 MCMCOBJ=    28500.861627585709     
 iteration          360 MCMCOBJ=    28540.138950415210     
 iteration          370 MCMCOBJ=    28523.579786033381     
 iteration          380 MCMCOBJ=    28391.478288747388     
 iteration          390 MCMCOBJ=    28589.140688964369     
 iteration          400 MCMCOBJ=    28507.949380805399     
 iteration          410 MCMCOBJ=    28534.829927128114     
 iteration          420 MCMCOBJ=    28408.869220144752     
 iteration          430 MCMCOBJ=    28445.648063872490     
 iteration          440 MCMCOBJ=    28489.908295480804     
 iteration          450 MCMCOBJ=    28547.212463083080     
 iteration          460 MCMCOBJ=    28530.376336530615     
 iteration          470 MCMCOBJ=    28538.469575589752     
 iteration          480 MCMCOBJ=    28381.335509920838     
 iteration          490 MCMCOBJ=    28403.205189975783     
 iteration          500 MCMCOBJ=    28488.106484307868     
 iteration          510 MCMCOBJ=    28516.341172517925     
 iteration          520 MCMCOBJ=    28441.115846549124     
 iteration          530 MCMCOBJ=    28387.919411613915     
 iteration          540 MCMCOBJ=    28412.502400288751     
 iteration          550 MCMCOBJ=    28456.625307794977     
 iteration          560 MCMCOBJ=    28508.354678186497     
 iteration          570 MCMCOBJ=    28517.299320214286     
 iteration          580 MCMCOBJ=    28427.532031408937     
 iteration          590 MCMCOBJ=    28471.645700003548     
 iteration          600 MCMCOBJ=    28524.231851229772     
 iteration          610 MCMCOBJ=    28422.521150666937     
 iteration          620 MCMCOBJ=    28392.020264393530     
 iteration          630 MCMCOBJ=    28503.826447249467     
 iteration          640 MCMCOBJ=    28375.383238942966     
 iteration          650 MCMCOBJ=    28501.751898980820     
 iteration          660 MCMCOBJ=    28508.728488333822     
 iteration          670 MCMCOBJ=    28440.480545716335     
 iteration          680 MCMCOBJ=    28426.772533577492     
 iteration          690 MCMCOBJ=    28385.548621602240     
 iteration          700 MCMCOBJ=    28400.951890465258     
 iteration          710 MCMCOBJ=    28440.255783541419     
 iteration          720 MCMCOBJ=    28539.907227693162     
 iteration          730 MCMCOBJ=    28393.649957135396     
 iteration          740 MCMCOBJ=    28493.608832059774     
 iteration          750 MCMCOBJ=    28500.445326335506     
 iteration          760 MCMCOBJ=    28523.477361429865     
 iteration          770 MCMCOBJ=    28436.026396199111     
 iteration          780 MCMCOBJ=    28439.330975208552     
 iteration          790 MCMCOBJ=    28522.290945103319     
 iteration          800 MCMCOBJ=    28346.239491408931     
 iteration          810 MCMCOBJ=    28413.894561529436     
 iteration          820 MCMCOBJ=    28389.830013775099     
 iteration          830 MCMCOBJ=    28383.105734304841     
 iteration          840 MCMCOBJ=    28458.163820828278     
 iteration          850 MCMCOBJ=    28490.939455841723     
 iteration          860 MCMCOBJ=    28482.565914760857     
 iteration          870 MCMCOBJ=    28521.207079390155     
 iteration          880 MCMCOBJ=    28509.657756544715     
 iteration          890 MCMCOBJ=    28440.699229050075     
 iteration          900 MCMCOBJ=    28433.694799405021     
 iteration          910 MCMCOBJ=    28415.763985507714     
 iteration          920 MCMCOBJ=    28515.507143334573     
 iteration          930 MCMCOBJ=    28420.799507947730     
 iteration          940 MCMCOBJ=    28448.805334016532     
 iteration          950 MCMCOBJ=    28507.226240586184     
 iteration          960 MCMCOBJ=    28407.387768713626     
 iteration          970 MCMCOBJ=    28450.138958253316     
 iteration          980 MCMCOBJ=    28425.063714996024     
 iteration          990 MCMCOBJ=    28387.794875466610     
 iteration         1000 MCMCOBJ=    28407.805318505769     

 #TERM:
 BURN-IN WAS NOT TESTED FOR CONVERGENCE
 STATISTICAL PORTION WAS COMPLETED

 ETABAR IS THE ARITHMETIC MEAN OF THE ETA-ESTIMATES,
 AND THE P-VALUE IS GIVEN FOR THE NULL HYPOTHESIS THAT THE TRUE MEAN IS 0.

 ETABAR:         1.1096E-04 -4.9460E-04 -1.3875E-04  9.8050E-05  5.0887E-04
 SE:             3.1540E-02  2.1478E-02  3.2229E-02  4.8565E-03  3.9853E-03
 N:                     160         160         160         160         160

 P VAL.:         9.9719E-01  9.8163E-01  9.9656E-01  9.8389E-01  8.9840E-01

 ETASHRINKSD(%)  2.1513E+01  9.7867E+00  2.8023E+00  6.1148E+01  6.8118E+01
 ETASHRINKVR(%)  3.8397E+01  1.8616E+01  5.5261E+00  8.4905E+01  8.9835E+01
 EBVSHRINKSD(%)  2.0642E+01  7.0698E+00  1.0032E+00  4.9400E+01  6.8466E+01
 EBVSHRINKVR(%)  3.7023E+01  1.3640E+01  1.9963E+00  7.4396E+01  9.0056E+01
 RELATIVEINF(%)  2.2827E+01  5.5135E+01  8.9265E+01  2.1175E+01  5.1759E+00
 EPSSHRINKSD(%)  7.2292E+00
 EPSSHRINKVR(%)  1.3936E+01

  
 TOTAL DATA POINTS NORMALLY DISTRIBUTED (N):         3142
 N*LOG(2PI) CONSTANT TO OBJECTIVE FUNCTION:    5774.6097426581628     
 OBJECTIVE FUNCTION VALUE WITHOUT CONSTANT:    28456.052919455145     
 OBJECTIVE FUNCTION VALUE WITH CONSTANT:       34230.662662113311     
 REPORTED OBJECTIVE FUNCTION DOES NOT CONTAIN CONSTANT
  
 TOTAL EFFECTIVE ETAS (NIND*NETA):                           800
 NIND*NETA*LOG(2PI) CONSTANT TO OBJECTIVE FUNCTION:    1470.3016531274764     
 OBJECTIVE FUNCTION VALUE WITHOUT CONSTANT:    28456.052919455145     
 OBJECTIVE FUNCTION VALUE WITH CONSTANT:       29926.354572582622     
 REPORTED OBJECTIVE FUNCTION DOES NOT CONTAIN CONSTANT
  
 PRIOR CONSTANT TO OBJECTIVE FUNCTION:    40.730859670953315     
 OBJECTIVE FUNCTION VALUE WITHOUT CONSTANT:    28456.052919455145     
 OBJECTIVE FUNCTION VALUE WITH CONSTANT:       28496.783779126097     
 REPORTED OBJECTIVE FUNCTION DOES NOT CONTAIN CONSTANT
  
 #TERE:
 Elapsed estimation  time in seconds:    70.61
 Elapsed covariance  time in seconds:     0.00
1
 
 
 
 
 
 
 
 
 
 
 
 
 
 
 
 
 
 
 
 
 ************************************************************************************************************************
 ********************                                                                                ********************
 ********************                              MCMC BAYESIAN ANALYSIS                            ********************
 #OBJT:**************                       AVERAGE VALUE OF LIKELIHOOD FUNCTION                     ********************
 ********************                                                                                ********************
 ************************************************************************************************************************
 





 #OBJV:********************************************    28456.053       **************************************************
 #OBJS:********************************************       52.033 (STD) **************************************************
1
 ************************************************************************************************************************
 ********************                                                                                ********************
 ********************                              MCMC BAYESIAN ANALYSIS                            ********************
 ********************                             FINAL PARAMETER ESTIMATE                           ********************
 ********************                                                                                ********************
 ************************************************************************************************************************
 


 THETA - VECTOR OF FIXED EFFECTS PARAMETERS   *********


         TH 1      TH 2      TH 3      TH 4      TH 5     
 
         4.73E-01  4.10E+00  1.10E+00  4.23E+00  1.30E+00
 


 OMEGA - COV MATRIX FOR RANDOM EFFECTS - ETAS  ********


         ETA1      ETA2      ETA3      ETA4      ETA5     
 
 ETA1
+        2.58E-01
 
 ETA2
+        7.79E-02  9.07E-02
 
 ETA3
+        1.39E-01  7.50E-02  1.76E-01
 
 ETA4
+        0.00E+00  0.00E+00  0.00E+00  2.50E-02
 
 ETA5
+        0.00E+00  0.00E+00  0.00E+00  0.00E+00  2.50E-02
 


 SIGMA - COV MATRIX FOR RANDOM EFFECTS - EPSILONS  ****


         EPS1     
 
 EPS1
+        3.94E-02
 
1


 OMEGA - CORR MATRIX FOR RANDOM EFFECTS - ETAS  *******


         ETA1      ETA2      ETA3      ETA4      ETA5     
 
 ETA1
+        5.05E-01
 
 ETA2
+        5.05E-01  3.00E-01
 
 ETA3
+        6.53E-01  5.93E-01  4.19E-01
 
 ETA4
+        0.00E+00  0.00E+00  0.00E+00  1.58E-01
 
 ETA5
+        0.00E+00  0.00E+00  0.00E+00  0.00E+00  1.58E-01
 


 SIGMA - CORR MATRIX FOR RANDOM EFFECTS - EPSILONS  ***


         EPS1     
 
 EPS1
+        1.98E-01
 
1
 ************************************************************************************************************************
 ********************                                                                                ********************
 ********************                              MCMC BAYESIAN ANALYSIS                            ********************
 ********************                STANDARD ERROR OF ESTIMATE (From Sample Variance)               ********************
 ********************                                                                                ********************
 ************************************************************************************************************************
 


 THETA - VECTOR OF FIXED EFFECTS PARAMETERS   *********


         TH 1      TH 2      TH 3      TH 4      TH 5     
 
         6.49E-02  2.84E-02  3.37E-02  2.47E-02  3.73E-02
 


 OMEGA - COV MATRIX FOR RANDOM EFFECTS - ETAS  ********


         ETA1      ETA2      ETA3      ETA4      ETA5     
 
 ETA1
+        5.77E-02
 
 ETA2
+        2.25E-02  1.26E-02
 
 ETA3
+        2.78E-02  1.34E-02  2.03E-02
 
 ETA4
+        0.00E+00  0.00E+00  0.00E+00  0.00E+00
 
 ETA5
+        0.00E+00  0.00E+00  0.00E+00  0.00E+00  0.00E+00
 


 SIGMA - COV MATRIX FOR RANDOM EFFECTS - EPSILONS  ****


         EPS1     
 
 EPS1
+        1.09E-03
 
1


 OMEGA - CORR MATRIX FOR RANDOM EFFECTS - ETAS  *******


         ETA1      ETA2      ETA3      ETA4      ETA5     
 
 ETA1
+        5.64E-02
 
 ETA2
+        9.24E-02  2.08E-02
 
 ETA3
+        7.93E-02  6.17E-02  2.41E-02
 
 ETA4
+        0.00E+00  0.00E+00  0.00E+00  2.66E-08
 
 ETA5
+        0.00E+00  0.00E+00  0.00E+00  0.00E+00  2.66E-08
 


 SIGMA - CORR MATRIX FOR RANDOM EFFECTS - EPSILONS  ***


         EPS1     
 
 EPS1
+        2.75E-03
 
1
 ************************************************************************************************************************
 ********************                                                                                ********************
 ********************                              MCMC BAYESIAN ANALYSIS                            ********************
 ********************               COVARIANCE MATRIX OF ESTIMATE (From Sample Variance)             ********************
 ********************                                                                                ********************
 ************************************************************************************************************************
 

            TH 1      TH 2      TH 3      TH 4      TH 5      OM11      OM12      OM13      OM14      OM15      OM22      OM23  
             OM24      OM25      OM33      OM34      OM35      OM44      OM45      OM55      SG11  
 
 TH 1
+        4.21E-03
 
 TH 2
+        9.13E-04  8.09E-04
 
 TH 3
+        8.00E-04  4.95E-04  1.13E-03
 
 TH 4
+       -3.66E-04 -1.55E-04 -1.36E-05  6.11E-04
 
 TH 5
+       -7.06E-04 -3.48E-04  6.40E-05  1.79E-04  1.39E-03
 
 OM11
+        1.28E-03 -1.33E-04 -5.49E-05 -8.93E-05  2.64E-04  3.33E-03
 
 OM12
+        1.95E-04 -1.09E-04 -7.94E-06  4.32E-05  1.93E-04  9.57E-04  5.06E-04
 
 OM13
+        3.46E-04 -5.12E-05 -1.95E-05 -9.96E-07  8.46E-05  1.07E-03  4.33E-04  7.73E-04
 
 OM14
+       ......... ......... ......... ......... ......... ......... ......... ......... .........
 
 OM15
+       ......... ......... ......... ......... ......... ......... ......... ......... ......... .........
 
 OM22
+       -5.12E-05 -5.60E-05 -1.09E-05  3.62E-05  7.90E-05  2.26E-04  1.82E-04  1.47E-04  0.00E+00  0.00E+00  1.59E-04
 
 OM23
+       -6.35E-05 -4.95E-05 -6.79E-06  3.14E-05  7.73E-05  2.42E-04  1.83E-04  2.30E-04  0.00E+00  0.00E+00  1.23E-04  1.79E-04
 
 OM24
+       ......... ......... ......... ......... ......... ......... ......... ......... ......... ......... ......... .........
         .........
 
 OM25
+       ......... ......... ......... ......... ......... ......... ......... ......... ......... ......... ......... .........
         ......... .........
 
 OM33
+       -4.09E-05 -6.46E-06 -1.37E-05 -1.35E-05 -1.97E-05  2.12E-04  1.34E-04  3.22E-04  0.00E+00  0.00E+00  8.55E-05  1.78E-04
          0.00E+00  0.00E+00  4.11E-04
 
 OM34
+       ......... ......... ......... ......... ......... ......... ......... ......... ......... ......... ......... .........
         ......... ......... ......... .........
 
 OM35
+       ......... ......... ......... ......... ......... ......... ......... ......... ......... ......... ......... .........
         ......... ......... ......... ......... .........
 
 OM44
+       ......... ......... ......... ......... ......... ......... ......... ......... ......... ......... ......... .........
         ......... ......... ......... ......... ......... .........
 
 OM45
+       ......... ......... ......... ......... ......... ......... ......... ......... ......... ......... ......... .........
         ......... ......... ......... ......... ......... ......... .........
 
1

            TH 1      TH 2      TH 3      TH 4      TH 5      OM11      OM12      OM13      OM14      OM15      OM22      OM23  
             OM24      OM25      OM33      OM34      OM35      OM44      OM45      OM55      SG11  
 
 OM55
+       ......... ......... ......... ......... ......... ......... ......... ......... ......... ......... ......... .........
         ......... ......... ......... ......... ......... ......... ......... .........
 
 SG11
+        7.49E-08  1.75E-06  8.65E-07  1.75E-06 -1.31E-07 -2.87E-06 -3.15E-07 -5.05E-07  0.00E+00  0.00E+00  4.64E-08  4.81E-08
          0.00E+00  0.00E+00 -1.44E-06  0.00E+00  0.00E+00  0.00E+00  0.00E+00  0.00E+00  1.19E-06
 
1
 ************************************************************************************************************************
 ********************                                                                                ********************
 ********************                              MCMC BAYESIAN ANALYSIS                            ********************
 ********************              CORRELATION MATRIX OF ESTIMATE (From Sample Variance)             ********************
 ********************                                                                                ********************
 ************************************************************************************************************************
 

            TH 1      TH 2      TH 3      TH 4      TH 5      OM11      OM12      OM13      OM14      OM15      OM22      OM23  
             OM24      OM25      OM33      OM34      OM35      OM44      OM45      OM55      SG11  
 
 TH 1
+        6.49E-02
 
 TH 2
+        4.95E-01  2.84E-02
 
 TH 3
+        3.66E-01  5.17E-01  3.37E-02
 
 TH 4
+       -2.28E-01 -2.20E-01 -1.63E-02  2.47E-02
 
 TH 5
+       -2.92E-01 -3.28E-01  5.09E-02  1.94E-01  3.73E-02
 
 OM11
+        3.41E-01 -8.09E-02 -2.82E-02 -6.26E-02  1.23E-01  5.77E-02
 
 OM12
+        1.34E-01 -1.70E-01 -1.05E-02  7.78E-02  2.30E-01  7.37E-01  2.25E-02
 
 OM13
+        1.92E-01 -6.47E-02 -2.08E-02 -1.45E-03  8.16E-02  6.68E-01  6.93E-01  2.78E-02
 
 OM14
+       ......... ......... ......... ......... ......... ......... ......... ......... .........
 
 OM15
+       ......... ......... ......... ......... ......... ......... ......... ......... ......... .........
 
 OM22
+       -6.27E-02 -1.56E-01 -2.56E-02  1.16E-01  1.68E-01  3.10E-01  6.43E-01  4.19E-01  0.00E+00  0.00E+00  1.26E-02
 
 OM23
+       -7.33E-02 -1.30E-01 -1.51E-02  9.49E-02  1.55E-01  3.14E-01  6.08E-01  6.20E-01  0.00E+00  0.00E+00  7.32E-01  1.34E-02
 
 OM24
+       ......... ......... ......... ......... ......... ......... ......... ......... ......... ......... ......... .........
         .........
 
 OM25
+       ......... ......... ......... ......... ......... ......... ......... ......... ......... ......... ......... .........
         ......... .........
 
 OM33
+       -3.11E-02 -1.12E-02 -2.00E-02 -2.69E-02 -2.60E-02  1.81E-01  2.95E-01  5.71E-01  0.00E+00  0.00E+00  3.34E-01  6.56E-01
          0.00E+00  0.00E+00  2.03E-02
 
 OM34
+       ......... ......... ......... ......... ......... ......... ......... ......... ......... ......... ......... .........
         ......... ......... ......... .........
 
 OM35
+       ......... ......... ......... ......... ......... ......... ......... ......... ......... ......... ......... .........
         ......... ......... ......... ......... .........
 
 OM44
+       ......... ......... ......... ......... ......... ......... ......... ......... ......... ......... ......... .........
         ......... ......... ......... ......... ......... .........
 
 OM45
+       ......... ......... ......... ......... ......... ......... ......... ......... ......... ......... ......... .........
         ......... ......... ......... ......... ......... ......... .........
 
1

            TH 1      TH 2      TH 3      TH 4      TH 5      OM11      OM12      OM13      OM14      OM15      OM22      OM23  
             OM24      OM25      OM33      OM34      OM35      OM44      OM45      OM55      SG11  
 
 OM55
+       ......... ......... ......... ......... ......... ......... ......... ......... ......... ......... ......... .........
         ......... ......... ......... ......... ......... ......... ......... .........
 
 SG11
+        1.06E-03  5.64E-02  2.36E-02  6.49E-02 -3.21E-03 -4.56E-02 -1.28E-02 -1.67E-02  0.00E+00  0.00E+00  3.38E-03  3.30E-03
          0.00E+00  0.00E+00 -6.51E-02  0.00E+00  0.00E+00  0.00E+00  0.00E+00  0.00E+00  1.09E-03
 
1
 ************************************************************************************************************************
 ********************                                                                                ********************
 ********************                              MCMC BAYESIAN ANALYSIS                            ********************
 ********************           INVERSE COVARIANCE MATRIX OF ESTIMATE (From Sample Variance)         ********************
 ********************                                                                                ********************
 ************************************************************************************************************************
 

            TH 1      TH 2      TH 3      TH 4      TH 5      OM11      OM12      OM13      OM14      OM15      OM22      OM23  
             OM24      OM25      OM33      OM34      OM35      OM44      OM45      OM55      SG11  
 
 TH 1
+        4.56E+02
 
 TH 2
+       -3.18E+02  2.38E+03
 
 TH 3
+       -2.00E+02 -8.24E+02  1.41E+03
 
 TH 4
+        9.40E+01  2.84E+02 -1.58E+02  1.85E+03
 
 TH 5
+        1.78E+02  3.70E+02 -3.46E+02 -8.01E+01  9.87E+02
 
 OM11
+       -2.03E+02  1.12E+02  1.35E+02  1.29E+02 -8.47E+01  1.01E+03
 
 OM12
+        3.29E+01  2.85E+02 -2.24E+02 -2.51E+02 -2.66E+02 -1.59E+03  8.81E+03
 
 OM13
+       -1.07E+02 -2.91E+01  9.24E+01 -8.77E+01  4.99E+01 -7.77E+02 -1.56E+03  4.49E+03
 
 OM14
+       ......... ......... ......... ......... ......... ......... ......... ......... .........
 
 OM15
+       ......... ......... ......... ......... ......... ......... ......... ......... ......... .........
 
 OM22
+        3.80E+01  3.11E+01  8.00E+01 -6.70E+01  1.71E+02  3.97E+02 -4.89E+03  1.57E+03  0.00E+00  0.00E+00  1.79E+04
 
 OM23
+        1.96E+02  3.23E+01 -1.87E+02 -1.68E+02 -2.93E+02  7.89E+02 -2.42E+03 -2.35E+03  0.00E+00  0.00E+00 -1.13E+04  2.38E+04
 
 OM24
+       ......... ......... ......... ......... ......... ......... ......... ......... ......... ......... ......... .........
         .........
 
 OM25
+       ......... ......... ......... ......... ......... ......... ......... ......... ......... ......... ......... .........
         ......... .........
 
 OM33
+        1.30E+02 -1.54E+02 -9.41E+00  2.27E+02  2.40E+02  1.76E+02  1.20E+03 -1.93E+03  0.00E+00  0.00E+00  1.36E+03 -5.76E+03
          0.00E+00  0.00E+00  5.72E+03
 
 OM34
+       ......... ......... ......... ......... ......... ......... ......... ......... ......... ......... ......... .........
         ......... ......... ......... .........
 
 OM35
+       ......... ......... ......... ......... ......... ......... ......... ......... ......... ......... ......... .........
         ......... ......... ......... ......... .........
 
 OM44
+       ......... ......... ......... ......... ......... ......... ......... ......... ......... ......... ......... .........
         ......... ......... ......... ......... ......... .........
 
 OM45
+       ......... ......... ......... ......... ......... ......... ......... ......... ......... ......... ......... .........
         ......... ......... ......... ......... ......... ......... .........
 
1

            TH 1      TH 2      TH 3      TH 4      TH 5      OM11      OM12      OM13      OM14      OM15      OM22      OM23  
             OM24      OM25      OM33      OM34      OM35      OM44      OM45      OM55      SG11  
 
 OM55
+       ......... ......... ......... ......... ......... ......... ......... ......... ......... ......... ......... .........
         ......... ......... ......... ......... ......... ......... ......... .........
 
 SG11
+        8.79E+01 -3.12E+03  6.95E+02 -2.54E+03 -3.61E+01  1.40E+03 -3.35E+02 -2.57E+03  0.00E+00  0.00E+00  1.75E+03 -6.95E+03
          0.00E+00  0.00E+00  6.95E+03  0.00E+00  0.00E+00  0.00E+00  0.00E+00  0.00E+00  8.60E+05
 
 Elapsed postprocess time in seconds:     2.74
 Elapsed finaloutput time in seconds:     0.29
 #CPUT: Total CPU Time in Seconds,      215.926
Stop Time:
Sun May 12 08:32:14 EDT 2024
